#
# A fatal error has been detected by the Java Runtime Environment:
#
#  EXCEPTION_ACCESS_VIOLATION (0xc0000005) at pc=0x000000005923584a, pid=5276, tid=0x0000000000000008
#
# JRE version: Java(TM) SE Runtime Environment (8.0_111-b14) (build 1.8.0_111-b14)
# Java VM: Java HotSpot(TM) 64-Bit Server VM (25.111-b14 mixed mode windows-amd64 compressed oops)
# Problematic frame:
# C  [glass.dll+0x2584a]
#
# Failed to write core dump. Minidumps are not enabled by default on client versions of Windows
#
# If you would like to submit a bug report, please visit:
#   http://bugreport.java.com/bugreport/crash.jsp
#

---------------  T H R E A D  ---------------

Current thread (0x0000000017b67800):  VMThread [stack: 0x0000000018c00000,0x0000000018d00000] [id=8]

siginfo: ExceptionCode=0xc0000005, reading address 0x0000000000000000

Registers:
RAX=0x0000000000000000, RBX=0x0000000002fd6ba0, RCX=0x0000000017b67800, RDX=0x0000000002fd6ba0
RSP=0x0000000018cff4d0, RBP=0x000000001a6bc8e0, RSI=0x0000000000000001, RDI=0x0000000000000000
R8 =0x0000000000010002, R9 =0x000000001a6bc8e0, R10=0x0000000000000000, R11=0x0000000000000246
R12=0x000000001a6bc910, R13=0x000000001a6bc8e0, R14=0x000000001a6bc8f0, R15=0x0000000000000000
RIP=0x000000005923584a, EFLAGS=0x0000000000010202

Top of Stack: (sp=0x0000000018cff4d0)
0x0000000018cff4d0:   0000000000000000 0000000059235900
0x0000000018cff4e0:   0000000000000000 000000001a6bc8e0
0x0000000018cff4f0:   0000000059235830 0000000059233224
0x0000000018cff500:   00000000592491b0 00007fffa676c690
0x0000000018cff510:   0000000000000001 0000000002f8f900
0x0000000018cff520:   0000000059233384 0000000059210000
0x0000000018cff530:   00007fff947331b0 00000000592334a6
0x0000000018cff540:   0000000000000001 0000000002f8f900
0x0000000018cff550:   0000000000000000 0000000000000000
0x0000000018cff560:   c000000500000001 0000000018cfe650
0x0000000018cff570:   0000000059233384 00007fff9460a35f
0x0000000018cff580:   0000000000000000 0000000000000001
0x0000000018cff590:   0000000059210000 0000000000000000
0x0000000018cff5a0:   000064a98dd33974 000000000113fdb0
0x0000000018cff5b0:   00007fff91bb4600 0000000002de1600
0x0000000018cff5c0:   0000000002de1600 000000001a675c00 

Instructions: (pc=0x000000005923584a)
0x000000005923582a:   83 c4 20 5d c3 cc 40 53 48 83 ec 20 48 8b 1d cb
0x000000005923583a:   5b 01 00 48 85 db 74 1a e8 19 93 ff ff 48 8b d3
0x000000005923584a:   4c 8b 00 48 8b c8 48 83 c4 20 5b 49 ff a0 b0 00
0x000000005923585a:   00 00 48 83 c4 20 5b c3 cc cc cc cc cc cc cc cc 


Register to memory mapping:

RAX=0x0000000000000000 is an unknown value
RBX=0x0000000002fd6ba0 is a global jni handle
RCX=0x0000000017b67800 is an unknown value
RDX=0x0000000002fd6ba0 is a global jni handle
RSP=0x0000000018cff4d0 is an unknown value
RBP=0x000000001a6bc8e0 is an unknown value
RSI=0x0000000000000001 is an unknown value
RDI=0x0000000000000000 is an unknown value
R8 =0x0000000000010002 is an unknown value
R9 =0x000000001a6bc8e0 is an unknown value
R10=0x0000000000000000 is an unknown value
R11=0x0000000000000246 is an unknown value
R12=0x000000001a6bc910 is an unknown value
R13=0x000000001a6bc8e0 is an unknown value
R14=0x000000001a6bc8f0 is an unknown value
R15=0x0000000000000000 is an unknown value


Stack: [0x0000000018c00000,0x0000000018d00000],  sp=0x0000000018cff4d0,  free space=1021k
Native frames: (J=compiled Java code, j=interpreted, Vv=VM code, C=native code)
C  [glass.dll+0x2584a]
C  [glass.dll+0x23224]
C  [glass.dll+0x234a6]
C  [ntdll.dll+0x2a35f]
C  [ntdll.dll+0x806b]
C  [ntdll.dll+0x7d94]
C  [KERNEL32.DLL+0x1ce6a]
C  [msvcr100.dll+0x20ccd]
V  [jvm.dll+0x212ca5]
V  [jvm.dll+0x24ba27]
V  [jvm.dll+0x24acc6]
V  [jvm.dll+0x24b161]
V  [jvm.dll+0x24b37e]
V  [jvm.dll+0x29c43a]
C  [msvcr100.dll+0x21d9f]
C  [msvcr100.dll+0x21e3b]
C  [KERNEL32.DLL+0x8364]
C  [ntdll.dll+0x670d1]

VM_Operation (0x000000001a939ba0): Exit, mode: safepoint, requested by thread 0x00000000198cf000


---------------  P R O C E S S  ---------------

Java Threads: ( => current thread )
  0x000000001da37800 JavaThread "Prism Font Disposer" daemon [_thread_blocked, id=5380, stack(0x000000001fe80000,0x000000001ff80000)]
  0x000000001d8de800 JavaThread "Thread-3" daemon [_thread_in_native, id=10092, stack(0x000000001e040000,0x000000001e140000)]
  0x000000001d8d9000 JavaThread "JavaFX-Launcher" [_thread_blocked, id=2564, stack(0x000000001e140000,0x000000001e240000)]
  0x00000000198cf000 JavaThread "JavaFX Application Thread" [_thread_blocked, id=8108, stack(0x000000001a840000,0x000000001a940000)]
  0x00000000198c3800 JavaThread "Thread-1" daemon [_thread_blocked, id=1912, stack(0x000000001a740000,0x000000001a840000)]
  0x00000000198a6800 JavaThread "QuantumRenderer-0" daemon [_thread_blocked, id=4528, stack(0x0000000019ee0000,0x0000000019fe0000)]
  0x000000001951e000 JavaThread "Service Thread" daemon [_thread_blocked, id=7876, stack(0x0000000019900000,0x0000000019a00000)]
  0x0000000017ba9000 JavaThread "C1 CompilerThread2" daemon [_thread_blocked, id=4116, stack(0x0000000019400000,0x0000000019500000)]
  0x0000000017ba2800 JavaThread "C2 CompilerThread1" daemon [_thread_blocked, id=12040, stack(0x0000000019300000,0x0000000019400000)]
  0x0000000017b9f800 JavaThread "C2 CompilerThread0" daemon [_thread_blocked, id=7880, stack(0x0000000019200000,0x0000000019300000)]
  0x0000000017b9c000 JavaThread "Attach Listener" daemon [_thread_blocked, id=1212, stack(0x0000000019100000,0x0000000019200000)]
  0x0000000017b9a800 JavaThread "Signal Dispatcher" daemon [_thread_blocked, id=4700, stack(0x0000000019000000,0x0000000019100000)]
  0x0000000017b8a000 JavaThread "Finalizer" daemon [_thread_blocked, id=5248, stack(0x0000000018e00000,0x0000000018f00000)]
  0x0000000002fdf000 JavaThread "Reference Handler" daemon [_thread_blocked, id=8064, stack(0x0000000018d00000,0x0000000018e00000)]
  0x0000000002ef0800 JavaThread "main" [_thread_blocked, id=3656, stack(0x0000000002df0000,0x0000000002ef0000)]

Other Threads:
=>0x0000000017b67800 VMThread [stack: 0x0000000018c00000,0x0000000018d00000] [id=8]

VM state:at safepoint (shutting down)

VM Mutex/Monitor currently owned by a thread:  ([mutex/lock_event])
[0x0000000002debb80] Threads_lock - owner thread: 0x0000000017b67800

Heap:
 PSYoungGen      total 38400K, used 31005K [0x00000000d5980000, 0x00000000d8400000, 0x0000000100000000)
  eden space 33280K, 93% used [0x00000000d5980000,0x00000000d77c7728,0x00000000d7a00000)
  from space 5120K, 0% used [0x00000000d7f00000,0x00000000d7f00000,0x00000000d8400000)
  to   space 5120K, 0% used [0x00000000d7a00000,0x00000000d7a00000,0x00000000d7f00000)
 ParOldGen       total 87552K, used 0K [0x0000000080c00000, 0x0000000086180000, 0x00000000d5980000)
  object space 87552K, 0% used [0x0000000080c00000,0x0000000080c00000,0x0000000086180000)
 Metaspace       used 13964K, capacity 14594K, committed 14720K, reserved 1062912K
  class space    used 1942K, capacity 2122K, committed 2176K, reserved 1048576K

Card table byte_map: [0x00000000123b0000,0x00000000127b0000] byte_map_base: 0x0000000011faa000

Marking Bits: (ParMarkBitMap*) 0x000000005a55a6c0
 Begin Bits: [0x0000000012e60000, 0x0000000014e30000)
 End Bits:   [0x0000000014e30000, 0x0000000016e00000)

Polling page: 0x0000000002b60000

CodeCache: size=245760Kb used=4742Kb max_used=4774Kb free=241017Kb
 bounds [0x0000000002ff0000, 0x00000000034a0000, 0x0000000011ff0000]
 total_blobs=2087 nmethods=1454 adapters=545
 compilation: enabled

Compilation events (10 events):
Event: 6.465 Thread 0x0000000017ba9000 nmethod 1448 0x0000000003478310 code [0x0000000003478480, 0x00000000034787e8]
Event: 6.465 Thread 0x0000000017ba9000 1447       3       javafx.scene.layout.Region::snapSpace (14 bytes)
Event: 6.465 Thread 0x0000000017ba9000 nmethod 1447 0x0000000003477f50 code [0x00000000034780c0, 0x0000000003478288]
Event: 6.465 Thread 0x0000000017ba9000 1453       1       com.sun.javafx.text.TextRun::getGlyphCount (5 bytes)
Event: 6.465 Thread 0x0000000017ba9000 nmethod 1453 0x0000000003477c90 code [0x0000000003477de0, 0x0000000003477ef0]
Event: 6.465 Thread 0x0000000017ba9000 1449       1       com.sun.javafx.font.PrismFontFile::getDefaultAAMode (2 bytes)
Event: 6.466 Thread 0x0000000017ba9000 nmethod 1449 0x00000000034779d0 code [0x0000000003477b20, 0x0000000003477c30]
Event: 6.504 Thread 0x0000000017ba9000 1454       3       java.util.concurrent.LinkedBlockingDeque::unlinkFirst (74 bytes)
Event: 6.505 Thread 0x0000000017ba9000 nmethod 1454 0x000000000347e190 code [0x000000000347e340, 0x000000000347e8a8]
Event: 6.582 Thread 0x0000000017b9f800 nmethod 1445 0x000000000348f550 code [0x000000000348faa0, 0x0000000003494d98]

GC Heap History (0 events):
No events

Deoptimization events (10 events):
Event: 0.435 Thread 0x00000000198cf000 Uncommon trap: reason=class_check action=maybe_recompile pc=0x000000000310e670 method=java.lang.String.equals(Ljava/lang/Object;)Z @ 8
Event: 0.435 Thread 0x00000000198cf000 Uncommon trap: reason=class_check action=maybe_recompile pc=0x000000000310e670 method=java.lang.String.equals(Ljava/lang/Object;)Z @ 8
Event: 0.435 Thread 0x00000000198cf000 Uncommon trap: reason=class_check action=maybe_recompile pc=0x000000000310e670 method=java.lang.String.equals(Ljava/lang/Object;)Z @ 8
Event: 0.458 Thread 0x00000000198cf000 Uncommon trap: reason=unstable_if action=reinterpret pc=0x00000000032db8ac method=java.lang.String.regionMatches(ZILjava/lang/String;II)Z @ 123
Event: 0.470 Thread 0x00000000198cf000 Uncommon trap: reason=class_check action=maybe_recompile pc=0x000000000310e670 method=java.lang.String.equals(Ljava/lang/Object;)Z @ 8
Event: 0.476 Thread 0x00000000198cf000 Uncommon trap: reason=unstable_if action=reinterpret pc=0x00000000032e2e7c method=sun.misc.URLClassPath$JarLoader.ensureOpen()V @ 4
Event: 0.479 Thread 0x00000000198cf000 Uncommon trap: reason=unstable_if action=reinterpret pc=0x00000000031e62c0 method=java.lang.CharacterData.of(I)Ljava/lang/CharacterData; @ 4
Event: 0.484 Thread 0x00000000198cf000 Uncommon trap: reason=unstable_if action=reinterpret pc=0x0000000003294020 method=sun.net.www.ParseUtil.encodePath(Ljava/lang/String;Z)Ljava/lang/String; @ 109
Event: 2.508 Thread 0x00000000198cf000 Uncommon trap: reason=unstable_if action=reinterpret pc=0x0000000003288960 method=java.lang.String.indexOf([CII[CIII)I @ 3
Event: 2.510 Thread 0x00000000198cf000 Uncommon trap: reason=unstable_if action=reinterpret pc=0x00000000033cf2d0 method=java.util.HashMap.isEmpty()Z @ 4

Internal exceptions (10 events):
Event: 0.103 Thread 0x0000000002ef0800 Exception <a 'java/security/PrivilegedActionException'> (0x00000000d5c32eb8) thrown at [C:\re\workspace\8-2-build-windows-amd64-cygwin\jdk8u111\7883\hotspot\src\share\vm\prims\jvm.cpp, line 1386]
Event: 0.103 Thread 0x0000000002ef0800 Exception <a 'java/security/PrivilegedActionException'> (0x00000000d5c330c8) thrown at [C:\re\workspace\8-2-build-windows-amd64-cygwin\jdk8u111\7883\hotspot\src\share\vm\prims\jvm.cpp, line 1386]
Event: 0.103 Thread 0x0000000002ef0800 Exception <a 'java/lang/NullPointerException'> (0x00000000d5c336a0) thrown at [C:\re\workspace\8-2-build-windows-amd64-cygwin\jdk8u111\7883\hotspot\src\share\vm\interpreter\linkResolver.cpp, line 1178]
Event: 0.260 Thread 0x00000000198cf000 Exception <a 'java/lang/NullPointerException'> (0x00000000d654c6c8) thrown at [C:\re\workspace\8-2-build-windows-amd64-cygwin\jdk8u111\7883\hotspot\src\share\vm\interpreter\linkResolver.cpp, line 1178]
Event: 0.260 Thread 0x00000000198cf000 Exception <a 'java/lang/NullPointerException'> (0x00000000d654c6c8) thrown at [C:\re\workspace\8-2-build-windows-amd64-cygwin\jdk8u111\7883\hotspot\src\share\vm\prims\jvm.cpp, line 1390]
Event: 0.336 Thread 0x00000000198cf000 Implicit null exception at 0x00000000032395f5 to 0x00000000032397c5
Event: 0.476 Thread 0x00000000198cf000 Implicit null exception at 0x00000000032e1d8a to 0x00000000032e2e55
Event: 2.485 Thread 0x00000000198cf000 Exception <a 'java/io/FileNotFoundException'> (0x00000000d74adfc0) thrown at [C:\re\workspace\8-2-build-windows-amd64-cygwin\jdk8u111\7883\hotspot\src\share\vm\prims\jni.cpp, line 709]
Event: 2.512 Thread 0x00000000198cf000 Exception <a 'java/io/FileNotFoundException'> (0x00000000d75a9240) thrown at [C:\re\workspace\8-2-build-windows-amd64-cygwin\jdk8u111\7883\hotspot\src\share\vm\prims\jni.cpp, line 709]
Event: 6.593 Thread 0x000000001ddef800 Exception <a 'java/lang/IllegalStateException'> (0x00000000d77274a0) thrown at [C:\re\workspace\8-2-build-windows-amd64-cygwin\jdk8u111\7883\hotspot\src\share\vm\prims\jvm.cpp, line 1390]

Events (10 events):
Event: 6.592 loading class com/sun/javafx/tk/quantum/QuantumRenderer
Event: 6.592 loading class com/sun/javafx/tk/quantum/QuantumRenderer done
Event: 6.593 loading class com/sun/javafx/tk/quantum/QuantumToolkit
Event: 6.593 loading class com/sun/javafx/tk/quantum/QuantumToolkit done
Event: 6.593 loading class java/util/LinkedList$ListItr
Event: 6.593 loading class java/util/LinkedList$ListItr done
Event: 6.593 Thread 0x000000001ddef800 Thread exited: 0x000000001ddef800
Event: 6.593 loading class com/sun/prism/ResourceFactoryListener
Event: 6.593 loading class com/sun/prism/ResourceFactoryListener done
Event: 6.593 Executing VM operation: Exit


Dynamic libraries:
0x00007ff749400000 - 0x00007ff749437000 	C:\Program Files\Java\jre1.8.0_111\bin\javaw.exe
0x00007fff945e0000 - 0x00007fff947b1000 	C:\Windows\SYSTEM32\ntdll.dll
0x00007fff93b40000 - 0x00007fff93beb000 	C:\Windows\System32\KERNEL32.DLL
0x00007fff91950000 - 0x00007fff91b6d000 	C:\Windows\System32\KERNELBASE.dll
0x00007fff93760000 - 0x00007fff93802000 	C:\Windows\System32\ADVAPI32.dll
0x00007fff93e00000 - 0x00007fff93e9e000 	C:\Windows\System32\msvcrt.dll
0x00007fff936f0000 - 0x00007fff93749000 	C:\Windows\System32\sechost.dll
0x00007fff94070000 - 0x00007fff94191000 	C:\Windows\System32\RPCRT4.dll
0x00007fff93bf0000 - 0x00007fff93d55000 	C:\Windows\System32\USER32.dll
0x00007fff91610000 - 0x00007fff9162e000 	C:\Windows\System32\win32u.dll
0x00007fff92110000 - 0x00007fff92144000 	C:\Windows\System32\GDI32.dll
0x00007fff91380000 - 0x00007fff91502000 	C:\Windows\System32\gdi32full.dll
0x00007fff7abd0000 - 0x00007fff7ae49000 	C:\Windows\WinSxS\amd64_microsoft.windows.common-controls_6595b64144ccf1df_6.0.14393.447_none_42191651c6827bb3\COMCTL32.dll
0x00007fff94310000 - 0x00007fff945d8000 	C:\Windows\System32\combase.dll
0x00007fff91510000 - 0x00007fff91605000 	C:\Windows\System32\ucrtbase.dll
0x00007fff916d0000 - 0x00007fff9173a000 	C:\Windows\System32\bcryptPrimitives.dll
0x00007fff94040000 - 0x00007fff9406e000 	C:\Windows\System32\IMM32.DLL
0x000000005a5e0000 - 0x000000005a6b2000 	C:\Program Files\Java\jre1.8.0_111\bin\msvcr100.dll
0x0000000059d40000 - 0x000000005a5da000 	C:\Program Files\Java\jre1.8.0_111\bin\server\jvm.dll
0x00007fff92100000 - 0x00007fff92108000 	C:\Windows\System32\PSAPI.DLL
0x00007fff88990000 - 0x00007fff88999000 	C:\Windows\SYSTEM32\WSOCK32.dll
0x00007fff8d500000 - 0x00007fff8d50a000 	C:\Windows\SYSTEM32\VERSION.dll
0x00007fff8e4e0000 - 0x00007fff8e503000 	C:\Windows\SYSTEM32\WINMM.dll
0x00007fff938d0000 - 0x00007fff9393a000 	C:\Windows\System32\WS2_32.dll
0x00000000010f0000 - 0x000000000111b000 	C:\Windows\SYSTEM32\WINMMBASE.dll
0x00007fff91850000 - 0x00007fff91892000 	C:\Windows\System32\cfgmgr32.dll
0x000000005b160000 - 0x000000005b16f000 	C:\Program Files\Java\jre1.8.0_111\bin\verify.dll
0x000000005b130000 - 0x000000005b159000 	C:\Program Files\Java\jre1.8.0_111\bin\java.dll
0x000000005b110000 - 0x000000005b126000 	C:\Program Files\Java\jre1.8.0_111\bin\zip.dll
0x00007fff921e0000 - 0x00007fff936e9000 	C:\Windows\System32\SHELL32.dll
0x00007fff90ca0000 - 0x00007fff9137a000 	C:\Windows\System32\windows.storage.dll
0x00007fff90a60000 - 0x00007fff90aac000 	C:\Windows\System32\powrprof.dll
0x00007fff92180000 - 0x00007fff921d2000 	C:\Windows\System32\shlwapi.dll
0x00007fff90a50000 - 0x00007fff90a5f000 	C:\Windows\System32\kernel.appcore.dll
0x00007fff918a0000 - 0x00007fff91949000 	C:\Windows\System32\shcore.dll
0x00007fff90ab0000 - 0x00007fff90ac4000 	C:\Windows\System32\profapi.dll
0x00007fff746a0000 - 0x00007fff7478f000 	C:\Program Files\Java\jre1.8.0_111\bin\msvcr120.dll
0x00007fff712d0000 - 0x00007fff71376000 	C:\Program Files\Java\jre1.8.0_111\bin\msvcp120.dll
0x0000000059d10000 - 0x0000000059d32000 	C:\Program Files\Java\jre1.8.0_111\bin\prism_d3d.dll
0x00007fff7d160000 - 0x00007fff7d2ed000 	C:\Windows\system32\d3d9.dll
0x00007fff8e7c0000 - 0x00007fff8e7e6000 	C:\Windows\SYSTEM32\dwmapi.dll
0x00007fff8efe0000 - 0x00007fff8f075000 	C:\Windows\system32\uxtheme.dll
0x00007fff8d510000 - 0x00007fff8d68f000 	C:\Windows\System32\DriverStore\FileRepository\c0308178.inf_amd64_7bd007391790106e\aticfx64.dll
0x00007fff7ba90000 - 0x00007fff7bab9000 	C:\Windows\System32\DriverStore\FileRepository\c0308178.inf_amd64_7bd007391790106e\atiu9p64.dll
0x00007fff62740000 - 0x00007fff62fbf000 	C:\Windows\System32\DriverStore\FileRepository\c0308178.inf_amd64_7bd007391790106e\atiumd64.dll
0x0000000059260000 - 0x0000000059d08000 	C:\Windows\System32\DriverStore\FileRepository\c0308178.inf_amd64_7bd007391790106e\atiumd6a.dll
0x0000000059210000 - 0x0000000059253000 	C:\Program Files\Java\jre1.8.0_111\bin\glass.dll
0x00007fff94210000 - 0x00007fff9430a000 	C:\Windows\System32\COMDLG32.dll
0x00007fff93940000 - 0x00007fff93a77000 	C:\Windows\System32\ole32.dll
0x00007fff93810000 - 0x00007fff938cf000 	C:\Windows\System32\OLEAUT32.dll
0x00007fff91630000 - 0x00007fff916cc000 	C:\Windows\System32\msvcp_win.dll
0x00007fff91b70000 - 0x00007fff91ccb000 	C:\Windows\System32\MSCTF.dll
0x00000000591f0000 - 0x0000000059204000 	C:\Program Files\Java\jre1.8.0_111\bin\javafx_font.dll
0x00007fff8a640000 - 0x00007fff8a8a9000 	C:\Windows\SYSTEM32\dwrite.dll
0x00000000591c0000 - 0x00000000591e3000 	C:\Program Files\Java\jre1.8.0_111\bin\javafx_iio.dll
0x00007fff93d60000 - 0x00007fff93dff000 	C:\Windows\System32\clbcatq.dll
0x00007fff8e610000 - 0x00007fff8e7b8000 	C:\Windows\SYSTEM32\WindowsCodecs.dll
0x00007fff88340000 - 0x00007fff88389000 	C:\Windows\system32\dataexchange.dll
0x00007fff8dd40000 - 0x00007fff8dff6000 	C:\Windows\system32\d3d11.dll
0x00007fff8e970000 - 0x00007fff8eac1000 	C:\Windows\system32\dcomp.dll
0x00007fff8f820000 - 0x00007fff8f8bf000 	C:\Windows\system32\dxgi.dll
0x00007fff8f380000 - 0x00007fff8f49c000 	C:\Windows\system32\twinapi.appcore.dll
0x00007fff90980000 - 0x00007fff909ab000 	C:\Windows\system32\bcrypt.dll
0x00007fff76cb0000 - 0x00007fff76ce2000 	C:\Program Files\Common Files\Microsoft Shared\Ink\rtscom.dll
0x00000000591a0000 - 0x00000000591b1000 	C:\Program Files\Java\jre1.8.0_111\bin\prism_common.dll
0x00007fff89240000 - 0x00007fff893d2000 	C:\Windows\SYSTEM32\dbghelp.dll

VM Arguments:
jvm_args: -Dfile.encoding=Cp1250 
java_command: application.Main
java_class_path (initial): H:\Projekty\alleyOfDeath\bin;C:\Users\Famiru\.p2\pool\plugins\org.eclipse.fx.ide.css.jfx8_2.4.0.201605112122.jar
Launcher Type: SUN_STANDARD

Environment Variables:
PATH=C:/Program Files/Java/jre1.8.0_112/bin/server;C:/Program Files/Java/jre1.8.0_112/bin;C:/Program Files/Java/jre1.8.0_112/lib/amd64;C:\Program Files (x86)\NVIDIA Corporation\PhysX\Common;C:\ProgramData\Oracle\Java\javapath;C:\Windows\system32;C:\Windows;C:\Windows\System32\Wbem;C:\Windows\System32\WindowsPowerShell\v1.0\;C:\Program Files (x86)\Skype\Phone\;C:\Users\Famiru\AppData\Local\Microsoft\WindowsApps;;C:\Users\Famiru\Desktop\Programs;
USERNAME=Famiru
OS=Windows_NT
PROCESSOR_IDENTIFIER=Intel64 Family 6 Model 60 Stepping 3, GenuineIntel



---------------  S Y S T E M  ---------------

OS: Windows 10.0 , 64 bit Build 14393 (10.0.14393.0)

CPU:total 4 (4 cores per cpu, 1 threads per core) family 6 model 60 stepping 3, cmov, cx8, fxsr, mmx, sse, sse2, sse3, ssse3, sse4.1, sse4.2, popcnt, avx, avx2, aes, clmul, erms, lzcnt, tsc, tscinvbit, bmi1, bmi2

Memory: 4k page, physical 8336776k(3774724k free), swap 9734784k(3555400k free)

vm_info: Java HotSpot(TM) 64-Bit Server VM (25.111-b14) for windows-amd64 JRE (1.8.0_111-b14), built on Sep 22 2016 19:24:05 by "java_re" with MS VC++ 10.0 (VS2010)

time: Fri Jan 20 15:38:19 2017
elapsed time: 6 seconds (0d 0h 0m 6s)

