#
# A fatal error has been detected by the Java Runtime Environment:
#
#  EXCEPTION_ACCESS_VIOLATION (0xc0000005) at pc=0x000000005aca584a, pid=10752, tid=0x00000000000019bc
#
# JRE version: Java(TM) SE Runtime Environment (8.0_111-b14) (build 1.8.0_111-b14)
# Java VM: Java HotSpot(TM) 64-Bit Server VM (25.111-b14 mixed mode windows-amd64 compressed oops)
# Problematic frame:
# C  [glass.dll+0x2584a]
#
# Failed to write core dump. Minidumps are not enabled by default on client versions of Windows
#
# If you would like to submit a bug report, please visit:
#   http://bugreport.java.com/bugreport/crash.jsp
#

---------------  T H R E A D  ---------------

Current thread (0x00000000178c7800):  VMThread [stack: 0x0000000018950000,0x0000000018a50000] [id=6588]

siginfo: ExceptionCode=0xc0000005, reading address 0x0000000000000000

Registers:
RAX=0x0000000000000000, RBX=0x0000000019ac82e8, RCX=0x00000000178c7800, RDX=0x0000000019ac82e8
RSP=0x0000000018a4f3c0, RBP=0x000000001a7d73c0, RSI=0x0000000000000001, RDI=0x0000000000000000
R8 =0x0000000000010002, R9 =0x000000001a7d73c0, R10=0x0000000000000000, R11=0x0000000000000246
R12=0x000000001a7d73f0, R13=0x000000001a7d73c0, R14=0x000000001a7d73d0, R15=0x0000000000000000
RIP=0x000000005aca584a, EFLAGS=0x0000000000010206

Top of Stack: (sp=0x0000000018a4f3c0)
0x0000000018a4f3c0:   0000000000000000 000000005aca5900
0x0000000018a4f3d0:   0000000000000000 000000001a7d73c0
0x0000000018a4f3e0:   000000005aca5830 000000005aca3224
0x0000000018a4f3f0:   000000005acb91b0 00007ffdf566ff8a
0x0000000018a4f400:   0000000000000001 0000000002cef410
0x0000000018a4f410:   000000005aca3384 000000005ac80000
0x0000000018a4f420:   00007ffd210431b0 000000005aca34a6
0x0000000018a4f430:   0000000000000001 0000000002cef410
0x0000000018a4f440:   0000000000000000 0000000000000000
0x0000000018a4f450:   c000000500000001 0000000018a4e550
0x0000000018a4f460:   000000005aca3384 00007ffd20f1a35f
0x0000000018a4f470:   0000000000000000 0000000000000001
0x0000000018a4f480:   000000005ac80000 0000000000000000
0x0000000018a4f490:   00002e3cfa32037f 0000000000de1ac0
0x0000000018a4f4a0:   00007ffd201f4600 0000000001231600
0x0000000018a4f4b0:   0000000001231600 000000001a794c00 

Instructions: (pc=0x000000005aca584a)
0x000000005aca582a:   83 c4 20 5d c3 cc 40 53 48 83 ec 20 48 8b 1d cb
0x000000005aca583a:   5b 01 00 48 85 db 74 1a e8 19 93 ff ff 48 8b d3
0x000000005aca584a:   4c 8b 00 48 8b c8 48 83 c4 20 5b 49 ff a0 b0 00
0x000000005aca585a:   00 00 48 83 c4 20 5b c3 cc cc cc cc cc cc cc cc 


Register to memory mapping:

RAX=0x0000000000000000 is an unknown value
RBX=0x0000000019ac82e8 is a global jni handle
RCX=0x00000000178c7800 is an unknown value
RDX=0x0000000019ac82e8 is a global jni handle
RSP=0x0000000018a4f3c0 is an unknown value
RBP=0x000000001a7d73c0 is an unknown value
RSI=0x0000000000000001 is an unknown value
RDI=0x0000000000000000 is an unknown value
R8 =0x0000000000010002 is an unknown value
R9 =0x000000001a7d73c0 is an unknown value
R10=0x0000000000000000 is an unknown value
R11=0x0000000000000246 is an unknown value
R12=0x000000001a7d73f0 is an unknown value
R13=0x000000001a7d73c0 is an unknown value
R14=0x000000001a7d73d0 is an unknown value
R15=0x0000000000000000 is an unknown value


Stack: [0x0000000018950000,0x0000000018a50000],  sp=0x0000000018a4f3c0,  free space=1020k
Native frames: (J=compiled Java code, j=interpreted, Vv=VM code, C=native code)
C  [glass.dll+0x2584a]
C  [glass.dll+0x23224]
C  [glass.dll+0x234a6]
C  [ntdll.dll+0x2a35f]
C  [ntdll.dll+0x806b]
C  [ntdll.dll+0x7d94]
C  [KERNEL32.DLL+0x1ce6a]
C  [msvcr100.dll+0x20ccd]
V  [jvm.dll+0x212ca5]
V  [jvm.dll+0x24ba27]
V  [jvm.dll+0x24acc6]
V  [jvm.dll+0x24b161]
V  [jvm.dll+0x24b37e]
V  [jvm.dll+0x29c43a]
C  [msvcr100.dll+0x21d9f]
C  [msvcr100.dll+0x21e3b]
C  [KERNEL32.DLL+0x8364]
C  [ntdll.dll+0x670d1]

VM_Operation (0x000000001aa59ae0): Exit, mode: safepoint, requested by thread 0x00000000199a9000


---------------  P R O C E S S  ---------------

Java Threads: ( => current thread )
  0x0000000019c37800 JavaThread "Prism Font Disposer" daemon [_thread_blocked, id=15560, stack(0x000000001f910000,0x000000001fa10000)]
  0x0000000019a02000 JavaThread "Thread-3" daemon [_thread_in_native, id=12552, stack(0x000000001d960000,0x000000001da60000)]
  0x000000001963a000 JavaThread "JavaFX-Launcher" [_thread_blocked, id=10980, stack(0x000000001da60000,0x000000001db60000)]
  0x00000000199a9000 JavaThread "JavaFX Application Thread" [_thread_blocked, id=11692, stack(0x000000001a960000,0x000000001aa60000)]
  0x00000000199a4800 JavaThread "Thread-1" daemon [_thread_blocked, id=8904, stack(0x000000001a860000,0x000000001a960000)]
  0x00000000195ea000 JavaThread "QuantumRenderer-0" daemon [_thread_blocked, id=11932, stack(0x000000001a190000,0x000000001a290000)]
  0x0000000019288800 JavaThread "Service Thread" daemon [_thread_blocked, id=6628, stack(0x0000000019650000,0x0000000019750000)]
  0x0000000017904000 JavaThread "C1 CompilerThread2" daemon [_thread_blocked, id=13872, stack(0x0000000019150000,0x0000000019250000)]
  0x0000000017902800 JavaThread "C2 CompilerThread1" daemon [_thread_blocked, id=11376, stack(0x0000000019050000,0x0000000019150000)]
  0x00000000178fd800 JavaThread "C2 CompilerThread0" daemon [_thread_blocked, id=8276, stack(0x0000000018f50000,0x0000000019050000)]
  0x00000000178fc000 JavaThread "Attach Listener" daemon [_thread_blocked, id=5540, stack(0x0000000018e50000,0x0000000018f50000)]
  0x00000000178fb000 JavaThread "Signal Dispatcher" daemon [_thread_blocked, id=4128, stack(0x0000000018d50000,0x0000000018e50000)]
  0x00000000178ea000 JavaThread "Finalizer" daemon [_thread_blocked, id=6108, stack(0x0000000018b50000,0x0000000018c50000)]
  0x0000000002d3f000 JavaThread "Reference Handler" daemon [_thread_blocked, id=10716, stack(0x0000000018a50000,0x0000000018b50000)]
  0x0000000002c50800 JavaThread "main" [_thread_blocked, id=6396, stack(0x0000000002b50000,0x0000000002c50000)]

Other Threads:
=>0x00000000178c7800 VMThread [stack: 0x0000000018950000,0x0000000018a50000] [id=6588]

VM state:at safepoint (shutting down)

VM Mutex/Monitor currently owned by a thread:  ([mutex/lock_event])
[0x000000000123c3d0] Threads_lock - owner thread: 0x00000000178c7800

Heap:
 PSYoungGen      total 38400K, used 28974K [0x00000000d5980000, 0x00000000d8400000, 0x0000000100000000)
  eden space 33280K, 87% used [0x00000000d5980000,0x00000000d75cb800,0x00000000d7a00000)
  from space 5120K, 0% used [0x00000000d7f00000,0x00000000d7f00000,0x00000000d8400000)
  to   space 5120K, 0% used [0x00000000d7a00000,0x00000000d7a00000,0x00000000d7f00000)
 ParOldGen       total 87552K, used 0K [0x0000000080c00000, 0x0000000086180000, 0x00000000d5980000)
  object space 87552K, 0% used [0x0000000080c00000,0x0000000080c00000,0x0000000086180000)
 Metaspace       used 12627K, capacity 13178K, committed 13184K, reserved 1060864K
  class space    used 1741K, capacity 1918K, committed 1920K, reserved 1048576K

Card table byte_map: [0x0000000012110000,0x0000000012510000] byte_map_base: 0x0000000011d0a000

Marking Bits: (ParMarkBitMap*) 0x000000005c02a6c0
 Begin Bits: [0x0000000012bc0000, 0x0000000014b90000)
 End Bits:   [0x0000000014b90000, 0x0000000016b60000)

Polling page: 0x0000000000db0000

CodeCache: size=245760Kb used=4568Kb max_used=4570Kb free=241191Kb
 bounds [0x0000000002d50000, 0x00000000031d0000, 0x0000000011d50000]
 total_blobs=1999 nmethods=1380 adapters=531
 compilation: enabled

Compilation events (10 events):
Event: 4.472 Thread 0x0000000017904000 nmethod 1376 0x00000000031bd350 code [0x00000000031bd500, 0x00000000031bda68]
Event: 4.472 Thread 0x0000000017904000 1377       3       java.util.concurrent.locks.ReentrantLock$NonfairSync::lock (25 bytes)
Event: 4.472 Thread 0x0000000017904000 nmethod 1377 0x00000000031bc6d0 code [0x00000000031bc8a0, 0x00000000031bd0f8]
Event: 4.499 Thread 0x00000000178fd800 nmethod 1370 0x00000000031c3610 code [0x00000000031c3940, 0x00000000031c60e8]
Event: 4.533 Thread 0x0000000017904000 1378       3       javafx.beans.property.DoublePropertyBase::set (111 bytes)
Event: 4.534 Thread 0x0000000017904000 nmethod 1378 0x00000000031c1090 code [0x00000000031c13a0, 0x00000000031c2c98]
Event: 4.534 Thread 0x0000000017904000 1379       3       javafx.scene.Node::sceneToLocal (21 bytes)
Event: 4.535 Thread 0x0000000017904000 nmethod 1379 0x00000000031ba690 code [0x00000000031ba920, 0x00000000031bbf48]
Event: 4.535 Thread 0x0000000017904000 1380       3       javafx.scene.Node::parentToLocal (15 bytes)
Event: 4.535 Thread 0x0000000017904000 nmethod 1380 0x00000000031c0b50 code [0x00000000031c0cc0, 0x00000000031c0f98]

GC Heap History (0 events):
No events

Deoptimization events (10 events):
Event: 0.411 Thread 0x00000000199a9000 Uncommon trap: reason=class_check action=maybe_recompile pc=0x0000000002f85260 method=java.io.DataInputStream.readShort()S @ 4
Event: 0.415 Thread 0x00000000199a9000 Uncommon trap: reason=class_check action=maybe_recompile pc=0x0000000002e6ddb0 method=java.lang.String.equals(Ljava/lang/Object;)Z @ 8
Event: 0.415 Thread 0x00000000199a9000 Uncommon trap: reason=class_check action=maybe_recompile pc=0x0000000002e6ddb0 method=java.lang.String.equals(Ljava/lang/Object;)Z @ 8
Event: 0.415 Thread 0x00000000199a9000 Uncommon trap: reason=class_check action=maybe_recompile pc=0x0000000002e6ddb0 method=java.lang.String.equals(Ljava/lang/Object;)Z @ 8
Event: 0.447 Thread 0x00000000199a9000 Uncommon trap: reason=class_check action=maybe_recompile pc=0x0000000002e6ddb0 method=java.lang.String.equals(Ljava/lang/Object;)Z @ 8
Event: 0.456 Thread 0x00000000199a9000 Uncommon trap: reason=unstable_if action=reinterpret pc=0x0000000002f3de00 method=java.lang.CharacterData.of(I)Ljava/lang/CharacterData; @ 4
Event: 0.462 Thread 0x00000000199a9000 Uncommon trap: reason=unstable_if action=reinterpret pc=0x0000000002ff88a0 method=sun.net.www.ParseUtil.encodePath(Ljava/lang/String;Z)Ljava/lang/String; @ 109
Event: 1.337 Thread 0x00000000199a9000 Uncommon trap: reason=unstable_if action=reinterpret pc=0x0000000003007528 method=jdk.internal.org.objectweb.asm.Type.getArgumentsAndReturnSizes(Ljava/lang/String;)I @ 47
Event: 2.268 Thread 0x00000000199a9000 Uncommon trap: reason=unstable_if action=reinterpret pc=0x0000000003104950 method=java.util.HashMap.isEmpty()Z @ 4
Event: 3.311 Thread 0x00000000199a9000 Uncommon trap: reason=class_check action=maybe_recompile pc=0x000000000302b0c0 method=sun.misc.URLClassPath.getLoader(I)Lsun/misc/URLClassPath$Loader; @ 193

Internal exceptions (10 events):
Event: 0.089 Thread 0x0000000002c50800 Exception <a 'java/lang/NoSuchFieldError': method resolution failed> (0x00000000d5ba48e8) thrown at [C:\re\workspace\8-2-build-windows-amd64-cygwin\jdk8u111\7883\hotspot\src\share\vm\prims\methodHandles.cpp, line 1146]
Event: 0.103 Thread 0x0000000002c50800 Exception <a 'java/security/PrivilegedActionException'> (0x00000000d5c2ec40) thrown at [C:\re\workspace\8-2-build-windows-amd64-cygwin\jdk8u111\7883\hotspot\src\share\vm\prims\jvm.cpp, line 1386]
Event: 0.104 Thread 0x0000000002c50800 Exception <a 'java/security/PrivilegedActionException'> (0x00000000d5c2ee50) thrown at [C:\re\workspace\8-2-build-windows-amd64-cygwin\jdk8u111\7883\hotspot\src\share\vm\prims\jvm.cpp, line 1386]
Event: 0.104 Thread 0x0000000002c50800 Exception <a 'java/security/PrivilegedActionException'> (0x00000000d5c32a98) thrown at [C:\re\workspace\8-2-build-windows-amd64-cygwin\jdk8u111\7883\hotspot\src\share\vm\prims\jvm.cpp, line 1386]
Event: 0.104 Thread 0x0000000002c50800 Exception <a 'java/security/PrivilegedActionException'> (0x00000000d5c32ca8) thrown at [C:\re\workspace\8-2-build-windows-amd64-cygwin\jdk8u111\7883\hotspot\src\share\vm\prims\jvm.cpp, line 1386]
Event: 0.104 Thread 0x0000000002c50800 Exception <a 'java/lang/NullPointerException'> (0x00000000d5c33280) thrown at [C:\re\workspace\8-2-build-windows-amd64-cygwin\jdk8u111\7883\hotspot\src\share\vm\interpreter\linkResolver.cpp, line 1178]
Event: 0.259 Thread 0x00000000199a9000 Exception <a 'java/lang/NullPointerException'> (0x00000000d651d428) thrown at [C:\re\workspace\8-2-build-windows-amd64-cygwin\jdk8u111\7883\hotspot\src\share\vm\interpreter\linkResolver.cpp, line 1178]
Event: 0.259 Thread 0x00000000199a9000 Exception <a 'java/lang/NullPointerException'> (0x00000000d651d428) thrown at [C:\re\workspace\8-2-build-windows-amd64-cygwin\jdk8u111\7883\hotspot\src\share\vm\prims\jvm.cpp, line 1390]
Event: 0.332 Thread 0x00000000199a9000 Implicit null exception at 0x0000000002f94c35 to 0x0000000002f94e05
Event: 4.537 Thread 0x0000000019dca800 Exception <a 'java/lang/IllegalStateException'> (0x00000000d752b578) thrown at [C:\re\workspace\8-2-build-windows-amd64-cygwin\jdk8u111\7883\hotspot\src\share\vm\prims\jvm.cpp, line 1390]

Events (10 events):
Event: 4.536 loading class com/sun/javafx/tk/quantum/QuantumRenderer
Event: 4.536 loading class com/sun/javafx/tk/quantum/QuantumRenderer done
Event: 4.536 loading class com/sun/javafx/tk/quantum/QuantumToolkit
Event: 4.536 loading class com/sun/javafx/tk/quantum/QuantumToolkit done
Event: 4.536 loading class java/util/LinkedList$ListItr
Event: 4.537 loading class java/util/LinkedList$ListItr done
Event: 4.537 loading class com/sun/prism/ResourceFactoryListener
Event: 4.537 loading class com/sun/prism/ResourceFactoryListener done
Event: 4.537 Thread 0x0000000019dca800 Thread exited: 0x0000000019dca800
Event: 4.537 Executing VM operation: Exit


Dynamic libraries:
0x00007ff764110000 - 0x00007ff764147000 	C:\Program Files\Java\jre1.8.0_111\bin\javaw.exe
0x00007ffd20ef0000 - 0x00007ffd210c1000 	C:\Windows\SYSTEM32\ntdll.dll
0x00007ffd20d90000 - 0x00007ffd20e3b000 	C:\Windows\System32\KERNEL32.DLL
0x00007ffd1dd20000 - 0x00007ffd1df3d000 	C:\Windows\System32\KERNELBASE.dll
0x00007ffd20e40000 - 0x00007ffd20ee2000 	C:\Windows\System32\ADVAPI32.dll
0x00007ffd206e0000 - 0x00007ffd2077e000 	C:\Windows\System32\msvcrt.dll
0x00007ffd20b80000 - 0x00007ffd20bd9000 	C:\Windows\System32\sechost.dll
0x00007ffd20780000 - 0x00007ffd208a1000 	C:\Windows\System32\RPCRT4.dll
0x00007ffd20020000 - 0x00007ffd20185000 	C:\Windows\System32\USER32.dll
0x00007ffd1dca0000 - 0x00007ffd1dcbe000 	C:\Windows\System32\win32u.dll
0x00007ffd20ce0000 - 0x00007ffd20d14000 	C:\Windows\System32\GDI32.dll
0x00007ffd1d3e0000 - 0x00007ffd1d562000 	C:\Windows\System32\gdi32full.dll
0x00007ffd14770000 - 0x00007ffd149e9000 	C:\Windows\WinSxS\amd64_microsoft.windows.common-controls_6595b64144ccf1df_6.0.14393.447_none_42191651c6827bb3\COMCTL32.dll
0x00007ffd20370000 - 0x00007ffd20638000 	C:\Windows\System32\combase.dll
0x00007ffd1dff0000 - 0x00007ffd1e0e5000 	C:\Windows\System32\ucrtbase.dll
0x00007ffd1e190000 - 0x00007ffd1e1fa000 	C:\Windows\System32\bcryptPrimitives.dll
0x00007ffd1e4e0000 - 0x00007ffd1e50e000 	C:\Windows\System32\IMM32.DLL
0x000000005c0b0000 - 0x000000005c182000 	C:\Program Files\Java\jre1.8.0_111\bin\msvcr100.dll
0x000000005b810000 - 0x000000005c0aa000 	C:\Program Files\Java\jre1.8.0_111\bin\server\jvm.dll
0x00007ffd1fb60000 - 0x00007ffd1fb68000 	C:\Windows\System32\PSAPI.DLL
0x00007ffd195f0000 - 0x00007ffd195f9000 	C:\Windows\SYSTEM32\WSOCK32.dll
0x00007ffd1b2e0000 - 0x00007ffd1b303000 	C:\Windows\SYSTEM32\WINMM.dll
0x00007ffd20d20000 - 0x00007ffd20d8a000 	C:\Windows\System32\WS2_32.dll
0x0000000000d80000 - 0x0000000000dab000 	C:\Windows\SYSTEM32\WINMMBASE.dll
0x00007ffd194a0000 - 0x00007ffd194aa000 	C:\Windows\SYSTEM32\VERSION.dll
0x00007ffd1d570000 - 0x00007ffd1d5b2000 	C:\Windows\System32\cfgmgr32.dll
0x000000005b800000 - 0x000000005b80f000 	C:\Program Files\Java\jre1.8.0_111\bin\verify.dll
0x000000005b7d0000 - 0x000000005b7f9000 	C:\Program Files\Java\jre1.8.0_111\bin\java.dll
0x000000005b7b0000 - 0x000000005b7c6000 	C:\Program Files\Java\jre1.8.0_111\bin\zip.dll
0x00007ffd1e510000 - 0x00007ffd1fa19000 	C:\Windows\System32\SHELL32.dll
0x00007ffd1d5c0000 - 0x00007ffd1dc9a000 	C:\Windows\System32\windows.storage.dll
0x00007ffd1d360000 - 0x00007ffd1d3ac000 	C:\Windows\System32\powrprof.dll
0x00007ffd20310000 - 0x00007ffd20362000 	C:\Windows\System32\shlwapi.dll
0x00007ffd1d350000 - 0x00007ffd1d35f000 	C:\Windows\System32\kernel.appcore.dll
0x00007ffd1df40000 - 0x00007ffd1dfe9000 	C:\Windows\System32\shcore.dll
0x00007ffd1d3b0000 - 0x00007ffd1d3c4000 	C:\Windows\System32\profapi.dll
0x00007ffcf9050000 - 0x00007ffcf913f000 	C:\Program Files\Java\jre1.8.0_111\bin\msvcr120.dll
0x00007ffcfbde0000 - 0x00007ffcfbe86000 	C:\Program Files\Java\jre1.8.0_111\bin\msvcp120.dll
0x000000005b780000 - 0x000000005b7a2000 	C:\Program Files\Java\jre1.8.0_111\bin\prism_d3d.dll
0x00007ffd15d10000 - 0x00007ffd15e9d000 	C:\Windows\system32\d3d9.dll
0x00007ffd1b360000 - 0x00007ffd1b386000 	C:\Windows\SYSTEM32\dwmapi.dll
0x00007ffd1b8f0000 - 0x00007ffd1b985000 	C:\Windows\system32\uxtheme.dll
0x00007ffd18620000 - 0x00007ffd1879f000 	C:\Windows\System32\DriverStore\FileRepository\c0308178.inf_amd64_7bd007391790106e\aticfx64.dll
0x00007ffd0a690000 - 0x00007ffd0a6b9000 	C:\Windows\System32\DriverStore\FileRepository\c0308178.inf_amd64_7bd007391790106e\atiu9p64.dll
0x00007ffceac50000 - 0x00007ffceb4cf000 	C:\Windows\System32\DriverStore\FileRepository\c0308178.inf_amd64_7bd007391790106e\atiumd64.dll
0x000000005acd0000 - 0x000000005b778000 	C:\Windows\System32\DriverStore\FileRepository\c0308178.inf_amd64_7bd007391790106e\atiumd6a.dll
0x000000005ac80000 - 0x000000005acc3000 	C:\Program Files\Java\jre1.8.0_111\bin\glass.dll
0x00007ffd20be0000 - 0x00007ffd20cda000 	C:\Windows\System32\COMDLG32.dll
0x00007ffd1fa20000 - 0x00007ffd1fb57000 	C:\Windows\System32\ole32.dll
0x00007ffd20ac0000 - 0x00007ffd20b7f000 	C:\Windows\System32\OLEAUT32.dll
0x00007ffd1e0f0000 - 0x00007ffd1e18c000 	C:\Windows\System32\msvcp_win.dll
0x00007ffd201b0000 - 0x00007ffd2030b000 	C:\Windows\System32\MSCTF.dll
0x000000005ac60000 - 0x000000005ac74000 	C:\Program Files\Java\jre1.8.0_111\bin\javafx_font.dll
0x00007ffd16920000 - 0x00007ffd16b89000 	C:\Windows\SYSTEM32\dwrite.dll
0x000000005ac30000 - 0x000000005ac53000 	C:\Program Files\Java\jre1.8.0_111\bin\javafx_iio.dll
0x00007ffd20640000 - 0x00007ffd206df000 	C:\Windows\System32\clbcatq.dll
0x00007ffd1a660000 - 0x00007ffd1a808000 	C:\Windows\SYSTEM32\WindowsCodecs.dll
0x00007ffd0f240000 - 0x00007ffd0f289000 	C:\Windows\system32\dataexchange.dll
0x00007ffd190b0000 - 0x00007ffd19366000 	C:\Windows\system32\d3d11.dll
0x00007ffd1b180000 - 0x00007ffd1b2d1000 	C:\Windows\system32\dcomp.dll
0x00007ffd1c130000 - 0x00007ffd1c1cf000 	C:\Windows\system32\dxgi.dll
0x00007ffd1bc90000 - 0x00007ffd1bdac000 	C:\Windows\system32\twinapi.appcore.dll
0x00007ffd1cf30000 - 0x00007ffd1cf5b000 	C:\Windows\system32\bcrypt.dll
0x00007ffd01040000 - 0x00007ffd01072000 	C:\Program Files\Common Files\Microsoft Shared\Ink\rtscom.dll
0x000000005ac10000 - 0x000000005ac21000 	C:\Program Files\Java\jre1.8.0_111\bin\prism_common.dll
0x00007ffd12810000 - 0x00007ffd129a2000 	C:\Windows\SYSTEM32\dbghelp.dll

VM Arguments:
jvm_args: -Dfile.encoding=Cp1250 
java_command: application.Main
java_class_path (initial): H:\Projekty\alleyOfDeath\bin;C:\Users\Famiru\.p2\pool\plugins\org.eclipse.fx.ide.css.jfx8_2.4.0.201605112122.jar
Launcher Type: SUN_STANDARD

Environment Variables:
PATH=C:/Program Files/Java/jre1.8.0_112/bin/server;C:/Program Files/Java/jre1.8.0_112/bin;C:/Program Files/Java/jre1.8.0_112/lib/amd64;C:\Program Files (x86)\NVIDIA Corporation\PhysX\Common;C:\ProgramData\Oracle\Java\javapath;C:\Windows\system32;C:\Windows;C:\Windows\System32\Wbem;C:\Windows\System32\WindowsPowerShell\v1.0\;C:\Program Files (x86)\Skype\Phone\;C:\Users\Famiru\AppData\Local\Microsoft\WindowsApps;;C:\Users\Famiru\Desktop;
USERNAME=Famiru
OS=Windows_NT
PROCESSOR_IDENTIFIER=Intel64 Family 6 Model 60 Stepping 3, GenuineIntel



---------------  S Y S T E M  ---------------

OS: Windows 10.0 , 64 bit Build 14393 (10.0.14393.0)

CPU:total 4 (4 cores per cpu, 1 threads per core) family 6 model 60 stepping 3, cmov, cx8, fxsr, mmx, sse, sse2, sse3, ssse3, sse4.1, sse4.2, popcnt, avx, avx2, aes, clmul, erms, lzcnt, tsc, tscinvbit, bmi1, bmi2

Memory: 4k page, physical 8336776k(4211096k free), swap 14403136k(8508816k free)

vm_info: Java HotSpot(TM) 64-Bit Server VM (25.111-b14) for windows-amd64 JRE (1.8.0_111-b14), built on Sep 22 2016 19:24:05 by "java_re" with MS VC++ 10.0 (VS2010)

time: Tue Dec 27 17:50:33 2016
elapsed time: 4 seconds (0d 0h 0m 4s)

