#
# A fatal error has been detected by the Java Runtime Environment:
#
#  EXCEPTION_ACCESS_VIOLATION (0xc0000005) at pc=0x000000005923584a, pid=5428, tid=0x0000000000001ca0
#
# JRE version: Java(TM) SE Runtime Environment (8.0_111-b14) (build 1.8.0_111-b14)
# Java VM: Java HotSpot(TM) 64-Bit Server VM (25.111-b14 mixed mode windows-amd64 compressed oops)
# Problematic frame:
# C  [glass.dll+0x2584a]
#
# Failed to write core dump. Minidumps are not enabled by default on client versions of Windows
#
# If you would like to submit a bug report, please visit:
#   http://bugreport.java.com/bugreport/crash.jsp
#

---------------  T H R E A D  ---------------

Current thread (0x00000000172c7800):  VMThread [stack: 0x0000000018350000,0x0000000018450000] [id=7328]

siginfo: ExceptionCode=0xc0000005, reading address 0x0000000000000000

Registers:
RAX=0x0000000000000000, RBX=0x0000000017224818, RCX=0x00000000172c7800, RDX=0x0000000017224818
RSP=0x000000001844f6e0, RBP=0x0000000019d8a890, RSI=0x0000000000000001, RDI=0x0000000000000000
R8 =0x0000000000010002, R9 =0x0000000019d8a890, R10=0x0000000000000000, R11=0x0000000000000246
R12=0x0000000019d8a8c0, R13=0x0000000019d8a890, R14=0x0000000019d8a8a0, R15=0x0000000000000000
RIP=0x000000005923584a, EFLAGS=0x0000000000010206

Top of Stack: (sp=0x000000001844f6e0)
0x000000001844f6e0:   0000000000000000 0000000059235900
0x000000001844f6f0:   0000000000000000 0000000019d8a890
0x000000001844f700:   0000000059235830 0000000059233224
0x000000001844f710:   00000000592491b0 00007fff756ff98b
0x000000001844f720:   0000000000000001 00000000171d5500
0x000000001844f730:   0000000059233384 0000000059210000
0x000000001844f740:   00007fff947331b0 00000000592334a6
0x000000001844f750:   0000000000000001 00000000171d5500
0x000000001844f760:   0000000000000000 0000000000000000
0x000000001844f770:   c000000500000001 000000001844e850
0x000000001844f780:   0000000059233384 00007fff9460a35f
0x000000001844f790:   0000000000000000 0000000000000001
0x000000001844f7a0:   0000000059210000 0000000000000000
0x000000001844f7b0:   00001ca698a76b57 000000000097fa40
0x000000001844f7c0:   00007fff91bb4600 0000000000d71600
0x000000001844f7d0:   0000000000d71600 0000000019d495f0 

Instructions: (pc=0x000000005923584a)
0x000000005923582a:   83 c4 20 5d c3 cc 40 53 48 83 ec 20 48 8b 1d cb
0x000000005923583a:   5b 01 00 48 85 db 74 1a e8 19 93 ff ff 48 8b d3
0x000000005923584a:   4c 8b 00 48 8b c8 48 83 c4 20 5b 49 ff a0 b0 00
0x000000005923585a:   00 00 48 83 c4 20 5b c3 cc cc cc cc cc cc cc cc 


Register to memory mapping:

RAX=0x0000000000000000 is an unknown value
RBX=0x0000000017224818 is a global jni handle
RCX=0x00000000172c7800 is an unknown value
RDX=0x0000000017224818 is a global jni handle
RSP=0x000000001844f6e0 is an unknown value
RBP=0x0000000019d8a890 is an unknown value
RSI=0x0000000000000001 is an unknown value
RDI=0x0000000000000000 is an unknown value
R8 =0x0000000000010002 is an unknown value
R9 =0x0000000019d8a890 is an unknown value
R10=0x0000000000000000 is an unknown value
R11=0x0000000000000246 is an unknown value
R12=0x0000000019d8a8c0 is an unknown value
R13=0x0000000019d8a890 is an unknown value
R14=0x0000000019d8a8a0 is an unknown value
R15=0x0000000000000000 is an unknown value


Stack: [0x0000000018350000,0x0000000018450000],  sp=0x000000001844f6e0,  free space=1021k
Native frames: (J=compiled Java code, j=interpreted, Vv=VM code, C=native code)
C  [glass.dll+0x2584a]
C  [glass.dll+0x23224]
C  [glass.dll+0x234a6]
C  [ntdll.dll+0x2a35f]
C  [ntdll.dll+0x806b]
C  [ntdll.dll+0x7d94]
C  [KERNEL32.DLL+0x1ce6a]
C  [msvcr100.dll+0x20ccd]
V  [jvm.dll+0x212ca5]
V  [jvm.dll+0x24ba27]
V  [jvm.dll+0x24acc6]
V  [jvm.dll+0x24b161]
V  [jvm.dll+0x24b37e]
V  [jvm.dll+0x29c43a]
C  [msvcr100.dll+0x21d9f]
C  [msvcr100.dll+0x21e3b]
C  [KERNEL32.DLL+0x8364]
C  [ntdll.dll+0x670d1]

VM_Operation (0x000000001a009a40): Exit, mode: safepoint, requested by thread 0x0000000019039800


---------------  P R O C E S S  ---------------

Java Threads: ( => current thread )
  0x000000001cd63000 JavaThread "Prism Font Disposer" daemon [_thread_blocked, id=10420, stack(0x000000001e6e0000,0x000000001e7e0000)]
  0x000000001cb94000 JavaThread "Thread-3" daemon [_thread_in_native, id=9468, stack(0x000000001d710000,0x000000001d810000)]
  0x000000001cb73000 JavaThread "JavaFX-Launcher" [_thread_blocked, id=2860, stack(0x000000001d810000,0x000000001d910000)]
  0x0000000019039800 JavaThread "JavaFX Application Thread" [_thread_blocked, id=11128, stack(0x0000000019f10000,0x000000001a010000)]
  0x000000001902e000 JavaThread "Thread-1" daemon [_thread_blocked, id=3944, stack(0x0000000019e10000,0x0000000019f10000)]
  0x0000000018ff4000 JavaThread "QuantumRenderer-0" daemon [_thread_blocked, id=3836, stack(0x0000000019630000,0x0000000019730000)]
  0x0000000018c54800 JavaThread "Service Thread" daemon [_thread_blocked, id=4044, stack(0x0000000019050000,0x0000000019150000)]
  0x000000001735d800 JavaThread "C1 CompilerThread2" daemon [_thread_blocked, id=10936, stack(0x0000000018b50000,0x0000000018c50000)]
  0x000000001735a800 JavaThread "C2 CompilerThread1" daemon [_thread_blocked, id=8000, stack(0x0000000018a50000,0x0000000018b50000)]
  0x00000000172fd800 JavaThread "C2 CompilerThread0" daemon [_thread_blocked, id=2496, stack(0x0000000018950000,0x0000000018a50000)]
  0x00000000172fc000 JavaThread "Attach Listener" daemon [_thread_blocked, id=10236, stack(0x0000000018850000,0x0000000018950000)]
  0x00000000172fa800 JavaThread "Signal Dispatcher" daemon [_thread_blocked, id=12284, stack(0x0000000018750000,0x0000000018850000)]
  0x00000000172ea000 JavaThread "Finalizer" daemon [_thread_blocked, id=5768, stack(0x0000000018550000,0x0000000018650000)]
  0x000000000273f000 JavaThread "Reference Handler" daemon [_thread_blocked, id=4572, stack(0x0000000018450000,0x0000000018550000)]
  0x0000000002650800 JavaThread "main" [_thread_blocked, id=12216, stack(0x00000000024d0000,0x00000000025d0000)]

Other Threads:
=>0x00000000172c7800 VMThread [stack: 0x0000000018350000,0x0000000018450000] [id=7328]

VM state:at safepoint (shutting down)

VM Mutex/Monitor currently owned by a thread:  ([mutex/lock_event])
[0x0000000000d7bc00] Threads_lock - owner thread: 0x00000000172c7800

Heap:
 PSYoungGen      total 38400K, used 30971K [0x00000000d5980000, 0x00000000d8400000, 0x0000000100000000)
  eden space 33280K, 93% used [0x00000000d5980000,0x00000000d77bee58,0x00000000d7a00000)
  from space 5120K, 0% used [0x00000000d7f00000,0x00000000d7f00000,0x00000000d8400000)
  to   space 5120K, 0% used [0x00000000d7a00000,0x00000000d7a00000,0x00000000d7f00000)
 ParOldGen       total 87552K, used 0K [0x0000000080c00000, 0x0000000086180000, 0x00000000d5980000)
  object space 87552K, 0% used [0x0000000080c00000,0x0000000080c00000,0x0000000086180000)
 Metaspace       used 13614K, capacity 14216K, committed 14464K, reserved 1060864K
  class space    used 1867K, capacity 2063K, committed 2176K, reserved 1048576K

Card table byte_map: [0x0000000011b10000,0x0000000011f10000] byte_map_base: 0x000000001170a000

Marking Bits: (ParMarkBitMap*) 0x000000005a55a6c0
 Begin Bits: [0x00000000125c0000, 0x0000000014590000)
 End Bits:   [0x0000000014590000, 0x0000000016560000)

Polling page: 0x0000000000940000

CodeCache: size=245760Kb used=4713Kb max_used=4713Kb free=241046Kb
 bounds [0x0000000002750000, 0x0000000002bf0000, 0x0000000011750000]
 total_blobs=2070 nmethods=1438 adapters=544
 compilation: enabled

Compilation events (10 events):
Event: 5.645 Thread 0x000000001735d800 1435       1       com.sun.javafx.sg.prism.NGNode::getNodeBlendMode (5 bytes)
Event: 5.646 Thread 0x000000001735d800 nmethod 1435 0x0000000002be0d10 code [0x0000000002be0e60, 0x0000000002be0f70]
Event: 5.646 Thread 0x000000001735d800 1432       1       com.sun.javafx.font.PrismFontFile::getDefaultAAMode (2 bytes)
Event: 5.646 Thread 0x000000001735d800 nmethod 1432 0x0000000002bead10 code [0x0000000002beae60, 0x0000000002beaf70]
Event: 5.669 Thread 0x000000001735d800 1437       3       java.util.concurrent.LinkedBlockingDeque::unlinkFirst (74 bytes)
Event: 5.670 Thread 0x000000001735d800 nmethod 1437 0x0000000002beafd0 code [0x0000000002beb180, 0x0000000002beb6e8]
Event: 5.738 Thread 0x000000001735d800 1438       3       sun.util.logging.PlatformLogger::isLoggable (38 bytes)
Event: 5.738 Thread 0x000000001735d800 nmethod 1438 0x0000000002beb950 code [0x0000000002bebae0, 0x0000000002bebee8]
Event: 5.739 Thread 0x000000001735d800 1439       3       java.util.ArrayList::clear (39 bytes)
Event: 5.739 Thread 0x000000001735d800 nmethod 1439 0x0000000002bec050 code [0x0000000002bec1c0, 0x0000000002bec530]

GC Heap History (0 events):
No events

Deoptimization events (10 events):
Event: 0.446 Thread 0x0000000019039800 Uncommon trap: reason=class_check action=maybe_recompile pc=0x0000000002981ba0 method=java.io.DataInputStream.readShort()S @ 4
Event: 0.450 Thread 0x0000000019039800 Uncommon trap: reason=class_check action=maybe_recompile pc=0x000000000286e9b0 method=java.lang.String.equals(Ljava/lang/Object;)Z @ 8
Event: 0.450 Thread 0x0000000019039800 Uncommon trap: reason=class_check action=maybe_recompile pc=0x000000000286e9b0 method=java.lang.String.equals(Ljava/lang/Object;)Z @ 8
Event: 0.450 Thread 0x0000000019039800 Uncommon trap: reason=class_check action=maybe_recompile pc=0x000000000286e9b0 method=java.lang.String.equals(Ljava/lang/Object;)Z @ 8
Event: 0.481 Thread 0x0000000019039800 Uncommon trap: reason=class_check action=maybe_recompile pc=0x000000000286e9b0 method=java.lang.String.equals(Ljava/lang/Object;)Z @ 8
Event: 0.489 Thread 0x0000000019039800 Uncommon trap: reason=unstable_if action=reinterpret pc=0x0000000002940740 method=java.lang.CharacterData.of(I)Ljava/lang/CharacterData; @ 4
Event: 0.495 Thread 0x0000000019039800 Uncommon trap: reason=unstable_if action=reinterpret pc=0x00000000029fed20 method=sun.net.www.ParseUtil.encodePath(Ljava/lang/String;Z)Ljava/lang/String; @ 109
Event: 1.319 Thread 0x0000000019039800 Uncommon trap: reason=unstable_if action=reinterpret pc=0x0000000002a0f328 method=jdk.internal.org.objectweb.asm.Type.getArgumentsAndReturnSizes(Ljava/lang/String;)I @ 47
Event: 2.344 Thread 0x0000000019039800 Uncommon trap: reason=unstable_if action=reinterpret pc=0x00000000029e3da0 method=java.lang.String.indexOf([CII[CIII)I @ 3
Event: 2.351 Thread 0x0000000019039800 Uncommon trap: reason=unstable_if action=reinterpret pc=0x0000000002a54d3c method=sun.misc.URLClassPath$JarLoader.ensureOpen()V @ 4

Internal exceptions (10 events):
Event: 0.130 Thread 0x0000000002650800 Exception <a 'java/security/PrivilegedActionException'> (0x00000000d5c32c58) thrown at [C:\re\workspace\8-2-build-windows-amd64-cygwin\jdk8u111\7883\hotspot\src\share\vm\prims\jvm.cpp, line 1386]
Event: 0.130 Thread 0x0000000002650800 Exception <a 'java/security/PrivilegedActionException'> (0x00000000d5c32e68) thrown at [C:\re\workspace\8-2-build-windows-amd64-cygwin\jdk8u111\7883\hotspot\src\share\vm\prims\jvm.cpp, line 1386]
Event: 0.131 Thread 0x0000000002650800 Exception <a 'java/lang/NullPointerException'> (0x00000000d5c33440) thrown at [C:\re\workspace\8-2-build-windows-amd64-cygwin\jdk8u111\7883\hotspot\src\share\vm\interpreter\linkResolver.cpp, line 1178]
Event: 0.291 Thread 0x0000000019039800 Exception <a 'java/lang/NullPointerException'> (0x00000000d651d808) thrown at [C:\re\workspace\8-2-build-windows-amd64-cygwin\jdk8u111\7883\hotspot\src\share\vm\interpreter\linkResolver.cpp, line 1178]
Event: 0.291 Thread 0x0000000019039800 Exception <a 'java/lang/NullPointerException'> (0x00000000d651d808) thrown at [C:\re\workspace\8-2-build-windows-amd64-cygwin\jdk8u111\7883\hotspot\src\share\vm\prims\jvm.cpp, line 1390]
Event: 0.370 Thread 0x0000000019039800 Implicit null exception at 0x00000000029996b5 to 0x0000000002999885
Event: 2.326 Thread 0x0000000019039800 Exception <a 'java/io/FileNotFoundException'> (0x00000000d7435e58) thrown at [C:\re\workspace\8-2-build-windows-amd64-cygwin\jdk8u111\7883\hotspot\src\share\vm\prims\jni.cpp, line 709]
Event: 2.348 Thread 0x0000000019039800 Exception <a 'java/io/FileNotFoundException'> (0x00000000d75334b0) thrown at [C:\re\workspace\8-2-build-windows-amd64-cygwin\jdk8u111\7883\hotspot\src\share\vm\prims\jni.cpp, line 709]
Event: 2.351 Thread 0x0000000019039800 Implicit null exception at 0x0000000002a53c4a to 0x0000000002a54d15
Event: 5.742 Thread 0x000000001d1b4800 Exception <a 'java/lang/IllegalStateException'> (0x00000000d771ebd0) thrown at [C:\re\workspace\8-2-build-windows-amd64-cygwin\jdk8u111\7883\hotspot\src\share\vm\prims\jvm.cpp, line 1390]

Events (10 events):
Event: 5.742 loading class com/sun/javafx/tk/quantum/QuantumRenderer
Event: 5.742 loading class com/sun/javafx/tk/quantum/QuantumRenderer done
Event: 5.742 loading class com/sun/javafx/tk/quantum/QuantumToolkit
Event: 5.742 loading class com/sun/javafx/tk/quantum/QuantumToolkit done
Event: 5.742 loading class java/util/LinkedList$ListItr
Event: 5.742 loading class java/util/LinkedList$ListItr done
Event: 5.742 loading class com/sun/prism/ResourceFactoryListener
Event: 5.742 loading class com/sun/prism/ResourceFactoryListener done
Event: 5.742 Thread 0x000000001d1b4800 Thread exited: 0x000000001d1b4800
Event: 5.742 Executing VM operation: Exit


Dynamic libraries:
0x00007ff749400000 - 0x00007ff749437000 	C:\Program Files\Java\jre1.8.0_111\bin\javaw.exe
0x00007fff945e0000 - 0x00007fff947b1000 	C:\Windows\SYSTEM32\ntdll.dll
0x00007fff93b40000 - 0x00007fff93beb000 	C:\Windows\System32\KERNEL32.DLL
0x00007fff91950000 - 0x00007fff91b6d000 	C:\Windows\System32\KERNELBASE.dll
0x00007fff93760000 - 0x00007fff93802000 	C:\Windows\System32\ADVAPI32.dll
0x00007fff93e00000 - 0x00007fff93e9e000 	C:\Windows\System32\msvcrt.dll
0x00007fff936f0000 - 0x00007fff93749000 	C:\Windows\System32\sechost.dll
0x00007fff94070000 - 0x00007fff94191000 	C:\Windows\System32\RPCRT4.dll
0x00007fff93bf0000 - 0x00007fff93d55000 	C:\Windows\System32\USER32.dll
0x00007fff91610000 - 0x00007fff9162e000 	C:\Windows\System32\win32u.dll
0x00007fff92110000 - 0x00007fff92144000 	C:\Windows\System32\GDI32.dll
0x00007fff91380000 - 0x00007fff91502000 	C:\Windows\System32\gdi32full.dll
0x00007fff7abd0000 - 0x00007fff7ae49000 	C:\Windows\WinSxS\amd64_microsoft.windows.common-controls_6595b64144ccf1df_6.0.14393.447_none_42191651c6827bb3\COMCTL32.dll
0x00007fff94310000 - 0x00007fff945d8000 	C:\Windows\System32\combase.dll
0x00007fff91510000 - 0x00007fff91605000 	C:\Windows\System32\ucrtbase.dll
0x00007fff916d0000 - 0x00007fff9173a000 	C:\Windows\System32\bcryptPrimitives.dll
0x00007fff94040000 - 0x00007fff9406e000 	C:\Windows\System32\IMM32.DLL
0x000000005a5e0000 - 0x000000005a6b2000 	C:\Program Files\Java\jre1.8.0_111\bin\msvcr100.dll
0x0000000059d40000 - 0x000000005a5da000 	C:\Program Files\Java\jre1.8.0_111\bin\server\jvm.dll
0x00007fff92100000 - 0x00007fff92108000 	C:\Windows\System32\PSAPI.DLL
0x00007fff88990000 - 0x00007fff88999000 	C:\Windows\SYSTEM32\WSOCK32.dll
0x00007fff938d0000 - 0x00007fff9393a000 	C:\Windows\System32\WS2_32.dll
0x00007fff8e4e0000 - 0x00007fff8e503000 	C:\Windows\SYSTEM32\WINMM.dll
0x00007fff8d500000 - 0x00007fff8d50a000 	C:\Windows\SYSTEM32\VERSION.dll
0x00007fff8e480000 - 0x00007fff8e4ab000 	C:\Windows\SYSTEM32\WINMMBASE.dll
0x00007fff91850000 - 0x00007fff91892000 	C:\Windows\System32\cfgmgr32.dll
0x000000005b160000 - 0x000000005b16f000 	C:\Program Files\Java\jre1.8.0_111\bin\verify.dll
0x000000005b130000 - 0x000000005b159000 	C:\Program Files\Java\jre1.8.0_111\bin\java.dll
0x000000005b110000 - 0x000000005b126000 	C:\Program Files\Java\jre1.8.0_111\bin\zip.dll
0x00007fff921e0000 - 0x00007fff936e9000 	C:\Windows\System32\SHELL32.dll
0x00007fff90ca0000 - 0x00007fff9137a000 	C:\Windows\System32\windows.storage.dll
0x00007fff90a60000 - 0x00007fff90aac000 	C:\Windows\System32\powrprof.dll
0x00007fff92180000 - 0x00007fff921d2000 	C:\Windows\System32\shlwapi.dll
0x00007fff90a50000 - 0x00007fff90a5f000 	C:\Windows\System32\kernel.appcore.dll
0x00007fff918a0000 - 0x00007fff91949000 	C:\Windows\System32\shcore.dll
0x00007fff90ab0000 - 0x00007fff90ac4000 	C:\Windows\System32\profapi.dll
0x00007fff746a0000 - 0x00007fff7478f000 	C:\Program Files\Java\jre1.8.0_111\bin\msvcr120.dll
0x00007fff71560000 - 0x00007fff71606000 	C:\Program Files\Java\jre1.8.0_111\bin\msvcp120.dll
0x0000000059d10000 - 0x0000000059d32000 	C:\Program Files\Java\jre1.8.0_111\bin\prism_d3d.dll
0x00007fff7d160000 - 0x00007fff7d2ed000 	C:\Windows\system32\d3d9.dll
0x00007fff8e7c0000 - 0x00007fff8e7e6000 	C:\Windows\SYSTEM32\dwmapi.dll
0x00007fff8efe0000 - 0x00007fff8f075000 	C:\Windows\system32\uxtheme.dll
0x00007fff8d510000 - 0x00007fff8d68f000 	C:\Windows\System32\DriverStore\FileRepository\c0308178.inf_amd64_7bd007391790106e\aticfx64.dll
0x00007fff7afd0000 - 0x00007fff7aff9000 	C:\Windows\System32\DriverStore\FileRepository\c0308178.inf_amd64_7bd007391790106e\atiu9p64.dll
0x00007fff63df0000 - 0x00007fff6466f000 	C:\Windows\System32\DriverStore\FileRepository\c0308178.inf_amd64_7bd007391790106e\atiumd64.dll
0x0000000059260000 - 0x0000000059d08000 	C:\Windows\System32\DriverStore\FileRepository\c0308178.inf_amd64_7bd007391790106e\atiumd6a.dll
0x0000000059210000 - 0x0000000059253000 	C:\Program Files\Java\jre1.8.0_111\bin\glass.dll
0x00007fff94210000 - 0x00007fff9430a000 	C:\Windows\System32\COMDLG32.dll
0x00007fff93940000 - 0x00007fff93a77000 	C:\Windows\System32\ole32.dll
0x00007fff93810000 - 0x00007fff938cf000 	C:\Windows\System32\OLEAUT32.dll
0x00007fff91630000 - 0x00007fff916cc000 	C:\Windows\System32\msvcp_win.dll
0x00007fff91b70000 - 0x00007fff91ccb000 	C:\Windows\System32\MSCTF.dll
0x00000000591f0000 - 0x0000000059204000 	C:\Program Files\Java\jre1.8.0_111\bin\javafx_font.dll
0x00007fff8a640000 - 0x00007fff8a8a9000 	C:\Windows\SYSTEM32\dwrite.dll
0x00000000591c0000 - 0x00000000591e3000 	C:\Program Files\Java\jre1.8.0_111\bin\javafx_iio.dll
0x00007fff93d60000 - 0x00007fff93dff000 	C:\Windows\System32\clbcatq.dll
0x00007fff8e610000 - 0x00007fff8e7b8000 	C:\Windows\SYSTEM32\WindowsCodecs.dll
0x00007fff88340000 - 0x00007fff88389000 	C:\Windows\system32\dataexchange.dll
0x00007fff8dd40000 - 0x00007fff8dff6000 	C:\Windows\system32\d3d11.dll
0x00007fff8e970000 - 0x00007fff8eac1000 	C:\Windows\system32\dcomp.dll
0x00007fff8f820000 - 0x00007fff8f8bf000 	C:\Windows\system32\dxgi.dll
0x00007fff8f380000 - 0x00007fff8f49c000 	C:\Windows\system32\twinapi.appcore.dll
0x00007fff90980000 - 0x00007fff909ab000 	C:\Windows\system32\bcrypt.dll
0x00007fff76cb0000 - 0x00007fff76ce2000 	C:\Program Files\Common Files\Microsoft Shared\Ink\rtscom.dll
0x00000000591a0000 - 0x00000000591b1000 	C:\Program Files\Java\jre1.8.0_111\bin\prism_common.dll
0x00007fff89240000 - 0x00007fff893d2000 	C:\Windows\SYSTEM32\dbghelp.dll

VM Arguments:
jvm_args: -Dfile.encoding=Cp1250 
java_command: application.Main
java_class_path (initial): H:\Projekty\alleyOfDeath\bin;C:\Users\Famiru\.p2\pool\plugins\org.eclipse.fx.ide.css.jfx8_2.4.0.201605112122.jar
Launcher Type: SUN_STANDARD

Environment Variables:
PATH=C:/Program Files/Java/jre1.8.0_112/bin/server;C:/Program Files/Java/jre1.8.0_112/bin;C:/Program Files/Java/jre1.8.0_112/lib/amd64;C:\Program Files (x86)\NVIDIA Corporation\PhysX\Common;C:\ProgramData\Oracle\Java\javapath;C:\Windows\system32;C:\Windows;C:\Windows\System32\Wbem;C:\Windows\System32\WindowsPowerShell\v1.0\;C:\Program Files (x86)\Skype\Phone\;C:\Users\Famiru\AppData\Local\Microsoft\WindowsApps;;C:\Users\Famiru\Desktop\Programs;
USERNAME=Famiru
OS=Windows_NT
PROCESSOR_IDENTIFIER=Intel64 Family 6 Model 60 Stepping 3, GenuineIntel



---------------  S Y S T E M  ---------------

OS: Windows 10.0 , 64 bit Build 14393 (10.0.14393.0)

CPU:total 4 (4 cores per cpu, 1 threads per core) family 6 model 60 stepping 3, cmov, cx8, fxsr, mmx, sse, sse2, sse3, ssse3, sse4.1, sse4.2, popcnt, avx, avx2, aes, clmul, erms, lzcnt, tsc, tscinvbit, bmi1, bmi2

Memory: 4k page, physical 8336776k(3939808k free), swap 9734784k(3703344k free)

vm_info: Java HotSpot(TM) 64-Bit Server VM (25.111-b14) for windows-amd64 JRE (1.8.0_111-b14), built on Sep 22 2016 19:24:05 by "java_re" with MS VC++ 10.0 (VS2010)

time: Fri Jan 20 15:24:00 2017
elapsed time: 6 seconds (0d 0h 0m 6s)

