#
# A fatal error has been detected by the Java Runtime Environment:
#
#  EXCEPTION_ACCESS_VIOLATION (0xc0000005) at pc=0x000000005aca584a, pid=11260, tid=0x00000000000009e8
#
# JRE version: Java(TM) SE Runtime Environment (8.0_111-b14) (build 1.8.0_111-b14)
# Java VM: Java HotSpot(TM) 64-Bit Server VM (25.111-b14 mixed mode windows-amd64 compressed oops)
# Problematic frame:
# C  [glass.dll+0x2584a]
#
# Failed to write core dump. Minidumps are not enabled by default on client versions of Windows
#
# If you would like to submit a bug report, please visit:
#   http://bugreport.java.com/bugreport/crash.jsp
#

---------------  T H R E A D  ---------------

Current thread (0x00000000174c7800):  VMThread [stack: 0x0000000018580000,0x0000000018680000] [id=2536]

siginfo: ExceptionCode=0xc0000005, reading address 0x0000000000000000

Registers:
RAX=0x0000000000000000, RBX=0x0000000019e5b090, RCX=0x00000000174c7800, RDX=0x0000000019e5b090
RSP=0x000000001867f100, RBP=0x0000000019c94de0, RSI=0x0000000000000001, RDI=0x0000000000000000
R8 =0x0000000000010002, R9 =0x0000000019c94de0, R10=0x0000000000000000, R11=0x0000000000000246
R12=0x0000000019c94e10, R13=0x0000000019c94de0, R14=0x0000000019c94df0, R15=0x0000000000000000
RIP=0x000000005aca584a, EFLAGS=0x0000000000010202

Top of Stack: (sp=0x000000001867f100)
0x000000001867f100:   0000000000000000 000000005aca5900
0x000000001867f110:   0000000000000000 0000000019c94de0
0x000000001867f120:   000000005aca5830 000000005aca3224
0x000000001867f130:   000000005acb91b0 00007ffd5633bb62
0x000000001867f140:   0000000000000001 00000000028ef610
0x000000001867f150:   000000005aca3384 000000005ac80000
0x000000001867f160:   00007ffd210431b0 000000005aca34a6
0x000000001867f170:   0000000000000001 00000000028ef610
0x000000001867f180:   0000000000000000 0000000000000000
0x000000001867f190:   c000000500000001 000000001867e290
0x000000001867f1a0:   000000005aca3384 00007ffd20f1a35f
0x000000001867f1b0:   0000000000000000 0000000000000001
0x000000001867f1c0:   000000005ac80000 0000000000000000
0x000000001867f1d0:   0000563663af7af6 0000000000b3ffd0
0x000000001867f1e0:   00007ffd201f4600 0000000000b11600
0x000000001867f1f0:   0000000000b11600 0000000019c51810 

Instructions: (pc=0x000000005aca584a)
0x000000005aca582a:   83 c4 20 5d c3 cc 40 53 48 83 ec 20 48 8b 1d cb
0x000000005aca583a:   5b 01 00 48 85 db 74 1a e8 19 93 ff ff 48 8b d3
0x000000005aca584a:   4c 8b 00 48 8b c8 48 83 c4 20 5b 49 ff a0 b0 00
0x000000005aca585a:   00 00 48 83 c4 20 5b c3 cc cc cc cc cc cc cc cc 


Register to memory mapping:

RAX=0x0000000000000000 is an unknown value
RBX=0x0000000019e5b090 is a global jni handle
RCX=0x00000000174c7800 is an unknown value
RDX=0x0000000019e5b090 is a global jni handle
RSP=0x000000001867f100 is an unknown value
RBP=0x0000000019c94de0 is an unknown value
RSI=0x0000000000000001 is an unknown value
RDI=0x0000000000000000 is an unknown value
R8 =0x0000000000010002 is an unknown value
R9 =0x0000000019c94de0 is an unknown value
R10=0x0000000000000000 is an unknown value
R11=0x0000000000000246 is an unknown value
R12=0x0000000019c94e10 is an unknown value
R13=0x0000000019c94de0 is an unknown value
R14=0x0000000019c94df0 is an unknown value
R15=0x0000000000000000 is an unknown value


Stack: [0x0000000018580000,0x0000000018680000],  sp=0x000000001867f100,  free space=1020k
Native frames: (J=compiled Java code, j=interpreted, Vv=VM code, C=native code)
C  [glass.dll+0x2584a]
C  [glass.dll+0x23224]
C  [glass.dll+0x234a6]
C  [ntdll.dll+0x2a35f]
C  [ntdll.dll+0x806b]
C  [ntdll.dll+0x7d94]
C  [KERNEL32.DLL+0x1ce6a]
C  [msvcr100.dll+0x20ccd]
V  [jvm.dll+0x212ca5]
V  [jvm.dll+0x24ba27]
V  [jvm.dll+0x24acc6]
V  [jvm.dll+0x24b161]
V  [jvm.dll+0x24b37e]
V  [jvm.dll+0x29c43a]
C  [msvcr100.dll+0x21d9f]
C  [msvcr100.dll+0x21e3b]
C  [KERNEL32.DLL+0x8364]
C  [ntdll.dll+0x670d1]

VM_Operation (0x000000001a7e9b50): Exit, mode: safepoint, requested by thread 0x0000000019265000


---------------  P R O C E S S  ---------------

Java Threads: ( => current thread )
  0x0000000019fee000 JavaThread "Prism Font Disposer" daemon [_thread_blocked, id=14252, stack(0x000000001f590000,0x000000001f690000)]
  0x0000000019de9000 JavaThread "Thread-3" daemon [_thread_in_native, id=7760, stack(0x000000001d6f0000,0x000000001d7f0000)]
  0x0000000019dfa800 JavaThread "JavaFX-Launcher" [_thread_blocked, id=15772, stack(0x000000001d7f0000,0x000000001d8f0000)]
  0x0000000019265000 JavaThread "JavaFX Application Thread" [_thread_blocked, id=16244, stack(0x000000001a6f0000,0x000000001a7f0000)]
  0x0000000019264800 JavaThread "Thread-1" daemon [_thread_blocked, id=3764, stack(0x000000001a5f0000,0x000000001a6f0000)]
  0x0000000019247000 JavaThread "QuantumRenderer-0" daemon [_thread_blocked, id=1212, stack(0x00000000195c0000,0x00000000196c0000)]
  0x0000000018ea8800 JavaThread "Service Thread" daemon [_thread_blocked, id=1148, stack(0x0000000019280000,0x0000000019380000)]
  0x0000000017505000 JavaThread "C1 CompilerThread2" daemon [_thread_blocked, id=6352, stack(0x0000000018d80000,0x0000000018e80000)]
  0x0000000017502000 JavaThread "C2 CompilerThread1" daemon [_thread_blocked, id=9160, stack(0x0000000018c80000,0x0000000018d80000)]
  0x00000000174fe000 JavaThread "C2 CompilerThread0" daemon [_thread_blocked, id=13876, stack(0x0000000018b80000,0x0000000018c80000)]
  0x00000000174fc800 JavaThread "Attach Listener" daemon [_thread_blocked, id=12116, stack(0x0000000018a80000,0x0000000018b80000)]
  0x00000000174fb000 JavaThread "Signal Dispatcher" daemon [_thread_blocked, id=15496, stack(0x0000000018980000,0x0000000018a80000)]
  0x00000000174ea000 JavaThread "Finalizer" daemon [_thread_blocked, id=4416, stack(0x0000000018780000,0x0000000018880000)]
  0x000000000293f000 JavaThread "Reference Handler" daemon [_thread_blocked, id=15780, stack(0x0000000018680000,0x0000000018780000)]
  0x0000000002850800 JavaThread "main" [_thread_blocked, id=8736, stack(0x0000000002670000,0x0000000002770000)]

Other Threads:
=>0x00000000174c7800 VMThread [stack: 0x0000000018580000,0x0000000018680000] [id=2536]

VM state:at safepoint (shutting down)

VM Mutex/Monitor currently owned by a thread:  ([mutex/lock_event])
[0x0000000000b1b650] Threads_lock - owner thread: 0x00000000174c7800

Heap:
 PSYoungGen      total 38400K, used 29659K [0x00000000d5980000, 0x00000000d8400000, 0x0000000100000000)
  eden space 33280K, 89% used [0x00000000d5980000,0x00000000d7676cf8,0x00000000d7a00000)
  from space 5120K, 0% used [0x00000000d7f00000,0x00000000d7f00000,0x00000000d8400000)
  to   space 5120K, 0% used [0x00000000d7a00000,0x00000000d7a00000,0x00000000d7f00000)
 ParOldGen       total 87552K, used 0K [0x0000000080c00000, 0x0000000086180000, 0x00000000d5980000)
  object space 87552K, 0% used [0x0000000080c00000,0x0000000080c00000,0x0000000086180000)
 Metaspace       used 12681K, capacity 13218K, committed 13440K, reserved 1060864K
  class space    used 1740K, capacity 1908K, committed 1920K, reserved 1048576K

Card table byte_map: [0x0000000011d10000,0x0000000012110000] byte_map_base: 0x000000001190a000

Marking Bits: (ParMarkBitMap*) 0x000000005c02a6c0
 Begin Bits: [0x00000000127c0000, 0x0000000014790000)
 End Bits:   [0x0000000014790000, 0x0000000016760000)

Polling page: 0x0000000000af0000

CodeCache: size=245760Kb used=4790Kb max_used=4790Kb free=240969Kb
 bounds [0x0000000002950000, 0x0000000002e00000, 0x0000000011950000]
 total_blobs=2088 nmethods=1473 adapters=527
 compilation: enabled

Compilation events (10 events):
Event: 7.226 Thread 0x0000000017505000 1467       3       com.sun.prism.impl.BaseGraphics::setDepthTest (6 bytes)
Event: 7.226 Thread 0x0000000017505000 nmethod 1467 0x0000000002df7590 code [0x0000000002df76e0, 0x0000000002df7830]
Event: 7.226 Thread 0x0000000017505000 1466       1       com.sun.javafx.sg.prism.NGNode::getEffectFilter (5 bytes)
Event: 7.226 Thread 0x0000000017505000 nmethod 1466 0x0000000002df78d0 code [0x0000000002df7a20, 0x0000000002df7b30]
Event: 7.226 Thread 0x0000000017505000 1470       1       javafx.scene.layout.Background::getImages (5 bytes)
Event: 7.226 Thread 0x0000000017505000 nmethod 1470 0x0000000002df7b90 code [0x0000000002df7ce0, 0x0000000002df7df0]
Event: 7.238 Thread 0x0000000017505000 1471       3       javafx.stage.Window$TKBoundsConfigurator::pulse (5 bytes)
Event: 7.239 Thread 0x0000000017505000 nmethod 1471 0x0000000002df7e50 code [0x0000000002df7fc0, 0x0000000002df81c8]
Event: 7.239 Thread 0x0000000017505000 1472   !   3       javafx.scene.Scene$ScenePulseListener::pulse (397 bytes)
Event: 7.246 Thread 0x0000000017505000 nmethod 1472 0x0000000002df8250 code [0x0000000002df8880, 0x0000000002dfcb68]

GC Heap History (0 events):
No events

Deoptimization events (10 events):
Event: 0.415 Thread 0x0000000019265000 Uncommon trap: reason=class_check action=maybe_recompile pc=0x0000000002b84820 method=java.io.DataInputStream.readShort()S @ 4
Event: 0.415 Thread 0x0000000019265000 Uncommon trap: reason=class_check action=maybe_recompile pc=0x0000000002b84820 method=java.io.DataInputStream.readShort()S @ 4
Event: 0.418 Thread 0x0000000019265000 Uncommon trap: reason=class_check action=maybe_recompile pc=0x0000000002a6e7f0 method=java.lang.String.equals(Ljava/lang/Object;)Z @ 8
Event: 0.418 Thread 0x0000000019265000 Uncommon trap: reason=class_check action=maybe_recompile pc=0x0000000002a6e7f0 method=java.lang.String.equals(Ljava/lang/Object;)Z @ 8
Event: 0.418 Thread 0x0000000019265000 Uncommon trap: reason=class_check action=maybe_recompile pc=0x0000000002a6e7f0 method=java.lang.String.equals(Ljava/lang/Object;)Z @ 8
Event: 0.451 Thread 0x0000000019265000 Uncommon trap: reason=class_check action=maybe_recompile pc=0x0000000002a6e7f0 method=java.lang.String.equals(Ljava/lang/Object;)Z @ 8
Event: 0.460 Thread 0x0000000019265000 Uncommon trap: reason=unstable_if action=reinterpret pc=0x0000000002b41480 method=java.lang.CharacterData.of(I)Ljava/lang/CharacterData; @ 4
Event: 0.466 Thread 0x0000000019265000 Uncommon trap: reason=unstable_if action=reinterpret pc=0x0000000002c009a0 method=sun.net.www.ParseUtil.encodePath(Ljava/lang/String;Z)Ljava/lang/String; @ 109
Event: 1.544 Thread 0x0000000019265000 Uncommon trap: reason=unstable_if action=reinterpret pc=0x0000000002c56628 method=jdk.internal.org.objectweb.asm.Type.getArgumentsAndReturnSizes(Ljava/lang/String;)I @ 47
Event: 4.121 Thread 0x0000000019265000 Uncommon trap: reason=class_check action=maybe_recompile pc=0x0000000002c31e40 method=sun.misc.URLClassPath.getLoader(I)Lsun/misc/URLClassPath$Loader; @ 193

Internal exceptions (10 events):
Event: 0.087 Thread 0x0000000002850800 Exception <a 'java/lang/NoSuchFieldError': method resolution failed> (0x00000000d5ba48e8) thrown at [C:\re\workspace\8-2-build-windows-amd64-cygwin\jdk8u111\7883\hotspot\src\share\vm\prims\methodHandles.cpp, line 1146]
Event: 0.103 Thread 0x0000000002850800 Exception <a 'java/security/PrivilegedActionException'> (0x00000000d5c2ec40) thrown at [C:\re\workspace\8-2-build-windows-amd64-cygwin\jdk8u111\7883\hotspot\src\share\vm\prims\jvm.cpp, line 1386]
Event: 0.103 Thread 0x0000000002850800 Exception <a 'java/security/PrivilegedActionException'> (0x00000000d5c2ee50) thrown at [C:\re\workspace\8-2-build-windows-amd64-cygwin\jdk8u111\7883\hotspot\src\share\vm\prims\jvm.cpp, line 1386]
Event: 0.104 Thread 0x0000000002850800 Exception <a 'java/security/PrivilegedActionException'> (0x00000000d5c32a98) thrown at [C:\re\workspace\8-2-build-windows-amd64-cygwin\jdk8u111\7883\hotspot\src\share\vm\prims\jvm.cpp, line 1386]
Event: 0.104 Thread 0x0000000002850800 Exception <a 'java/security/PrivilegedActionException'> (0x00000000d5c32ca8) thrown at [C:\re\workspace\8-2-build-windows-amd64-cygwin\jdk8u111\7883\hotspot\src\share\vm\prims\jvm.cpp, line 1386]
Event: 0.104 Thread 0x0000000002850800 Exception <a 'java/lang/NullPointerException'> (0x00000000d5c33280) thrown at [C:\re\workspace\8-2-build-windows-amd64-cygwin\jdk8u111\7883\hotspot\src\share\vm\interpreter\linkResolver.cpp, line 1178]
Event: 0.257 Thread 0x0000000019265000 Exception <a 'java/lang/NullPointerException'> (0x00000000d6522190) thrown at [C:\re\workspace\8-2-build-windows-amd64-cygwin\jdk8u111\7883\hotspot\src\share\vm\interpreter\linkResolver.cpp, line 1178]
Event: 0.257 Thread 0x0000000019265000 Exception <a 'java/lang/NullPointerException'> (0x00000000d6522190) thrown at [C:\re\workspace\8-2-build-windows-amd64-cygwin\jdk8u111\7883\hotspot\src\share\vm\prims\jvm.cpp, line 1390]
Event: 0.335 Thread 0x0000000019265000 Implicit null exception at 0x0000000002b99c75 to 0x0000000002b99e45
Event: 7.315 Thread 0x00000000209c1800 Exception <a 'java/lang/IllegalStateException'> (0x00000000d75d6a70) thrown at [C:\re\workspace\8-2-build-windows-amd64-cygwin\jdk8u111\7883\hotspot\src\share\vm\prims\jvm.cpp, line 1390]

Events (10 events):
Event: 7.315 loading class com/sun/javafx/tk/quantum/QuantumRenderer
Event: 7.315 loading class com/sun/javafx/tk/quantum/QuantumRenderer done
Event: 7.315 loading class com/sun/javafx/tk/quantum/QuantumToolkit
Event: 7.315 loading class com/sun/javafx/tk/quantum/QuantumToolkit done
Event: 7.315 loading class java/util/LinkedList$ListItr
Event: 7.315 loading class java/util/LinkedList$ListItr done
Event: 7.315 loading class com/sun/prism/ResourceFactoryListener
Event: 7.315 loading class com/sun/prism/ResourceFactoryListener done
Event: 7.316 Thread 0x00000000209c1800 Thread exited: 0x00000000209c1800
Event: 7.316 Executing VM operation: Exit


Dynamic libraries:
0x00007ff764110000 - 0x00007ff764147000 	C:\Program Files\Java\jre1.8.0_111\bin\javaw.exe
0x00007ffd20ef0000 - 0x00007ffd210c1000 	C:\Windows\SYSTEM32\ntdll.dll
0x00007ffd20d90000 - 0x00007ffd20e3b000 	C:\Windows\System32\KERNEL32.DLL
0x00007ffd1dd20000 - 0x00007ffd1df3d000 	C:\Windows\System32\KERNELBASE.dll
0x00007ffd20e40000 - 0x00007ffd20ee2000 	C:\Windows\System32\ADVAPI32.dll
0x00007ffd206e0000 - 0x00007ffd2077e000 	C:\Windows\System32\msvcrt.dll
0x00007ffd20b80000 - 0x00007ffd20bd9000 	C:\Windows\System32\sechost.dll
0x00007ffd20780000 - 0x00007ffd208a1000 	C:\Windows\System32\RPCRT4.dll
0x00007ffd20020000 - 0x00007ffd20185000 	C:\Windows\System32\USER32.dll
0x00007ffd1dca0000 - 0x00007ffd1dcbe000 	C:\Windows\System32\win32u.dll
0x00007ffd20ce0000 - 0x00007ffd20d14000 	C:\Windows\System32\GDI32.dll
0x00007ffd1d3e0000 - 0x00007ffd1d562000 	C:\Windows\System32\gdi32full.dll
0x00007ffd14770000 - 0x00007ffd149e9000 	C:\Windows\WinSxS\amd64_microsoft.windows.common-controls_6595b64144ccf1df_6.0.14393.447_none_42191651c6827bb3\COMCTL32.dll
0x00007ffd20370000 - 0x00007ffd20638000 	C:\Windows\System32\combase.dll
0x00007ffd1dff0000 - 0x00007ffd1e0e5000 	C:\Windows\System32\ucrtbase.dll
0x00007ffd1e190000 - 0x00007ffd1e1fa000 	C:\Windows\System32\bcryptPrimitives.dll
0x00007ffd1e4e0000 - 0x00007ffd1e50e000 	C:\Windows\System32\IMM32.DLL
0x000000005c0b0000 - 0x000000005c182000 	C:\Program Files\Java\jre1.8.0_111\bin\msvcr100.dll
0x000000005b810000 - 0x000000005c0aa000 	C:\Program Files\Java\jre1.8.0_111\bin\server\jvm.dll
0x00007ffd1fb60000 - 0x00007ffd1fb68000 	C:\Windows\System32\PSAPI.DLL
0x00007ffd1b2e0000 - 0x00007ffd1b303000 	C:\Windows\SYSTEM32\WINMM.dll
0x00007ffd194a0000 - 0x00007ffd194aa000 	C:\Windows\SYSTEM32\VERSION.dll
0x00007ffd195f0000 - 0x00007ffd195f9000 	C:\Windows\SYSTEM32\WSOCK32.dll
0x00007ffd20d20000 - 0x00007ffd20d8a000 	C:\Windows\System32\WS2_32.dll
0x00007ffd1b150000 - 0x00007ffd1b17b000 	C:\Windows\SYSTEM32\WINMMBASE.dll
0x00007ffd1d570000 - 0x00007ffd1d5b2000 	C:\Windows\System32\cfgmgr32.dll
0x000000005b800000 - 0x000000005b80f000 	C:\Program Files\Java\jre1.8.0_111\bin\verify.dll
0x000000005b7d0000 - 0x000000005b7f9000 	C:\Program Files\Java\jre1.8.0_111\bin\java.dll
0x000000005b7b0000 - 0x000000005b7c6000 	C:\Program Files\Java\jre1.8.0_111\bin\zip.dll
0x00007ffd1e510000 - 0x00007ffd1fa19000 	C:\Windows\System32\SHELL32.dll
0x00007ffd1d5c0000 - 0x00007ffd1dc9a000 	C:\Windows\System32\windows.storage.dll
0x00007ffd1d360000 - 0x00007ffd1d3ac000 	C:\Windows\System32\powrprof.dll
0x00007ffd20310000 - 0x00007ffd20362000 	C:\Windows\System32\shlwapi.dll
0x00007ffd1d350000 - 0x00007ffd1d35f000 	C:\Windows\System32\kernel.appcore.dll
0x00007ffd1df40000 - 0x00007ffd1dfe9000 	C:\Windows\System32\shcore.dll
0x00007ffd1d3b0000 - 0x00007ffd1d3c4000 	C:\Windows\System32\profapi.dll
0x00007ffd01f90000 - 0x00007ffd0207f000 	C:\Program Files\Java\jre1.8.0_111\bin\msvcr120.dll
0x00007ffcfc1e0000 - 0x00007ffcfc286000 	C:\Program Files\Java\jre1.8.0_111\bin\msvcp120.dll
0x000000005b780000 - 0x000000005b7a2000 	C:\Program Files\Java\jre1.8.0_111\bin\prism_d3d.dll
0x00007ffd15d10000 - 0x00007ffd15e9d000 	C:\Windows\system32\d3d9.dll
0x00007ffd1b360000 - 0x00007ffd1b386000 	C:\Windows\SYSTEM32\dwmapi.dll
0x00007ffd1b8f0000 - 0x00007ffd1b985000 	C:\Windows\system32\uxtheme.dll
0x00007ffd18620000 - 0x00007ffd1879f000 	C:\Windows\System32\DriverStore\FileRepository\c0308178.inf_amd64_7bd007391790106e\aticfx64.dll
0x00007ffd0cd90000 - 0x00007ffd0cdb9000 	C:\Windows\System32\DriverStore\FileRepository\c0308178.inf_amd64_7bd007391790106e\atiu9p64.dll
0x00007ffceac50000 - 0x00007ffceb4cf000 	C:\Windows\System32\DriverStore\FileRepository\c0308178.inf_amd64_7bd007391790106e\atiumd64.dll
0x000000005acd0000 - 0x000000005b778000 	C:\Windows\System32\DriverStore\FileRepository\c0308178.inf_amd64_7bd007391790106e\atiumd6a.dll
0x000000005ac80000 - 0x000000005acc3000 	C:\Program Files\Java\jre1.8.0_111\bin\glass.dll
0x00007ffd20be0000 - 0x00007ffd20cda000 	C:\Windows\System32\COMDLG32.dll
0x00007ffd1fa20000 - 0x00007ffd1fb57000 	C:\Windows\System32\ole32.dll
0x00007ffd20ac0000 - 0x00007ffd20b7f000 	C:\Windows\System32\OLEAUT32.dll
0x00007ffd1e0f0000 - 0x00007ffd1e18c000 	C:\Windows\System32\msvcp_win.dll
0x00007ffd201b0000 - 0x00007ffd2030b000 	C:\Windows\System32\MSCTF.dll
0x000000005ac60000 - 0x000000005ac74000 	C:\Program Files\Java\jre1.8.0_111\bin\javafx_font.dll
0x00007ffd16920000 - 0x00007ffd16b89000 	C:\Windows\SYSTEM32\dwrite.dll
0x000000005ac30000 - 0x000000005ac53000 	C:\Program Files\Java\jre1.8.0_111\bin\javafx_iio.dll
0x00007ffd20640000 - 0x00007ffd206df000 	C:\Windows\System32\clbcatq.dll
0x00007ffd1a660000 - 0x00007ffd1a808000 	C:\Windows\SYSTEM32\WindowsCodecs.dll
0x00007ffd0f240000 - 0x00007ffd0f289000 	C:\Windows\system32\dataexchange.dll
0x00007ffd190b0000 - 0x00007ffd19366000 	C:\Windows\system32\d3d11.dll
0x00007ffd1b180000 - 0x00007ffd1b2d1000 	C:\Windows\system32\dcomp.dll
0x00007ffd1c130000 - 0x00007ffd1c1cf000 	C:\Windows\system32\dxgi.dll
0x00007ffd1bc90000 - 0x00007ffd1bdac000 	C:\Windows\system32\twinapi.appcore.dll
0x00007ffd1cf30000 - 0x00007ffd1cf5b000 	C:\Windows\system32\bcrypt.dll
0x00007ffd0cd50000 - 0x00007ffd0cd82000 	C:\Program Files\Common Files\Microsoft Shared\Ink\rtscom.dll
0x000000005ac10000 - 0x000000005ac21000 	C:\Program Files\Java\jre1.8.0_111\bin\prism_common.dll
0x00007ffd12810000 - 0x00007ffd129a2000 	C:\Windows\SYSTEM32\dbghelp.dll

VM Arguments:
jvm_args: -Dfile.encoding=Cp1250 
java_command: application.Main
java_class_path (initial): H:\Projekty\alleyOfDeath\bin;C:\Users\Famiru\.p2\pool\plugins\org.eclipse.fx.ide.css.jfx8_2.4.0.201605112122.jar
Launcher Type: SUN_STANDARD

Environment Variables:
PATH=C:/Program Files/Java/jre1.8.0_112/bin/server;C:/Program Files/Java/jre1.8.0_112/bin;C:/Program Files/Java/jre1.8.0_112/lib/amd64;C:\Program Files (x86)\NVIDIA Corporation\PhysX\Common;C:\ProgramData\Oracle\Java\javapath;C:\Windows\system32;C:\Windows;C:\Windows\System32\Wbem;C:\Windows\System32\WindowsPowerShell\v1.0\;C:\Program Files (x86)\Skype\Phone\;C:\Users\Famiru\AppData\Local\Microsoft\WindowsApps;;C:\Users\Famiru\Desktop;
USERNAME=Famiru
OS=Windows_NT
PROCESSOR_IDENTIFIER=Intel64 Family 6 Model 60 Stepping 3, GenuineIntel



---------------  S Y S T E M  ---------------

OS: Windows 10.0 , 64 bit Build 14393 (10.0.14393.0)

CPU:total 4 (4 cores per cpu, 1 threads per core) family 6 model 60 stepping 3, cmov, cx8, fxsr, mmx, sse, sse2, sse3, ssse3, sse4.1, sse4.2, popcnt, avx, avx2, aes, clmul, erms, lzcnt, tsc, tscinvbit, bmi1, bmi2

Memory: 4k page, physical 8336776k(4221104k free), swap 14403136k(8657136k free)

vm_info: Java HotSpot(TM) 64-Bit Server VM (25.111-b14) for windows-amd64 JRE (1.8.0_111-b14), built on Sep 22 2016 19:24:05 by "java_re" with MS VC++ 10.0 (VS2010)

time: Tue Dec 27 17:19:25 2016
elapsed time: 7 seconds (0d 0h 0m 7s)

