#
# A fatal error has been detected by the Java Runtime Environment:
#
#  EXCEPTION_ACCESS_VIOLATION (0xc0000005) at pc=0x000000005aca584a, pid=6756, tid=0x00000000000018d4
#
# JRE version: Java(TM) SE Runtime Environment (8.0_111-b14) (build 1.8.0_111-b14)
# Java VM: Java HotSpot(TM) 64-Bit Server VM (25.111-b14 mixed mode windows-amd64 compressed oops)
# Problematic frame:
# C  [glass.dll+0x2584a]
#
# Failed to write core dump. Minidumps are not enabled by default on client versions of Windows
#
# If you would like to submit a bug report, please visit:
#   http://bugreport.java.com/bugreport/crash.jsp
#

---------------  T H R E A D  ---------------

Current thread (0x0000000017257800):  VMThread [stack: 0x00000000182f0000,0x00000000183f0000] [id=6356]

siginfo: ExceptionCode=0xc0000005, reading address 0x0000000000000000

Registers:
RAX=0x0000000000000000, RBX=0x00000000171b47c0, RCX=0x0000000017257800, RDX=0x00000000171b47c0
RSP=0x00000000183ef3f0, RBP=0x0000000019924b20, RSI=0x0000000000000001, RDI=0x0000000000000000
R8 =0x0000000000010002, R9 =0x0000000019924b20, R10=0x0000000000000000, R11=0x0000000000000246
R12=0x0000000019924b50, R13=0x0000000019924b20, R14=0x0000000019924b30, R15=0x0000000000000000
RIP=0x000000005aca584a, EFLAGS=0x0000000000010206

Top of Stack: (sp=0x00000000183ef3f0)
0x00000000183ef3f0:   0000000000000000 000000005aca5900
0x00000000183ef400:   0000000000000000 0000000019924b20
0x00000000183ef410:   000000005aca5830 000000005aca3224
0x00000000183ef420:   000000005acb91b0 00007ffde0406ef5
0x00000000183ef430:   0000000000000001 0000000017165500
0x00000000183ef440:   000000005aca3384 000000005ac80000
0x00000000183ef450:   00007ffd210431b0 000000005aca34a6
0x00000000183ef460:   0000000000000001 0000000017165500
0x00000000183ef470:   0000000000000000 0000000000000000
0x00000000183ef480:   c000000500000001 00000000183ee550
0x00000000183ef490:   000000005aca3384 00007ffd20f1a35f
0x00000000183ef4a0:   0000000000000000 0000000000000001
0x00000000183ef4b0:   000000005ac80000 0000000000000000
0x00000000183ef4c0:   0000bf4a9127eacc 000000000088f4c0
0x00000000183ef4d0:   00007ffd201f4600 0000000002461600
0x00000000183ef4e0:   0000000002461600 00000000198e1600 

Instructions: (pc=0x000000005aca584a)
0x000000005aca582a:   83 c4 20 5d c3 cc 40 53 48 83 ec 20 48 8b 1d cb
0x000000005aca583a:   5b 01 00 48 85 db 74 1a e8 19 93 ff ff 48 8b d3
0x000000005aca584a:   4c 8b 00 48 8b c8 48 83 c4 20 5b 49 ff a0 b0 00
0x000000005aca585a:   00 00 48 83 c4 20 5b c3 cc cc cc cc cc cc cc cc 


Register to memory mapping:

RAX=0x0000000000000000 is an unknown value
RBX=0x00000000171b47c0 is a global jni handle
RCX=0x0000000017257800 is an unknown value
RDX=0x00000000171b47c0 is a global jni handle
RSP=0x00000000183ef3f0 is an unknown value
RBP=0x0000000019924b20 is an unknown value
RSI=0x0000000000000001 is an unknown value
RDI=0x0000000000000000 is an unknown value
R8 =0x0000000000010002 is an unknown value
R9 =0x0000000019924b20 is an unknown value
R10=0x0000000000000000 is an unknown value
R11=0x0000000000000246 is an unknown value
R12=0x0000000019924b50 is an unknown value
R13=0x0000000019924b20 is an unknown value
R14=0x0000000019924b30 is an unknown value
R15=0x0000000000000000 is an unknown value


Stack: [0x00000000182f0000,0x00000000183f0000],  sp=0x00000000183ef3f0,  free space=1020k
Native frames: (J=compiled Java code, j=interpreted, Vv=VM code, C=native code)
C  [glass.dll+0x2584a]
C  [glass.dll+0x23224]
C  [glass.dll+0x234a6]
C  [ntdll.dll+0x2a35f]
C  [ntdll.dll+0x806b]
C  [ntdll.dll+0x7d94]
C  [KERNEL32.DLL+0x1ce6a]
C  [msvcr100.dll+0x20ccd]
V  [jvm.dll+0x212ca5]
V  [jvm.dll+0x24ba27]
V  [jvm.dll+0x24acc6]
V  [jvm.dll+0x24b161]
V  [jvm.dll+0x24b37e]
V  [jvm.dll+0x29c43a]
C  [msvcr100.dll+0x21d9f]
C  [msvcr100.dll+0x21e3b]
C  [KERNEL32.DLL+0x8364]
C  [ntdll.dll+0x670d1]

VM_Operation (0x0000000019c69b60): Exit, mode: safepoint, requested by thread 0x0000000018fce800


---------------  P R O C E S S  ---------------

Java Threads: ( => current thread )
  0x000000001ca47000 JavaThread "Prism Font Disposer" daemon [_thread_blocked, id=9132, stack(0x000000001f2b0000,0x000000001f3b0000)]
  0x000000001c818800 JavaThread "Thread-3" daemon [_thread_in_native, id=12164, stack(0x000000001d370000,0x000000001d470000)]
  0x000000001c7e7800 JavaThread "JavaFX-Launcher" [_thread_blocked, id=7708, stack(0x000000001d470000,0x000000001d570000)]
  0x0000000018fce800 JavaThread "JavaFX Application Thread" [_thread_blocked, id=6048, stack(0x0000000019b70000,0x0000000019c70000)]
  0x0000000018fcb800 JavaThread "Thread-1" daemon [_thread_blocked, id=5908, stack(0x0000000019a70000,0x0000000019b70000)]
  0x0000000018f9d800 JavaThread "QuantumRenderer-0" daemon [_thread_blocked, id=6464, stack(0x0000000019330000,0x0000000019430000)]
  0x00000000172ee000 JavaThread "Service Thread" daemon [_thread_blocked, id=6800, stack(0x0000000018ff0000,0x00000000190f0000)]
  0x000000001729a000 JavaThread "C1 CompilerThread2" daemon [_thread_blocked, id=1136, stack(0x0000000018af0000,0x0000000018bf0000)]
  0x0000000017291800 JavaThread "C2 CompilerThread1" daemon [_thread_blocked, id=10204, stack(0x00000000189f0000,0x0000000018af0000)]
  0x000000001728d800 JavaThread "C2 CompilerThread0" daemon [_thread_blocked, id=8, stack(0x00000000188f0000,0x00000000189f0000)]
  0x000000001728c000 JavaThread "Attach Listener" daemon [_thread_blocked, id=10056, stack(0x00000000187f0000,0x00000000188f0000)]
  0x000000001728b000 JavaThread "Signal Dispatcher" daemon [_thread_blocked, id=4200, stack(0x00000000186f0000,0x00000000187f0000)]
  0x000000001727a000 JavaThread "Finalizer" daemon [_thread_blocked, id=5320, stack(0x00000000184f0000,0x00000000185f0000)]
  0x00000000026cf000 JavaThread "Reference Handler" daemon [_thread_blocked, id=14672, stack(0x00000000183f0000,0x00000000184f0000)]
  0x00000000025e0800 JavaThread "main" [_thread_blocked, id=9784, stack(0x00000000024e0000,0x00000000025e0000)]

Other Threads:
=>0x0000000017257800 VMThread [stack: 0x00000000182f0000,0x00000000183f0000] [id=6356]

VM state:at safepoint (shutting down)

VM Mutex/Monitor currently owned by a thread:  ([mutex/lock_event])
[0x000000000246b8d0] Threads_lock - owner thread: 0x0000000017257800

Heap:
 PSYoungGen      total 38400K, used 28994K [0x00000000d5980000, 0x00000000d8400000, 0x0000000100000000)
  eden space 33280K, 87% used [0x00000000d5980000,0x00000000d75d0800,0x00000000d7a00000)
  from space 5120K, 0% used [0x00000000d7f00000,0x00000000d7f00000,0x00000000d8400000)
  to   space 5120K, 0% used [0x00000000d7a00000,0x00000000d7a00000,0x00000000d7f00000)
 ParOldGen       total 87552K, used 0K [0x0000000080c00000, 0x0000000086180000, 0x00000000d5980000)
  object space 87552K, 0% used [0x0000000080c00000,0x0000000080c00000,0x0000000086180000)
 Metaspace       used 12637K, capacity 13242K, committed 13440K, reserved 1060864K
  class space    used 1741K, capacity 1918K, committed 1920K, reserved 1048576K

Card table byte_map: [0x0000000011aa0000,0x0000000011ea0000] byte_map_base: 0x000000001169a000

Marking Bits: (ParMarkBitMap*) 0x000000005c02a6c0
 Begin Bits: [0x0000000012550000, 0x0000000014520000)
 End Bits:   [0x0000000014520000, 0x00000000164f0000)

Polling page: 0x0000000000850000

CodeCache: size=245760Kb used=4573Kb max_used=4582Kb free=241186Kb
 bounds [0x00000000026e0000, 0x0000000002b60000, 0x00000000116e0000]
 total_blobs=2023 nmethods=1404 adapters=531
 compilation: enabled

Compilation events (10 events):
Event: 4.836 Thread 0x000000001729a000 nmethod 1400 0x0000000002b50010 code [0x0000000002b501c0, 0x0000000002b50728]
Event: 4.907 Thread 0x000000001728d800 nmethod 1395 0x0000000002b55dd0 code [0x0000000002b56100, 0x0000000002b58868]
Event: 4.937 Thread 0x000000001729a000 1401       3       sun.util.logging.PlatformLogger$DefaultLoggerProxy::isLoggable (29 bytes)
Event: 4.938 Thread 0x000000001729a000 nmethod 1401 0x0000000002b55550 code [0x0000000002b556e0, 0x0000000002b55c10]
Event: 4.939 Thread 0x000000001729a000 1402       3       javafx.beans.property.DoublePropertyBase::set (111 bytes)
Event: 4.939 Thread 0x0000000017291800 1403       4       com.sun.javafx.geom.Vec3d::set (17 bytes)
Event: 4.939 Thread 0x0000000017291800 nmethod 1403 0x0000000002b03990 code [0x0000000002b03ac0, 0x0000000002b03b38]
Event: 4.940 Thread 0x000000001729a000 nmethod 1402 0x0000000002b52fd0 code [0x0000000002b532e0, 0x0000000002b54bd8]
Event: 4.940 Thread 0x000000001729a000 1404       3       jdk.internal.org.objectweb.asm.MethodWriter::visitEnd (1 bytes)
Event: 4.940 Thread 0x000000001729a000 nmethod 1404 0x0000000002b52cd0 code [0x0000000002b52e20, 0x0000000002b52f70]

GC Heap History (0 events):
No events

Deoptimization events (10 events):
Event: 0.429 Thread 0x0000000018fce800 Uncommon trap: reason=class_check action=maybe_recompile pc=0x0000000002912b20 method=java.io.DataInputStream.readShort()S @ 4
Event: 0.433 Thread 0x0000000018fce800 Uncommon trap: reason=class_check action=maybe_recompile pc=0x00000000027feff0 method=java.lang.String.equals(Ljava/lang/Object;)Z @ 8
Event: 0.433 Thread 0x0000000018fce800 Uncommon trap: reason=class_check action=maybe_recompile pc=0x00000000027feff0 method=java.lang.String.equals(Ljava/lang/Object;)Z @ 8
Event: 0.433 Thread 0x0000000018fce800 Uncommon trap: reason=class_check action=maybe_recompile pc=0x00000000027feff0 method=java.lang.String.equals(Ljava/lang/Object;)Z @ 8
Event: 0.469 Thread 0x0000000018fce800 Uncommon trap: reason=class_check action=maybe_recompile pc=0x00000000027feff0 method=java.lang.String.equals(Ljava/lang/Object;)Z @ 8
Event: 0.478 Thread 0x0000000018fce800 Uncommon trap: reason=unstable_if action=reinterpret pc=0x00000000028d2340 method=java.lang.CharacterData.of(I)Ljava/lang/CharacterData; @ 4
Event: 0.484 Thread 0x0000000018fce800 Uncommon trap: reason=unstable_if action=reinterpret pc=0x000000000298b3e0 method=sun.net.www.ParseUtil.encodePath(Ljava/lang/String;Z)Ljava/lang/String; @ 109
Event: 1.446 Thread 0x0000000018fce800 Uncommon trap: reason=unstable_if action=reinterpret pc=0x00000000029cab28 method=jdk.internal.org.objectweb.asm.Type.getArgumentsAndReturnSizes(Ljava/lang/String;)I @ 47
Event: 2.378 Thread 0x0000000018fce800 Uncommon trap: reason=unstable_if action=reinterpret pc=0x0000000002ab4450 method=java.util.HashMap.isEmpty()Z @ 4
Event: 3.434 Thread 0x0000000018fce800 Uncommon trap: reason=class_check action=maybe_recompile pc=0x00000000029bdf40 method=sun.misc.URLClassPath.getLoader(I)Lsun/misc/URLClassPath$Loader; @ 193

Internal exceptions (10 events):
Event: 0.089 Thread 0x00000000025e0800 Exception <a 'java/lang/NoSuchFieldError': method resolution failed> (0x00000000d5ba48c8) thrown at [C:\re\workspace\8-2-build-windows-amd64-cygwin\jdk8u111\7883\hotspot\src\share\vm\prims\methodHandles.cpp, line 1146]
Event: 0.102 Thread 0x00000000025e0800 Exception <a 'java/security/PrivilegedActionException'> (0x00000000d5c2ec20) thrown at [C:\re\workspace\8-2-build-windows-amd64-cygwin\jdk8u111\7883\hotspot\src\share\vm\prims\jvm.cpp, line 1386]
Event: 0.102 Thread 0x00000000025e0800 Exception <a 'java/security/PrivilegedActionException'> (0x00000000d5c2ee30) thrown at [C:\re\workspace\8-2-build-windows-amd64-cygwin\jdk8u111\7883\hotspot\src\share\vm\prims\jvm.cpp, line 1386]
Event: 0.102 Thread 0x00000000025e0800 Exception <a 'java/security/PrivilegedActionException'> (0x00000000d5c32a78) thrown at [C:\re\workspace\8-2-build-windows-amd64-cygwin\jdk8u111\7883\hotspot\src\share\vm\prims\jvm.cpp, line 1386]
Event: 0.102 Thread 0x00000000025e0800 Exception <a 'java/security/PrivilegedActionException'> (0x00000000d5c32c88) thrown at [C:\re\workspace\8-2-build-windows-amd64-cygwin\jdk8u111\7883\hotspot\src\share\vm\prims\jvm.cpp, line 1386]
Event: 0.102 Thread 0x00000000025e0800 Exception <a 'java/lang/NullPointerException'> (0x00000000d5c33260) thrown at [C:\re\workspace\8-2-build-windows-amd64-cygwin\jdk8u111\7883\hotspot\src\share\vm\interpreter\linkResolver.cpp, line 1178]
Event: 0.270 Thread 0x0000000018fce800 Exception <a 'java/lang/NullPointerException'> (0x00000000d6522598) thrown at [C:\re\workspace\8-2-build-windows-amd64-cygwin\jdk8u111\7883\hotspot\src\share\vm\interpreter\linkResolver.cpp, line 1178]
Event: 0.270 Thread 0x0000000018fce800 Exception <a 'java/lang/NullPointerException'> (0x00000000d6522598) thrown at [C:\re\workspace\8-2-build-windows-amd64-cygwin\jdk8u111\7883\hotspot\src\share\vm\prims\jvm.cpp, line 1390]
Event: 0.343 Thread 0x0000000018fce800 Implicit null exception at 0x0000000002926275 to 0x0000000002926445
Event: 4.942 Thread 0x000000001caaa000 Exception <a 'java/lang/IllegalStateException'> (0x00000000d7530578) thrown at [C:\re\workspace\8-2-build-windows-amd64-cygwin\jdk8u111\7883\hotspot\src\share\vm\prims\jvm.cpp, line 1390]

Events (10 events):
Event: 4.941 loading class com/sun/javafx/tk/quantum/QuantumRenderer
Event: 4.941 loading class com/sun/javafx/tk/quantum/QuantumRenderer done
Event: 4.942 loading class com/sun/javafx/tk/quantum/QuantumToolkit
Event: 4.942 loading class com/sun/javafx/tk/quantum/QuantumToolkit done
Event: 4.942 loading class java/util/LinkedList$ListItr
Event: 4.942 loading class java/util/LinkedList$ListItr done
Event: 4.942 loading class com/sun/prism/ResourceFactoryListener
Event: 4.942 loading class com/sun/prism/ResourceFactoryListener done
Event: 4.942 Thread 0x000000001caaa000 Thread exited: 0x000000001caaa000
Event: 4.942 Executing VM operation: Exit


Dynamic libraries:
0x00007ff764110000 - 0x00007ff764147000 	C:\Program Files\Java\jre1.8.0_111\bin\javaw.exe
0x00007ffd20ef0000 - 0x00007ffd210c1000 	C:\Windows\SYSTEM32\ntdll.dll
0x00007ffd20d90000 - 0x00007ffd20e3b000 	C:\Windows\System32\KERNEL32.DLL
0x00007ffd1dd20000 - 0x00007ffd1df3d000 	C:\Windows\System32\KERNELBASE.dll
0x00007ffd20e40000 - 0x00007ffd20ee2000 	C:\Windows\System32\ADVAPI32.dll
0x00007ffd206e0000 - 0x00007ffd2077e000 	C:\Windows\System32\msvcrt.dll
0x00007ffd20b80000 - 0x00007ffd20bd9000 	C:\Windows\System32\sechost.dll
0x00007ffd20780000 - 0x00007ffd208a1000 	C:\Windows\System32\RPCRT4.dll
0x00007ffd20020000 - 0x00007ffd20185000 	C:\Windows\System32\USER32.dll
0x00007ffd1dca0000 - 0x00007ffd1dcbe000 	C:\Windows\System32\win32u.dll
0x00007ffd20ce0000 - 0x00007ffd20d14000 	C:\Windows\System32\GDI32.dll
0x00007ffd1d3e0000 - 0x00007ffd1d562000 	C:\Windows\System32\gdi32full.dll
0x00007ffd14770000 - 0x00007ffd149e9000 	C:\Windows\WinSxS\amd64_microsoft.windows.common-controls_6595b64144ccf1df_6.0.14393.447_none_42191651c6827bb3\COMCTL32.dll
0x00007ffd20370000 - 0x00007ffd20638000 	C:\Windows\System32\combase.dll
0x00007ffd1dff0000 - 0x00007ffd1e0e5000 	C:\Windows\System32\ucrtbase.dll
0x00007ffd1e190000 - 0x00007ffd1e1fa000 	C:\Windows\System32\bcryptPrimitives.dll
0x00007ffd1e4e0000 - 0x00007ffd1e50e000 	C:\Windows\System32\IMM32.DLL
0x000000005c0b0000 - 0x000000005c182000 	C:\Program Files\Java\jre1.8.0_111\bin\msvcr100.dll
0x000000005b810000 - 0x000000005c0aa000 	C:\Program Files\Java\jre1.8.0_111\bin\server\jvm.dll
0x00007ffd1fb60000 - 0x00007ffd1fb68000 	C:\Windows\System32\PSAPI.DLL
0x00007ffd195f0000 - 0x00007ffd195f9000 	C:\Windows\SYSTEM32\WSOCK32.dll
0x00007ffd1b2e0000 - 0x00007ffd1b303000 	C:\Windows\SYSTEM32\WINMM.dll
0x00007ffd20d20000 - 0x00007ffd20d8a000 	C:\Windows\System32\WS2_32.dll
0x00007ffd194a0000 - 0x00007ffd194aa000 	C:\Windows\SYSTEM32\VERSION.dll
0x00007ffd1b150000 - 0x00007ffd1b17b000 	C:\Windows\SYSTEM32\WINMMBASE.dll
0x00007ffd1d570000 - 0x00007ffd1d5b2000 	C:\Windows\System32\cfgmgr32.dll
0x000000005b800000 - 0x000000005b80f000 	C:\Program Files\Java\jre1.8.0_111\bin\verify.dll
0x000000005b7d0000 - 0x000000005b7f9000 	C:\Program Files\Java\jre1.8.0_111\bin\java.dll
0x000000005b7b0000 - 0x000000005b7c6000 	C:\Program Files\Java\jre1.8.0_111\bin\zip.dll
0x00007ffd1e510000 - 0x00007ffd1fa19000 	C:\Windows\System32\SHELL32.dll
0x00007ffd1d5c0000 - 0x00007ffd1dc9a000 	C:\Windows\System32\windows.storage.dll
0x00007ffd1d360000 - 0x00007ffd1d3ac000 	C:\Windows\System32\powrprof.dll
0x00007ffd20310000 - 0x00007ffd20362000 	C:\Windows\System32\shlwapi.dll
0x00007ffd1d350000 - 0x00007ffd1d35f000 	C:\Windows\System32\kernel.appcore.dll
0x00007ffd1df40000 - 0x00007ffd1dfe9000 	C:\Windows\System32\shcore.dll
0x00007ffd1d3b0000 - 0x00007ffd1d3c4000 	C:\Windows\System32\profapi.dll
0x00007ffcf9050000 - 0x00007ffcf913f000 	C:\Program Files\Java\jre1.8.0_111\bin\msvcr120.dll
0x00007ffcfbde0000 - 0x00007ffcfbe86000 	C:\Program Files\Java\jre1.8.0_111\bin\msvcp120.dll
0x000000005b780000 - 0x000000005b7a2000 	C:\Program Files\Java\jre1.8.0_111\bin\prism_d3d.dll
0x00007ffd15d10000 - 0x00007ffd15e9d000 	C:\Windows\system32\d3d9.dll
0x00007ffd1b360000 - 0x00007ffd1b386000 	C:\Windows\SYSTEM32\dwmapi.dll
0x00007ffd1b8f0000 - 0x00007ffd1b985000 	C:\Windows\system32\uxtheme.dll
0x00007ffd18620000 - 0x00007ffd1879f000 	C:\Windows\System32\DriverStore\FileRepository\c0308178.inf_amd64_7bd007391790106e\aticfx64.dll
0x00007ffd0a690000 - 0x00007ffd0a6b9000 	C:\Windows\System32\DriverStore\FileRepository\c0308178.inf_amd64_7bd007391790106e\atiu9p64.dll
0x00007ffceac50000 - 0x00007ffceb4cf000 	C:\Windows\System32\DriverStore\FileRepository\c0308178.inf_amd64_7bd007391790106e\atiumd64.dll
0x000000005acd0000 - 0x000000005b778000 	C:\Windows\System32\DriverStore\FileRepository\c0308178.inf_amd64_7bd007391790106e\atiumd6a.dll
0x000000005ac80000 - 0x000000005acc3000 	C:\Program Files\Java\jre1.8.0_111\bin\glass.dll
0x00007ffd20be0000 - 0x00007ffd20cda000 	C:\Windows\System32\COMDLG32.dll
0x00007ffd1fa20000 - 0x00007ffd1fb57000 	C:\Windows\System32\ole32.dll
0x00007ffd20ac0000 - 0x00007ffd20b7f000 	C:\Windows\System32\OLEAUT32.dll
0x00007ffd1e0f0000 - 0x00007ffd1e18c000 	C:\Windows\System32\msvcp_win.dll
0x00007ffd201b0000 - 0x00007ffd2030b000 	C:\Windows\System32\MSCTF.dll
0x000000005ac60000 - 0x000000005ac74000 	C:\Program Files\Java\jre1.8.0_111\bin\javafx_font.dll
0x00007ffd16920000 - 0x00007ffd16b89000 	C:\Windows\SYSTEM32\dwrite.dll
0x000000005ac30000 - 0x000000005ac53000 	C:\Program Files\Java\jre1.8.0_111\bin\javafx_iio.dll
0x00007ffd20640000 - 0x00007ffd206df000 	C:\Windows\System32\clbcatq.dll
0x00007ffd1a660000 - 0x00007ffd1a808000 	C:\Windows\SYSTEM32\WindowsCodecs.dll
0x00007ffd0f240000 - 0x00007ffd0f289000 	C:\Windows\system32\dataexchange.dll
0x00007ffd1b180000 - 0x00007ffd1b2d1000 	C:\Windows\system32\dcomp.dll
0x00007ffd190b0000 - 0x00007ffd19366000 	C:\Windows\system32\d3d11.dll
0x00007ffd1c130000 - 0x00007ffd1c1cf000 	C:\Windows\system32\dxgi.dll
0x00007ffd1bc90000 - 0x00007ffd1bdac000 	C:\Windows\system32\twinapi.appcore.dll
0x00007ffd1cf30000 - 0x00007ffd1cf5b000 	C:\Windows\system32\bcrypt.dll
0x00007ffd01040000 - 0x00007ffd01072000 	C:\Program Files\Common Files\Microsoft Shared\Ink\rtscom.dll
0x000000005ac10000 - 0x000000005ac21000 	C:\Program Files\Java\jre1.8.0_111\bin\prism_common.dll
0x00007ffd12810000 - 0x00007ffd129a2000 	C:\Windows\SYSTEM32\dbghelp.dll

VM Arguments:
jvm_args: -Dfile.encoding=Cp1250 
java_command: application.Main
java_class_path (initial): H:\Projekty\alleyOfDeath\bin;C:\Users\Famiru\.p2\pool\plugins\org.eclipse.fx.ide.css.jfx8_2.4.0.201605112122.jar
Launcher Type: SUN_STANDARD

Environment Variables:
PATH=C:/Program Files/Java/jre1.8.0_112/bin/server;C:/Program Files/Java/jre1.8.0_112/bin;C:/Program Files/Java/jre1.8.0_112/lib/amd64;C:\Program Files (x86)\NVIDIA Corporation\PhysX\Common;C:\ProgramData\Oracle\Java\javapath;C:\Windows\system32;C:\Windows;C:\Windows\System32\Wbem;C:\Windows\System32\WindowsPowerShell\v1.0\;C:\Program Files (x86)\Skype\Phone\;C:\Users\Famiru\AppData\Local\Microsoft\WindowsApps;;C:\Users\Famiru\Desktop;
USERNAME=Famiru
OS=Windows_NT
PROCESSOR_IDENTIFIER=Intel64 Family 6 Model 60 Stepping 3, GenuineIntel



---------------  S Y S T E M  ---------------

OS: Windows 10.0 , 64 bit Build 14393 (10.0.14393.0)

CPU:total 4 (4 cores per cpu, 1 threads per core) family 6 model 60 stepping 3, cmov, cx8, fxsr, mmx, sse, sse2, sse3, ssse3, sse4.1, sse4.2, popcnt, avx, avx2, aes, clmul, erms, lzcnt, tsc, tscinvbit, bmi1, bmi2

Memory: 4k page, physical 8336776k(4202716k free), swap 14403136k(8507780k free)

vm_info: Java HotSpot(TM) 64-Bit Server VM (25.111-b14) for windows-amd64 JRE (1.8.0_111-b14), built on Sep 22 2016 19:24:05 by "java_re" with MS VC++ 10.0 (VS2010)

time: Tue Dec 27 17:50:25 2016
elapsed time: 5 seconds (0d 0h 0m 5s)

