#
# A fatal error has been detected by the Java Runtime Environment:
#
#  EXCEPTION_ACCESS_VIOLATION (0xc0000005) at pc=0x000000005924584a, pid=11760, tid=0x00000000000027f4
#
# JRE version: Java(TM) SE Runtime Environment (8.0_111-b14) (build 1.8.0_111-b14)
# Java VM: Java HotSpot(TM) 64-Bit Server VM (25.111-b14 mixed mode windows-amd64 compressed oops)
# Problematic frame:
# C  [glass.dll+0x2584a]
#
# Failed to write core dump. Minidumps are not enabled by default on client versions of Windows
#
# If you would like to submit a bug report, please visit:
#   http://bugreport.java.com/bugreport/crash.jsp
#

---------------  T H R E A D  ---------------

Current thread (0x0000000017bf7800):  VMThread [stack: 0x0000000018c80000,0x0000000018d80000] [id=10228]

siginfo: ExceptionCode=0xc0000005, reading address 0x0000000000000000

Registers:
RAX=0x0000000000000000, RBX=0x0000000019851b28, RCX=0x0000000017bf7800, RDX=0x0000000019851b28
RSP=0x0000000018d7f140, RBP=0x000000001a61a100, RSI=0x0000000000000001, RDI=0x0000000000000000
R8 =0x0000000000010002, R9 =0x000000001a61a100, R10=0x0000000000000000, R11=0x0000000000000246
R12=0x000000001a61a130, R13=0x000000001a61a100, R14=0x000000001a61a110, R15=0x0000000000000000
RIP=0x000000005924584a, EFLAGS=0x0000000000010202

Top of Stack: (sp=0x0000000018d7f140)
0x0000000018d7f140:   0000000000000000 0000000059245900
0x0000000018d7f150:   0000000000000000 000000001a61a100
0x0000000018d7f160:   0000000059245830 0000000059243224
0x0000000018d7f170:   00000000592591b0 00007fff3dec9d96
0x0000000018d7f180:   0000000000000001 0000000017b05500
0x0000000018d7f190:   0000000059243384 0000000059220000
0x0000000018d7f1a0:   00007fff947331b0 00000000592434a6
0x0000000018d7f1b0:   0000000000000001 0000000017b05500
0x0000000018d7f1c0:   0000000000000000 0000000000000000
0x0000000018d7f1d0:   c000000500000001 0000000018d7e2d0
0x0000000018d7f1e0:   0000000059243384 00007fff9460a35f
0x0000000018d7f1f0:   0000000000000000 0000000000000001
0x0000000018d7f200:   0000000059220000 0000000000000000
0x0000000018d7f210:   0000dfeba101c0ba 00000000010408d0
0x0000000018d7f220:   00007fff91bb4600 0000000002f71600
0x0000000018d7f230:   0000000002f71600 000000001a5d6750 

Instructions: (pc=0x000000005924584a)
0x000000005924582a:   83 c4 20 5d c3 cc 40 53 48 83 ec 20 48 8b 1d cb
0x000000005924583a:   5b 01 00 48 85 db 74 1a e8 19 93 ff ff 48 8b d3
0x000000005924584a:   4c 8b 00 48 8b c8 48 83 c4 20 5b 49 ff a0 b0 00
0x000000005924585a:   00 00 48 83 c4 20 5b c3 cc cc cc cc cc cc cc cc 


Register to memory mapping:

RAX=0x0000000000000000 is an unknown value
RBX=0x0000000019851b28 is a global jni handle
RCX=0x0000000017bf7800 is an unknown value
RDX=0x0000000019851b28 is a global jni handle
RSP=0x0000000018d7f140 is an unknown value
RBP=0x000000001a61a100 is an unknown value
RSI=0x0000000000000001 is an unknown value
RDI=0x0000000000000000 is an unknown value
R8 =0x0000000000010002 is an unknown value
R9 =0x000000001a61a100 is an unknown value
R10=0x0000000000000000 is an unknown value
R11=0x0000000000000246 is an unknown value
R12=0x000000001a61a130 is an unknown value
R13=0x000000001a61a100 is an unknown value
R14=0x000000001a61a110 is an unknown value
R15=0x0000000000000000 is an unknown value


Stack: [0x0000000018c80000,0x0000000018d80000],  sp=0x0000000018d7f140,  free space=1020k
Native frames: (J=compiled Java code, j=interpreted, Vv=VM code, C=native code)
C  [glass.dll+0x2584a]
C  [glass.dll+0x23224]
C  [glass.dll+0x234a6]
C  [ntdll.dll+0x2a35f]
C  [ntdll.dll+0x806b]
C  [ntdll.dll+0x7d94]
C  [KERNEL32.DLL+0x1ce6a]
C  [msvcr100.dll+0x20ccd]
V  [jvm.dll+0x212ca5]
V  [jvm.dll+0x24ba27]
V  [jvm.dll+0x24acc6]
V  [jvm.dll+0x24b161]
V  [jvm.dll+0x24b37e]
V  [jvm.dll+0x29c43a]
C  [msvcr100.dll+0x21d9f]
C  [msvcr100.dll+0x21e3b]
C  [KERNEL32.DLL+0x8364]
C  [ntdll.dll+0x670d1]

VM_Operation (0x000000001a8a9e50): Exit, mode: safepoint, requested by thread 0x0000000019855800


---------------  P R O C E S S  ---------------

Java Threads: ( => current thread )
  0x000000001daa3000 JavaThread "Prism Font Disposer" daemon [_thread_blocked, id=2836, stack(0x000000001faf0000,0x000000001fbf0000)]
  0x000000001d83a000 JavaThread "Thread-3" daemon [_thread_in_native, id=5492, stack(0x000000001dfb0000,0x000000001e0b0000)]
  0x000000001d85a800 JavaThread "JavaFX-Launcher" [_thread_blocked, id=7564, stack(0x000000001e0b0000,0x000000001e1b0000)]
  0x0000000019855800 JavaThread "JavaFX Application Thread" [_thread_blocked, id=3916, stack(0x000000001a7b0000,0x000000001a8b0000)]
  0x000000001984a800 JavaThread "Thread-1" daemon [_thread_blocked, id=5656, stack(0x000000001a6b0000,0x000000001a7b0000)]
  0x0000000019821000 JavaThread "QuantumRenderer-0" daemon [_thread_blocked, id=3676, stack(0x0000000019f60000,0x000000001a060000)]
  0x0000000017c8a800 JavaThread "Service Thread" daemon [_thread_blocked, id=9868, stack(0x0000000019980000,0x0000000019a80000)]
  0x0000000019498800 JavaThread "C1 CompilerThread2" daemon [_thread_blocked, id=6312, stack(0x0000000019880000,0x0000000019980000)]
  0x0000000017c71000 JavaThread "C2 CompilerThread1" daemon [_thread_blocked, id=1092, stack(0x0000000019380000,0x0000000019480000)]
  0x0000000017c2d800 JavaThread "C2 CompilerThread0" daemon [_thread_blocked, id=7656, stack(0x0000000019280000,0x0000000019380000)]
  0x0000000017c2c000 JavaThread "Attach Listener" daemon [_thread_blocked, id=3748, stack(0x0000000019180000,0x0000000019280000)]
  0x0000000017c2b000 JavaThread "Signal Dispatcher" daemon [_thread_blocked, id=10264, stack(0x0000000019080000,0x0000000019180000)]
  0x0000000017c1a800 JavaThread "Finalizer" daemon [_thread_blocked, id=11108, stack(0x0000000018e80000,0x0000000018f80000)]
  0x000000000306f000 JavaThread "Reference Handler" daemon [_thread_blocked, id=2472, stack(0x0000000018d80000,0x0000000018e80000)]
  0x0000000002f80800 JavaThread "main" [_thread_blocked, id=9736, stack(0x0000000002d80000,0x0000000002e80000)]

Other Threads:
=>0x0000000017bf7800 VMThread [stack: 0x0000000018c80000,0x0000000018d80000] [id=10228]

VM state:at safepoint (shutting down)

VM Mutex/Monitor currently owned by a thread:  ([mutex/lock_event])
[0x0000000002f7ba80] Threads_lock - owner thread: 0x0000000017bf7800

Heap:
 PSYoungGen      total 38400K, used 31735K [0x00000000d5980000, 0x00000000d8400000, 0x0000000100000000)
  eden space 33280K, 95% used [0x00000000d5980000,0x00000000d787dda0,0x00000000d7a00000)
  from space 5120K, 0% used [0x00000000d7f00000,0x00000000d7f00000,0x00000000d8400000)
  to   space 5120K, 0% used [0x00000000d7a00000,0x00000000d7a00000,0x00000000d7f00000)
 ParOldGen       total 87552K, used 0K [0x0000000080c00000, 0x0000000086180000, 0x00000000d5980000)
  object space 87552K, 0% used [0x0000000080c00000,0x0000000080c00000,0x0000000086180000)
 Metaspace       used 12786K, capacity 13382K, committed 13440K, reserved 1060864K
  class space    used 1742K, capacity 1918K, committed 1920K, reserved 1048576K

Card table byte_map: [0x0000000012440000,0x0000000012840000] byte_map_base: 0x000000001203a000

Marking Bits: (ParMarkBitMap*) 0x000000005a5ca6c0
 Begin Bits: [0x0000000012ef0000, 0x0000000014ec0000)
 End Bits:   [0x0000000014ec0000, 0x0000000016e90000)

Polling page: 0x0000000001010000

CodeCache: size=245760Kb used=5253Kb max_used=5253Kb free=240506Kb
 bounds [0x0000000003080000, 0x00000000035b0000, 0x0000000012080000]
 total_blobs=2259 nmethods=1640 adapters=531
 compilation: enabled

Compilation events (10 events):
Event: 9.830 Thread 0x0000000019498800 nmethod 1636 0x0000000003595c10 code [0x0000000003595e40, 0x0000000003596948]
Event: 9.830 Thread 0x0000000019498800 1637       3       com.sun.prism.impl.BaseGraphics::setDepthTest (6 bytes)
Event: 9.831 Thread 0x0000000019498800 nmethod 1637 0x00000000035958d0 code [0x0000000003595a20, 0x0000000003595b70]
Event: 9.831 Thread 0x0000000019498800 1634       1       com.sun.prism.impl.BaseGraphics::getPaint (5 bytes)
Event: 9.831 Thread 0x0000000019498800 nmethod 1634 0x0000000003595610 code [0x0000000003595760, 0x0000000003595870]
Event: 9.932 Thread 0x0000000019498800 1639       3       javafx.scene.Scene$ScenePulseListener::focusCleanup (93 bytes)
Event: 9.939 Thread 0x0000000019498800 nmethod 1639 0x000000000359c7d0 code [0x000000000359cce0, 0x00000000035a0448]
Event: 9.939 Thread 0x0000000019498800 1640       3       javafx.scene.Scene::disposeAccessibles (147 bytes)
Event: 9.941 Thread 0x0000000019498800 nmethod 1640 0x00000000035a2a90 code [0x00000000035a2d60, 0x00000000035a43e8]
Event: 9.953 Thread 0x0000000019498800 1641       3       java.lang.invoke.MethodHandles$Lookup::getDirectMethodCommon (271 bytes)

GC Heap History (0 events):
No events

Deoptimization events (10 events):
Event: 0.466 Thread 0x0000000019855800 Uncommon trap: reason=class_check action=maybe_recompile pc=0x00000000032b66e0 method=java.io.DataInputStream.readShort()S @ 4
Event: 0.466 Thread 0x0000000019855800 Uncommon trap: reason=class_check action=maybe_recompile pc=0x00000000032b66e0 method=java.io.DataInputStream.readShort()S @ 4
Event: 0.469 Thread 0x0000000019855800 Uncommon trap: reason=class_check action=maybe_recompile pc=0x000000000319c8b0 method=java.lang.String.equals(Ljava/lang/Object;)Z @ 8
Event: 0.469 Thread 0x0000000019855800 Uncommon trap: reason=class_check action=maybe_recompile pc=0x000000000319c8b0 method=java.lang.String.equals(Ljava/lang/Object;)Z @ 8
Event: 0.469 Thread 0x0000000019855800 Uncommon trap: reason=class_check action=maybe_recompile pc=0x000000000319c8b0 method=java.lang.String.equals(Ljava/lang/Object;)Z @ 8
Event: 0.502 Thread 0x0000000019855800 Uncommon trap: reason=class_check action=maybe_recompile pc=0x000000000319c8b0 method=java.lang.String.equals(Ljava/lang/Object;)Z @ 8
Event: 0.511 Thread 0x0000000019855800 Uncommon trap: reason=unstable_if action=reinterpret pc=0x000000000327b5c0 method=java.lang.CharacterData.of(I)Ljava/lang/CharacterData; @ 4
Event: 0.516 Thread 0x0000000019855800 Uncommon trap: reason=unstable_if action=reinterpret pc=0x000000000332de20 method=sun.net.www.ParseUtil.encodePath(Ljava/lang/String;Z)Ljava/lang/String; @ 109
Event: 3.058 Thread 0x0000000019855800 Uncommon trap: reason=unstable_if action=reinterpret pc=0x00000000034680d0 method=java.util.HashMap.isEmpty()Z @ 4
Event: 3.875 Thread 0x0000000019855800 Uncommon trap: reason=class_check action=maybe_recompile pc=0x000000000336ec00 method=sun.misc.URLClassPath.getLoader(I)Lsun/misc/URLClassPath$Loader; @ 193

Internal exceptions (10 events):
Event: 0.107 Thread 0x0000000002f80800 Exception <a 'java/lang/NoSuchFieldError': method resolution failed> (0x00000000d5b97608) thrown at [C:\re\workspace\8-2-build-windows-amd64-cygwin\jdk8u111\7883\hotspot\src\share\vm\prims\methodHandles.cpp, line 1146]
Event: 0.112 Thread 0x0000000002f80800 Exception <a 'java/lang/NoSuchFieldError': method resolution failed> (0x00000000d5ba4958) thrown at [C:\re\workspace\8-2-build-windows-amd64-cygwin\jdk8u111\7883\hotspot\src\share\vm\prims\methodHandles.cpp, line 1146]
Event: 0.130 Thread 0x0000000002f80800 Exception <a 'java/security/PrivilegedActionException'> (0x00000000d5c2ef90) thrown at [C:\re\workspace\8-2-build-windows-amd64-cygwin\jdk8u111\7883\hotspot\src\share\vm\prims\jvm.cpp, line 1386]
Event: 0.130 Thread 0x0000000002f80800 Exception <a 'java/security/PrivilegedActionException'> (0x00000000d5c2f1a0) thrown at [C:\re\workspace\8-2-build-windows-amd64-cygwin\jdk8u111\7883\hotspot\src\share\vm\prims\jvm.cpp, line 1386]
Event: 0.131 Thread 0x0000000002f80800 Exception <a 'java/security/PrivilegedActionException'> (0x00000000d5c32de8) thrown at [C:\re\workspace\8-2-build-windows-amd64-cygwin\jdk8u111\7883\hotspot\src\share\vm\prims\jvm.cpp, line 1386]
Event: 0.131 Thread 0x0000000002f80800 Exception <a 'java/security/PrivilegedActionException'> (0x00000000d5c32ff8) thrown at [C:\re\workspace\8-2-build-windows-amd64-cygwin\jdk8u111\7883\hotspot\src\share\vm\prims\jvm.cpp, line 1386]
Event: 0.131 Thread 0x0000000002f80800 Exception <a 'java/lang/NullPointerException'> (0x00000000d5c335d0) thrown at [C:\re\workspace\8-2-build-windows-amd64-cygwin\jdk8u111\7883\hotspot\src\share\vm\interpreter\linkResolver.cpp, line 1178]
Event: 0.295 Thread 0x0000000019855800 Exception <a 'java/lang/NullPointerException'> (0x00000000d651d428) thrown at [C:\re\workspace\8-2-build-windows-amd64-cygwin\jdk8u111\7883\hotspot\src\share\vm\interpreter\linkResolver.cpp, line 1178]
Event: 0.295 Thread 0x0000000019855800 Exception <a 'java/lang/NullPointerException'> (0x00000000d651d428) thrown at [C:\re\workspace\8-2-build-windows-amd64-cygwin\jdk8u111\7883\hotspot\src\share\vm\prims\jvm.cpp, line 1390]
Event: 9.953 Thread 0x000000001dc39800 Exception <a 'java/lang/IllegalStateException'> (0x00000000d7737450) thrown at [C:\re\workspace\8-2-build-windows-amd64-cygwin\jdk8u111\7883\hotspot\src\share\vm\prims\jvm.cpp, line 1390]

Events (10 events):
Event: 9.952 loading class com/sun/javafx/tk/quantum/QuantumRenderer
Event: 9.952 loading class com/sun/javafx/tk/quantum/QuantumRenderer done
Event: 9.953 loading class com/sun/javafx/tk/quantum/QuantumToolkit
Event: 9.953 loading class com/sun/javafx/tk/quantum/QuantumToolkit done
Event: 9.953 loading class java/util/LinkedList$ListItr
Event: 9.953 loading class java/util/LinkedList$ListItr done
Event: 9.953 loading class com/sun/prism/ResourceFactoryListener
Event: 9.953 loading class com/sun/prism/ResourceFactoryListener done
Event: 9.953 Thread 0x000000001dc39800 Thread exited: 0x000000001dc39800
Event: 9.953 Executing VM operation: Exit


Dynamic libraries:
0x00007ff646400000 - 0x00007ff646437000 	C:\Program Files\Java\jre1.8.0_111\bin\javaw.exe
0x00007fff945e0000 - 0x00007fff947b1000 	C:\Windows\SYSTEM32\ntdll.dll
0x00007fff93b40000 - 0x00007fff93beb000 	C:\Windows\System32\KERNEL32.DLL
0x00007fff91950000 - 0x00007fff91b6d000 	C:\Windows\System32\KERNELBASE.dll
0x00007fff93760000 - 0x00007fff93802000 	C:\Windows\System32\ADVAPI32.dll
0x00007fff93e00000 - 0x00007fff93e9e000 	C:\Windows\System32\msvcrt.dll
0x00007fff936f0000 - 0x00007fff93749000 	C:\Windows\System32\sechost.dll
0x00007fff94070000 - 0x00007fff94191000 	C:\Windows\System32\RPCRT4.dll
0x00007fff93bf0000 - 0x00007fff93d55000 	C:\Windows\System32\USER32.dll
0x00007fff91610000 - 0x00007fff9162e000 	C:\Windows\System32\win32u.dll
0x00007fff92110000 - 0x00007fff92144000 	C:\Windows\System32\GDI32.dll
0x00007fff91380000 - 0x00007fff91502000 	C:\Windows\System32\gdi32full.dll
0x00007fff7abd0000 - 0x00007fff7ae49000 	C:\Windows\WinSxS\amd64_microsoft.windows.common-controls_6595b64144ccf1df_6.0.14393.447_none_42191651c6827bb3\COMCTL32.dll
0x00007fff94310000 - 0x00007fff945d8000 	C:\Windows\System32\combase.dll
0x00007fff91510000 - 0x00007fff91605000 	C:\Windows\System32\ucrtbase.dll
0x00007fff916d0000 - 0x00007fff9173a000 	C:\Windows\System32\bcryptPrimitives.dll
0x00007fff94040000 - 0x00007fff9406e000 	C:\Windows\System32\IMM32.DLL
0x000000005a650000 - 0x000000005a722000 	C:\Program Files\Java\jre1.8.0_111\bin\msvcr100.dll
0x0000000059db0000 - 0x000000005a64a000 	C:\Program Files\Java\jre1.8.0_111\bin\server\jvm.dll
0x00007fff92100000 - 0x00007fff92108000 	C:\Windows\System32\PSAPI.DLL
0x00007fff883b0000 - 0x00007fff883b9000 	C:\Windows\SYSTEM32\WSOCK32.dll
0x00007fff938d0000 - 0x00007fff9393a000 	C:\Windows\System32\WS2_32.dll
0x00007fff8e4e0000 - 0x00007fff8e503000 	C:\Windows\SYSTEM32\WINMM.dll
0x00007fff8d500000 - 0x00007fff8d50a000 	C:\Windows\SYSTEM32\VERSION.dll
0x00007fff8e480000 - 0x00007fff8e4ab000 	C:\Windows\SYSTEM32\WINMMBASE.dll
0x00007fff91850000 - 0x00007fff91892000 	C:\Windows\System32\cfgmgr32.dll
0x0000000059da0000 - 0x0000000059daf000 	C:\Program Files\Java\jre1.8.0_111\bin\verify.dll
0x0000000059d70000 - 0x0000000059d99000 	C:\Program Files\Java\jre1.8.0_111\bin\java.dll
0x0000000059d50000 - 0x0000000059d66000 	C:\Program Files\Java\jre1.8.0_111\bin\zip.dll
0x00007fff921e0000 - 0x00007fff936e9000 	C:\Windows\System32\SHELL32.dll
0x00007fff90ca0000 - 0x00007fff9137a000 	C:\Windows\System32\windows.storage.dll
0x00007fff90a60000 - 0x00007fff90aac000 	C:\Windows\System32\powrprof.dll
0x00007fff92180000 - 0x00007fff921d2000 	C:\Windows\System32\shlwapi.dll
0x00007fff90a50000 - 0x00007fff90a5f000 	C:\Windows\System32\kernel.appcore.dll
0x00007fff918a0000 - 0x00007fff91949000 	C:\Windows\System32\shcore.dll
0x00007fff90ab0000 - 0x00007fff90ac4000 	C:\Windows\System32\profapi.dll
0x00007fff71200000 - 0x00007fff712ef000 	C:\Program Files\Java\jre1.8.0_111\bin\msvcr120.dll
0x00007fff71150000 - 0x00007fff711f6000 	C:\Program Files\Java\jre1.8.0_111\bin\msvcp120.dll
0x0000000059d20000 - 0x0000000059d42000 	C:\Program Files\Java\jre1.8.0_111\bin\prism_d3d.dll
0x00007fff7f550000 - 0x00007fff7f6dd000 	C:\Windows\system32\d3d9.dll
0x00007fff8e7c0000 - 0x00007fff8e7e6000 	C:\Windows\SYSTEM32\dwmapi.dll
0x00007fff8efe0000 - 0x00007fff8f075000 	C:\Windows\system32\uxtheme.dll
0x00007fff8d510000 - 0x00007fff8d68f000 	C:\Windows\System32\DriverStore\FileRepository\c0308178.inf_amd64_7bd007391790106e\aticfx64.dll
0x00007fff8a8e0000 - 0x00007fff8a909000 	C:\Windows\System32\DriverStore\FileRepository\c0308178.inf_amd64_7bd007391790106e\atiu9p64.dll
0x00007fff6f3c0000 - 0x00007fff6fc3f000 	C:\Windows\System32\DriverStore\FileRepository\c0308178.inf_amd64_7bd007391790106e\atiumd64.dll
0x0000000059270000 - 0x0000000059d18000 	C:\Windows\System32\DriverStore\FileRepository\c0308178.inf_amd64_7bd007391790106e\atiumd6a.dll
0x0000000059220000 - 0x0000000059263000 	C:\Program Files\Java\jre1.8.0_111\bin\glass.dll
0x00007fff94210000 - 0x00007fff9430a000 	C:\Windows\System32\COMDLG32.dll
0x00007fff93940000 - 0x00007fff93a77000 	C:\Windows\System32\ole32.dll
0x00007fff93810000 - 0x00007fff938cf000 	C:\Windows\System32\OLEAUT32.dll
0x00007fff91630000 - 0x00007fff916cc000 	C:\Windows\System32\msvcp_win.dll
0x00007fff91b70000 - 0x00007fff91ccb000 	C:\Windows\System32\MSCTF.dll
0x0000000059200000 - 0x0000000059214000 	C:\Program Files\Java\jre1.8.0_111\bin\javafx_font.dll
0x00007fff8a530000 - 0x00007fff8a799000 	C:\Windows\SYSTEM32\dwrite.dll
0x00000000591d0000 - 0x00000000591f3000 	C:\Program Files\Java\jre1.8.0_111\bin\javafx_iio.dll
0x00007fff93d60000 - 0x00007fff93dff000 	C:\Windows\System32\clbcatq.dll
0x00007fff8e610000 - 0x00007fff8e7b8000 	C:\Windows\SYSTEM32\WindowsCodecs.dll
0x00007fff85a50000 - 0x00007fff85a99000 	C:\Windows\system32\dataexchange.dll
0x00007fff8e970000 - 0x00007fff8eac1000 	C:\Windows\system32\dcomp.dll
0x00007fff8dd40000 - 0x00007fff8dff6000 	C:\Windows\system32\d3d11.dll
0x00007fff8f820000 - 0x00007fff8f8bf000 	C:\Windows\system32\dxgi.dll
0x00007fff8f380000 - 0x00007fff8f49c000 	C:\Windows\system32\twinapi.appcore.dll
0x00007fff90980000 - 0x00007fff909ab000 	C:\Windows\system32\bcrypt.dll
0x00007fff8a8a0000 - 0x00007fff8a8d2000 	C:\Program Files\Common Files\Microsoft Shared\Ink\rtscom.dll
0x00000000591b0000 - 0x00000000591c1000 	C:\Program Files\Java\jre1.8.0_111\bin\prism_common.dll
0x00007fff89240000 - 0x00007fff893d2000 	C:\Windows\SYSTEM32\dbghelp.dll

VM Arguments:
jvm_args: -Dfile.encoding=Cp1250 
java_command: application.Main
java_class_path (initial): H:\Projekty\alleyOfDeath\bin;C:\Users\Famiru\.p2\pool\plugins\org.eclipse.fx.ide.css.jfx8_2.4.0.201605112122.jar
Launcher Type: SUN_STANDARD

Environment Variables:
PATH=C:/Program Files/Java/jre1.8.0_112/bin/server;C:/Program Files/Java/jre1.8.0_112/bin;C:/Program Files/Java/jre1.8.0_112/lib/amd64;C:\Program Files (x86)\NVIDIA Corporation\PhysX\Common;C:\ProgramData\Oracle\Java\javapath;C:\Windows\system32;C:\Windows;C:\Windows\System32\Wbem;C:\Windows\System32\WindowsPowerShell\v1.0\;C:\Program Files (x86)\Skype\Phone\;C:\Users\Famiru\AppData\Local\Microsoft\WindowsApps;;C:\Users\Famiru\Desktop\Programs;
USERNAME=Famiru
OS=Windows_NT
PROCESSOR_IDENTIFIER=Intel64 Family 6 Model 60 Stepping 3, GenuineIntel



---------------  S Y S T E M  ---------------

OS: Windows 10.0 , 64 bit Build 14393 (10.0.14393.0)

CPU:total 4 (4 cores per cpu, 1 threads per core) family 6 model 60 stepping 3, cmov, cx8, fxsr, mmx, sse, sse2, sse3, ssse3, sse4.1, sse4.2, popcnt, avx, avx2, aes, clmul, erms, lzcnt, tsc, tscinvbit, bmi1, bmi2

Memory: 4k page, physical 8336776k(4274380k free), swap 9647496k(4608024k free)

vm_info: Java HotSpot(TM) 64-Bit Server VM (25.111-b14) for windows-amd64 JRE (1.8.0_111-b14), built on Sep 22 2016 19:24:05 by "java_re" with MS VC++ 10.0 (VS2010)

time: Mon Jan 16 21:35:09 2017
elapsed time: 10 seconds (0d 0h 0m 10s)

