#
# A fatal error has been detected by the Java Runtime Environment:
#
#  EXCEPTION_ACCESS_VIOLATION (0xc0000005) at pc=0x000000005abf584a, pid=6956, tid=0x0000000000001d80
#
# JRE version: Java(TM) SE Runtime Environment (8.0_111-b14) (build 1.8.0_111-b14)
# Java VM: Java HotSpot(TM) 64-Bit Server VM (25.111-b14 mixed mode windows-amd64 compressed oops)
# Problematic frame:
# C  [glass.dll+0x2584a]
#
# Failed to write core dump. Minidumps are not enabled by default on client versions of Windows
#
# If you would like to submit a bug report, please visit:
#   http://bugreport.java.com/bugreport/crash.jsp
#

---------------  T H R E A D  ---------------

Current thread (0x00000000174b7800):  VMThread [stack: 0x0000000018540000,0x0000000018640000] [id=7552]

siginfo: ExceptionCode=0xc0000005, reading address 0x0000000000000000

Registers:
RAX=0x0000000000000000, RBX=0x0000000019591888, RCX=0x00000000174b7800, RDX=0x0000000019591888
RSP=0x000000001863f0f0, RBP=0x000000001a498640, RSI=0x0000000000000001, RDI=0x0000000000000000
R8 =0x0000000000010002, R9 =0x000000001a498640, R10=0x0000000000000000, R11=0x0000000000000246
R12=0x000000001a498670, R13=0x000000001a498640, R14=0x000000001a498650, R15=0x0000000000000000
RIP=0x000000005abf584a, EFLAGS=0x0000000000010206

Top of Stack: (sp=0x000000001863f0f0)
0x000000001863f0f0:   0000000000000000 000000005abf5900
0x000000001863f100:   0000000000000000 000000001a498640
0x000000001863f110:   000000005abf5830 000000005abf3224
0x000000001863f120:   000000005ac091b0 00007ffd49e6f81a
0x000000001863f130:   0000000000000001 00000000028df5e0
0x000000001863f140:   000000005abf3384 000000005abd0000
0x000000001863f150:   00007ffd210431b0 000000005abf34a6
0x000000001863f160:   0000000000000001 00000000028df5e0
0x000000001863f170:   0000000000000000 0000000000000000
0x000000001863f180:   c000000500000001 000000001863e250
0x000000001863f190:   000000005abf3384 00007ffd20f1a35f
0x000000001863f1a0:   0000000000000000 0000000000000001
0x000000001863f1b0:   000000005abd0000 0000000000000000
0x000000001863f1c0:   0000ec7f17ff09d6 0000000000b3fc60
0x000000001863f1d0:   00007ffd201f4600 0000000002831600
0x000000001863f1e0:   0000000002831600 000000001a453700 

Instructions: (pc=0x000000005abf584a)
0x000000005abf582a:   83 c4 20 5d c3 cc 40 53 48 83 ec 20 48 8b 1d cb
0x000000005abf583a:   5b 01 00 48 85 db 74 1a e8 19 93 ff ff 48 8b d3
0x000000005abf584a:   4c 8b 00 48 8b c8 48 83 c4 20 5b 49 ff a0 b0 00
0x000000005abf585a:   00 00 48 83 c4 20 5b c3 cc cc cc cc cc cc cc cc 


Register to memory mapping:

RAX=0x0000000000000000 is an unknown value
RBX=0x0000000019591888 is a global jni handle
RCX=0x00000000174b7800 is an unknown value
RDX=0x0000000019591888 is a global jni handle
RSP=0x000000001863f0f0 is an unknown value
RBP=0x000000001a498640 is an unknown value
RSI=0x0000000000000001 is an unknown value
RDI=0x0000000000000000 is an unknown value
R8 =0x0000000000010002 is an unknown value
R9 =0x000000001a498640 is an unknown value
R10=0x0000000000000000 is an unknown value
R11=0x0000000000000246 is an unknown value
R12=0x000000001a498670 is an unknown value
R13=0x000000001a498640 is an unknown value
R14=0x000000001a498650 is an unknown value
R15=0x0000000000000000 is an unknown value


Stack: [0x0000000018540000,0x0000000018640000],  sp=0x000000001863f0f0,  free space=1020k
Native frames: (J=compiled Java code, j=interpreted, Vv=VM code, C=native code)
C  [glass.dll+0x2584a]
C  [glass.dll+0x23224]
C  [glass.dll+0x234a6]
C  [ntdll.dll+0x2a35f]
C  [ntdll.dll+0x806b]
C  [ntdll.dll+0x7d94]
C  [KERNEL32.DLL+0x1ce6a]
C  [msvcr100.dll+0x20ccd]
V  [jvm.dll+0x212ca5]
V  [jvm.dll+0x24ba27]
V  [jvm.dll+0x24acc6]
V  [jvm.dll+0x24b161]
V  [jvm.dll+0x24b37e]
V  [jvm.dll+0x29c43a]
C  [msvcr100.dll+0x21d9f]
C  [msvcr100.dll+0x21e3b]
C  [KERNEL32.DLL+0x8364]
C  [ntdll.dll+0x670d1]

VM_Operation (0x000000001a829490): Exit, mode: safepoint, requested by thread 0x0000000019594800


---------------  P R O C E S S  ---------------

Java Threads: ( => current thread )
  0x0000000019a93800 JavaThread "Glass/Prism Shutdown Hook" [_thread_blocked, id=5784, stack(0x0000000021840000,0x0000000021940000)]
  0x0000000019771000 JavaThread "Prism Font Disposer" daemon [_thread_blocked, id=1220, stack(0x000000001f570000,0x000000001f670000)]
  0x0000000019672800 JavaThread "Thread-3" daemon [_thread_in_native, id=10728, stack(0x000000001d730000,0x000000001d830000)]
  0x0000000019613800 JavaThread "JavaFX-Launcher" [_thread_blocked, id=6020, stack(0x000000001d830000,0x000000001d930000)]
  0x0000000019594800 JavaThread "JavaFX Application Thread" [_thread_blocked, id=4680, stack(0x000000001a730000,0x000000001a830000)]
  0x0000000019230000 JavaThread "Thread-1" daemon [_thread_blocked, id=4488, stack(0x000000001a630000,0x000000001a730000)]
  0x0000000019224000 JavaThread "QuantumRenderer-0" daemon [_thread_blocked, id=7028, stack(0x0000000019d80000,0x0000000019e80000)]
  0x0000000018e66000 JavaThread "Service Thread" daemon [_thread_blocked, id=15736, stack(0x0000000019240000,0x0000000019340000)]
  0x00000000174f9000 JavaThread "C1 CompilerThread2" daemon [_thread_blocked, id=14064, stack(0x0000000018d40000,0x0000000018e40000)]
  0x00000000174f2000 JavaThread "C2 CompilerThread1" daemon [_thread_blocked, id=12828, stack(0x0000000018c40000,0x0000000018d40000)]
  0x00000000174ee800 JavaThread "C2 CompilerThread0" daemon [_thread_blocked, id=4732, stack(0x0000000018b40000,0x0000000018c40000)]
  0x00000000174ed000 JavaThread "Attach Listener" daemon [_thread_blocked, id=13064, stack(0x0000000018a40000,0x0000000018b40000)]
  0x000000000293a800 JavaThread "Finalizer" daemon [_thread_blocked, id=12140, stack(0x0000000018740000,0x0000000018840000)]
  0x0000000002930000 JavaThread "Reference Handler" daemon [_thread_blocked, id=15960, stack(0x0000000018640000,0x0000000018740000)]
  0x0000000002840800 JavaThread "main" [_thread_blocked, id=7220, stack(0x0000000002660000,0x0000000002760000)]

Other Threads:
=>0x00000000174b7800 VMThread [stack: 0x0000000018540000,0x0000000018640000] [id=7552]

VM state:at safepoint (shutting down)

VM Mutex/Monitor currently owned by a thread:  ([mutex/lock_event])
[0x000000000283c250] Threads_lock - owner thread: 0x00000000174b7800

Heap:
 PSYoungGen      total 38400K, used 29073K [0x00000000d5980000, 0x00000000d8400000, 0x0000000100000000)
  eden space 33280K, 87% used [0x00000000d5980000,0x00000000d75e45a0,0x00000000d7a00000)
  from space 5120K, 0% used [0x00000000d7f00000,0x00000000d7f00000,0x00000000d8400000)
  to   space 5120K, 0% used [0x00000000d7a00000,0x00000000d7a00000,0x00000000d7f00000)
 ParOldGen       total 87552K, used 0K [0x0000000080c00000, 0x0000000086180000, 0x00000000d5980000)
  object space 87552K, 0% used [0x0000000080c00000,0x0000000080c00000,0x0000000086180000)
 Metaspace       used 12583K, capacity 13122K, committed 13184K, reserved 1060864K
  class space    used 1733K, capacity 1876K, committed 1920K, reserved 1048576K

Card table byte_map: [0x0000000011d00000,0x0000000012100000] byte_map_base: 0x00000000118fa000

Marking Bits: (ParMarkBitMap*) 0x000000005bf7a6c0
 Begin Bits: [0x00000000127b0000, 0x0000000014780000)
 End Bits:   [0x0000000014780000, 0x0000000016750000)

Polling page: 0x0000000000ae0000

CodeCache: size=245760Kb used=4444Kb max_used=4451Kb free=241315Kb
 bounds [0x0000000002940000, 0x0000000002da0000, 0x0000000011940000]
 total_blobs=2000 nmethods=1385 adapters=527
 compilation: enabled

Compilation events (10 events):
Event: 4.288 Thread 0x00000000174f9000 nmethod 1376 0x0000000002d8a710 code [0x0000000002d8a860, 0x0000000002d8a970]
Event: 4.288 Thread 0x00000000174f9000 1379       1       java.util.Collections$EmptyIterator::hasNext (2 bytes)
Event: 4.288 Thread 0x00000000174f9000 nmethod 1379 0x0000000002d8a450 code [0x0000000002d8a5a0, 0x0000000002d8a6b0]
Event: 4.299 Thread 0x00000000174ee800 nmethod 1372 0x0000000002d999d0 code [0x0000000002d99ba0, 0x0000000002d9a4f0]
Event: 4.313 Thread 0x00000000174f9000 1383       3       com.sun.javafx.tk.quantum.QuantumToolkit$$Lambda$43/1735890456::run (8 bytes)
Event: 4.313 Thread 0x00000000174f9000 nmethod 1383 0x0000000002d89c50 code [0x0000000002d89e00, 0x0000000002d8a248]
Event: 4.313 Thread 0x00000000174f9000 1384   !   3       com.sun.javafx.tk.quantum.QuantumToolkit::lambda$runToolkit$405 (16 bytes)
Event: 4.313 Thread 0x00000000174f9000 nmethod 1384 0x0000000002d992d0 code [0x0000000002d99460, 0x0000000002d99828]
Event: 4.376 Thread 0x00000000174f9000 1385       3       sun.util.logging.PlatformLogger::isLoggable (38 bytes)
Event: 4.376 Thread 0x00000000174f9000 nmethod 1385 0x0000000002d98bd0 code [0x0000000002d98d60, 0x0000000002d99168]

GC Heap History (0 events):
No events

Deoptimization events (10 events):
Event: 0.424 Thread 0x0000000019594800 Uncommon trap: reason=class_check action=maybe_recompile pc=0x0000000002b7d460 method=java.io.DataInputStream.readShort()S @ 4
Event: 0.424 Thread 0x0000000019594800 Uncommon trap: reason=class_check action=maybe_recompile pc=0x0000000002b7d460 method=java.io.DataInputStream.readShort()S @ 4
Event: 0.429 Thread 0x0000000019594800 Uncommon trap: reason=class_check action=maybe_recompile pc=0x0000000002a5e230 method=java.lang.String.equals(Ljava/lang/Object;)Z @ 8
Event: 0.429 Thread 0x0000000019594800 Uncommon trap: reason=class_check action=maybe_recompile pc=0x0000000002a5e230 method=java.lang.String.equals(Ljava/lang/Object;)Z @ 8
Event: 0.430 Thread 0x0000000019594800 Uncommon trap: reason=class_check action=maybe_recompile pc=0x0000000002a5e230 method=java.lang.String.equals(Ljava/lang/Object;)Z @ 8
Event: 0.463 Thread 0x0000000019594800 Uncommon trap: reason=class_check action=maybe_recompile pc=0x0000000002a5e230 method=java.lang.String.equals(Ljava/lang/Object;)Z @ 8
Event: 0.471 Thread 0x0000000019594800 Uncommon trap: reason=unstable_if action=reinterpret pc=0x0000000002b33880 method=java.lang.CharacterData.of(I)Ljava/lang/CharacterData; @ 4
Event: 0.476 Thread 0x0000000019594800 Uncommon trap: reason=unstable_if action=reinterpret pc=0x0000000002bee2a0 method=sun.net.www.ParseUtil.encodePath(Ljava/lang/String;Z)Ljava/lang/String; @ 109
Event: 1.370 Thread 0x0000000019594800 Uncommon trap: reason=unstable_if action=reinterpret pc=0x0000000002c39de8 method=jdk.internal.org.objectweb.asm.Type.getArgumentsAndReturnSizes(Ljava/lang/String;)I @ 47
Event: 3.520 Thread 0x0000000019594800 Uncommon trap: reason=class_check action=maybe_recompile pc=0x0000000002c1dc00 method=sun.misc.URLClassPath.getLoader(I)Lsun/misc/URLClassPath$Loader; @ 193

Internal exceptions (10 events):
Event: 0.091 Thread 0x0000000002840800 Exception <a 'java/lang/NoSuchFieldError': method resolution failed> (0x00000000d5ba4928) thrown at [C:\re\workspace\8-2-build-windows-amd64-cygwin\jdk8u111\7883\hotspot\src\share\vm\prims\methodHandles.cpp, line 1146]
Event: 0.105 Thread 0x0000000002840800 Exception <a 'java/security/PrivilegedActionException'> (0x00000000d5c2eff0) thrown at [C:\re\workspace\8-2-build-windows-amd64-cygwin\jdk8u111\7883\hotspot\src\share\vm\prims\jvm.cpp, line 1386]
Event: 0.105 Thread 0x0000000002840800 Exception <a 'java/security/PrivilegedActionException'> (0x00000000d5c2f200) thrown at [C:\re\workspace\8-2-build-windows-amd64-cygwin\jdk8u111\7883\hotspot\src\share\vm\prims\jvm.cpp, line 1386]
Event: 0.106 Thread 0x0000000002840800 Exception <a 'java/security/PrivilegedActionException'> (0x00000000d5c32e48) thrown at [C:\re\workspace\8-2-build-windows-amd64-cygwin\jdk8u111\7883\hotspot\src\share\vm\prims\jvm.cpp, line 1386]
Event: 0.106 Thread 0x0000000002840800 Exception <a 'java/security/PrivilegedActionException'> (0x00000000d5c33058) thrown at [C:\re\workspace\8-2-build-windows-amd64-cygwin\jdk8u111\7883\hotspot\src\share\vm\prims\jvm.cpp, line 1386]
Event: 0.106 Thread 0x0000000002840800 Exception <a 'java/lang/NullPointerException'> (0x00000000d5c33630) thrown at [C:\re\workspace\8-2-build-windows-amd64-cygwin\jdk8u111\7883\hotspot\src\share\vm\interpreter\linkResolver.cpp, line 1178]
Event: 0.267 Thread 0x0000000019594800 Exception <a 'java/lang/NullPointerException'> (0x00000000d651d3c0) thrown at [C:\re\workspace\8-2-build-windows-amd64-cygwin\jdk8u111\7883\hotspot\src\share\vm\interpreter\linkResolver.cpp, line 1178]
Event: 0.267 Thread 0x0000000019594800 Exception <a 'java/lang/NullPointerException'> (0x00000000d651d3c0) thrown at [C:\re\workspace\8-2-build-windows-amd64-cygwin\jdk8u111\7883\hotspot\src\share\vm\prims\jvm.cpp, line 1390]
Event: 0.342 Thread 0x0000000019594800 Implicit null exception at 0x0000000002b8e475 to 0x0000000002b8e645
Event: 4.381 Thread 0x0000000019a93800 Exception <a 'java/lang/IllegalStateException'> (0x00000000d7544358) thrown at [C:\re\workspace\8-2-build-windows-amd64-cygwin\jdk8u111\7883\hotspot\src\share\vm\prims\jvm.cpp, line 1390]

Events (10 events):
Event: 4.380 loading class com/sun/javafx/tk/quantum/QuantumRenderer
Event: 4.380 loading class com/sun/javafx/tk/quantum/QuantumRenderer done
Event: 4.381 loading class java/util/LinkedList$ListItr
Event: 4.381 loading class com/sun/javafx/tk/quantum/QuantumToolkit
Event: 4.381 loading class com/sun/javafx/tk/quantum/QuantumToolkit done
Event: 4.381 loading class java/util/LinkedList$ListItr done
Event: 4.381 loading class com/sun/prism/ResourceFactoryListener
Event: 4.381 loading class com/sun/prism/ResourceFactoryListener done
Event: 4.381 Thread 0x00000000174eb800 Thread exited: 0x00000000174eb800
Event: 4.381 Executing VM operation: Exit


Dynamic libraries:
0x00007ff764110000 - 0x00007ff764147000 	C:\Program Files\Java\jre1.8.0_111\bin\javaw.exe
0x00007ffd20ef0000 - 0x00007ffd210c1000 	C:\Windows\SYSTEM32\ntdll.dll
0x00007ffd20d90000 - 0x00007ffd20e3b000 	C:\Windows\System32\KERNEL32.DLL
0x00007ffd1dd20000 - 0x00007ffd1df3d000 	C:\Windows\System32\KERNELBASE.dll
0x00007ffd20e40000 - 0x00007ffd20ee2000 	C:\Windows\System32\ADVAPI32.dll
0x00007ffd206e0000 - 0x00007ffd2077e000 	C:\Windows\System32\msvcrt.dll
0x00007ffd20b80000 - 0x00007ffd20bd9000 	C:\Windows\System32\sechost.dll
0x00007ffd20780000 - 0x00007ffd208a1000 	C:\Windows\System32\RPCRT4.dll
0x00007ffd20020000 - 0x00007ffd20185000 	C:\Windows\System32\USER32.dll
0x00007ffd1dca0000 - 0x00007ffd1dcbe000 	C:\Windows\System32\win32u.dll
0x00007ffd20ce0000 - 0x00007ffd20d14000 	C:\Windows\System32\GDI32.dll
0x00007ffd1d3e0000 - 0x00007ffd1d562000 	C:\Windows\System32\gdi32full.dll
0x00007ffd14770000 - 0x00007ffd149e9000 	C:\Windows\WinSxS\amd64_microsoft.windows.common-controls_6595b64144ccf1df_6.0.14393.447_none_42191651c6827bb3\COMCTL32.dll
0x00007ffd20370000 - 0x00007ffd20638000 	C:\Windows\System32\combase.dll
0x00007ffd1dff0000 - 0x00007ffd1e0e5000 	C:\Windows\System32\ucrtbase.dll
0x00007ffd1e190000 - 0x00007ffd1e1fa000 	C:\Windows\System32\bcryptPrimitives.dll
0x00007ffd1e4e0000 - 0x00007ffd1e50e000 	C:\Windows\System32\IMM32.DLL
0x000000005c000000 - 0x000000005c0d2000 	C:\Program Files\Java\jre1.8.0_111\bin\msvcr100.dll
0x000000005b760000 - 0x000000005bffa000 	C:\Program Files\Java\jre1.8.0_111\bin\server\jvm.dll
0x00007ffd1fb60000 - 0x00007ffd1fb68000 	C:\Windows\System32\PSAPI.DLL
0x00007ffd195f0000 - 0x00007ffd195f9000 	C:\Windows\SYSTEM32\WSOCK32.dll
0x00007ffd20d20000 - 0x00007ffd20d8a000 	C:\Windows\System32\WS2_32.dll
0x00007ffd1b2e0000 - 0x00007ffd1b303000 	C:\Windows\SYSTEM32\WINMM.dll
0x00007ffd194a0000 - 0x00007ffd194aa000 	C:\Windows\SYSTEM32\VERSION.dll
0x00007ffd1b150000 - 0x00007ffd1b17b000 	C:\Windows\SYSTEM32\WINMMBASE.dll
0x00007ffd1d570000 - 0x00007ffd1d5b2000 	C:\Windows\System32\cfgmgr32.dll
0x000000005b750000 - 0x000000005b75f000 	C:\Program Files\Java\jre1.8.0_111\bin\verify.dll
0x000000005b720000 - 0x000000005b749000 	C:\Program Files\Java\jre1.8.0_111\bin\java.dll
0x000000005b700000 - 0x000000005b716000 	C:\Program Files\Java\jre1.8.0_111\bin\zip.dll
0x00007ffd1e510000 - 0x00007ffd1fa19000 	C:\Windows\System32\SHELL32.dll
0x00007ffd1d5c0000 - 0x00007ffd1dc9a000 	C:\Windows\System32\windows.storage.dll
0x00007ffd1d360000 - 0x00007ffd1d3ac000 	C:\Windows\System32\powrprof.dll
0x00007ffd20310000 - 0x00007ffd20362000 	C:\Windows\System32\shlwapi.dll
0x00007ffd1d350000 - 0x00007ffd1d35f000 	C:\Windows\System32\kernel.appcore.dll
0x00007ffd1df40000 - 0x00007ffd1dfe9000 	C:\Windows\System32\shcore.dll
0x00007ffd1d3b0000 - 0x00007ffd1d3c4000 	C:\Windows\System32\profapi.dll
0x00007ffcf7290000 - 0x00007ffcf737f000 	C:\Program Files\Java\jre1.8.0_111\bin\msvcr120.dll
0x00007ffcf80f0000 - 0x00007ffcf8196000 	C:\Program Files\Java\jre1.8.0_111\bin\msvcp120.dll
0x000000005b6d0000 - 0x000000005b6f2000 	C:\Program Files\Java\jre1.8.0_111\bin\prism_d3d.dll
0x00007ffd15d10000 - 0x00007ffd15e9d000 	C:\Windows\system32\d3d9.dll
0x00007ffd1b360000 - 0x00007ffd1b386000 	C:\Windows\SYSTEM32\dwmapi.dll
0x00007ffd1b8f0000 - 0x00007ffd1b985000 	C:\Windows\system32\uxtheme.dll
0x00007ffd18620000 - 0x00007ffd1879f000 	C:\Windows\System32\DriverStore\FileRepository\c0308178.inf_amd64_7bd007391790106e\aticfx64.dll
0x00007ffd009e0000 - 0x00007ffd00a09000 	C:\Windows\System32\DriverStore\FileRepository\c0308178.inf_amd64_7bd007391790106e\atiu9p64.dll
0x00007ffcf3760000 - 0x00007ffcf3fdf000 	C:\Windows\System32\DriverStore\FileRepository\c0308178.inf_amd64_7bd007391790106e\atiumd64.dll
0x000000005ac20000 - 0x000000005b6c8000 	C:\Windows\System32\DriverStore\FileRepository\c0308178.inf_amd64_7bd007391790106e\atiumd6a.dll
0x000000005abd0000 - 0x000000005ac13000 	C:\Program Files\Java\jre1.8.0_111\bin\glass.dll
0x00007ffd20be0000 - 0x00007ffd20cda000 	C:\Windows\System32\COMDLG32.dll
0x00007ffd1fa20000 - 0x00007ffd1fb57000 	C:\Windows\System32\ole32.dll
0x00007ffd20ac0000 - 0x00007ffd20b7f000 	C:\Windows\System32\OLEAUT32.dll
0x00007ffd1e0f0000 - 0x00007ffd1e18c000 	C:\Windows\System32\msvcp_win.dll
0x00007ffd201b0000 - 0x00007ffd2030b000 	C:\Windows\System32\MSCTF.dll
0x000000005abb0000 - 0x000000005abc4000 	C:\Program Files\Java\jre1.8.0_111\bin\javafx_font.dll
0x00007ffd16920000 - 0x00007ffd16b89000 	C:\Windows\SYSTEM32\dwrite.dll
0x000000005ab80000 - 0x000000005aba3000 	C:\Program Files\Java\jre1.8.0_111\bin\javafx_iio.dll
0x00007ffd20640000 - 0x00007ffd206df000 	C:\Windows\System32\clbcatq.dll
0x00007ffd1a660000 - 0x00007ffd1a808000 	C:\Windows\SYSTEM32\WindowsCodecs.dll
0x00007ffd0f240000 - 0x00007ffd0f289000 	C:\Windows\system32\dataexchange.dll
0x00007ffd190b0000 - 0x00007ffd19366000 	C:\Windows\system32\d3d11.dll
0x00007ffd1b180000 - 0x00007ffd1b2d1000 	C:\Windows\system32\dcomp.dll
0x00007ffd1c130000 - 0x00007ffd1c1cf000 	C:\Windows\system32\dxgi.dll
0x00007ffd1bc90000 - 0x00007ffd1bdac000 	C:\Windows\system32\twinapi.appcore.dll
0x00007ffd1cf30000 - 0x00007ffd1cf5b000 	C:\Windows\system32\bcrypt.dll
0x00007ffcfa3a0000 - 0x00007ffcfa3d2000 	C:\Program Files\Common Files\Microsoft Shared\Ink\rtscom.dll
0x000000005ab60000 - 0x000000005ab71000 	C:\Program Files\Java\jre1.8.0_111\bin\prism_common.dll
0x00007ffd12810000 - 0x00007ffd129a2000 	C:\Windows\SYSTEM32\dbghelp.dll

VM Arguments:
jvm_args: -Dfile.encoding=Cp1250 
java_command: application.Main
java_class_path (initial): H:\Projekty\alleyOfDeath\bin;C:\Users\Famiru\.p2\pool\plugins\org.eclipse.fx.ide.css.jfx8_2.4.0.201605112122.jar
Launcher Type: SUN_STANDARD

Environment Variables:
PATH=C:/Program Files/Java/jre1.8.0_112/bin/server;C:/Program Files/Java/jre1.8.0_112/bin;C:/Program Files/Java/jre1.8.0_112/lib/amd64;C:\Program Files (x86)\NVIDIA Corporation\PhysX\Common;C:\ProgramData\Oracle\Java\javapath;C:\Windows\system32;C:\Windows;C:\Windows\System32\Wbem;C:\Windows\System32\WindowsPowerShell\v1.0\;C:\Program Files (x86)\Skype\Phone\;C:\Users\Famiru\AppData\Local\Microsoft\WindowsApps;;C:\Users\Famiru\Desktop;
USERNAME=Famiru
OS=Windows_NT
PROCESSOR_IDENTIFIER=Intel64 Family 6 Model 60 Stepping 3, GenuineIntel



---------------  S Y S T E M  ---------------

OS: Windows 10.0 , 64 bit Build 14393 (10.0.14393.0)

CPU:total 4 (4 cores per cpu, 1 threads per core) family 6 model 60 stepping 3, cmov, cx8, fxsr, mmx, sse, sse2, sse3, ssse3, sse4.1, sse4.2, popcnt, avx, avx2, aes, clmul, erms, lzcnt, tsc, tscinvbit, bmi1, bmi2

Memory: 4k page, physical 8336776k(4097604k free), swap 14403136k(8116836k free)

vm_info: Java HotSpot(TM) 64-Bit Server VM (25.111-b14) for windows-amd64 JRE (1.8.0_111-b14), built on Sep 22 2016 19:24:05 by "java_re" with MS VC++ 10.0 (VS2010)

time: Tue Dec 27 19:12:55 2016
elapsed time: 4 seconds (0d 0h 0m 4s)

