#
# A fatal error has been detected by the Java Runtime Environment:
#
#  EXCEPTION_ACCESS_VIOLATION (0xc0000005) at pc=0x000000005abf584a, pid=8880, tid=0x0000000000002124
#
# JRE version: Java(TM) SE Runtime Environment (8.0_111-b14) (build 1.8.0_111-b14)
# Java VM: Java HotSpot(TM) 64-Bit Server VM (25.111-b14 mixed mode windows-amd64 compressed oops)
# Problematic frame:
# C  [glass.dll+0x2584a]
#
# Failed to write core dump. Minidumps are not enabled by default on client versions of Windows
#
# If you would like to submit a bug report, please visit:
#   http://bugreport.java.com/bugreport/crash.jsp
#

---------------  T H R E A D  ---------------

Current thread (0x0000000016fe7800):  VMThread [stack: 0x0000000018070000,0x0000000018170000] [id=8484]

siginfo: ExceptionCode=0xc0000005, reading address 0x0000000000000000

Registers:
RAX=0x0000000000000000, RBX=0x00000000190c6ab0, RCX=0x0000000016fe7800, RDX=0x00000000190c6ab0
RSP=0x000000001816f570, RBP=0x000000001a169710, RSI=0x0000000000000001, RDI=0x0000000000000000
R8 =0x0000000000010002, R9 =0x000000001a169710, R10=0x0000000000000000, R11=0x0000000000000246
R12=0x000000001a169740, R13=0x000000001a169710, R14=0x000000001a169720, R15=0x0000000000000000
RIP=0x000000005abf584a, EFLAGS=0x0000000000010202

Top of Stack: (sp=0x000000001816f570)
0x000000001816f570:   0000000000000000 000000005abf5900
0x000000001816f580:   0000000000000000 000000001a169710
0x000000001816f590:   000000005abf5830 000000005abf3224
0x000000001816f5a0:   000000005ac091b0 00007ffd9e13307b
0x000000001816f5b0:   0000000000000001 00000000023df5e0
0x000000001816f5c0:   000000005abf3384 000000005abd0000
0x000000001816f5d0:   00007ffd210431b0 000000005abf34a6
0x000000001816f5e0:   0000000000000001 00000000023df5e0
0x000000001816f5f0:   0000000000000000 0000000000000000
0x000000001816f600:   c000000500000001 000000001816e6d0
0x000000001816f610:   000000005abf3384 00007ffd20f1a35f
0x000000001816f620:   0000000000000000 0000000000000001
0x000000001816f630:   000000005abd0000 0000000000000000
0x000000001816f640:   0000b7b6086fa627 000000000073f180
0x000000001816f650:   00007ffd201f4600 00000000021d1600
0x000000001816f660:   00000000021d1600 000000001a124910 

Instructions: (pc=0x000000005abf584a)
0x000000005abf582a:   83 c4 20 5d c3 cc 40 53 48 83 ec 20 48 8b 1d cb
0x000000005abf583a:   5b 01 00 48 85 db 74 1a e8 19 93 ff ff 48 8b d3
0x000000005abf584a:   4c 8b 00 48 8b c8 48 83 c4 20 5b 49 ff a0 b0 00
0x000000005abf585a:   00 00 48 83 c4 20 5b c3 cc cc cc cc cc cc cc cc 


Register to memory mapping:

RAX=0x0000000000000000 is an unknown value
RBX=0x00000000190c6ab0 is a global jni handle
RCX=0x0000000016fe7800 is an unknown value
RDX=0x00000000190c6ab0 is a global jni handle
RSP=0x000000001816f570 is an unknown value
RBP=0x000000001a169710 is an unknown value
RSI=0x0000000000000001 is an unknown value
RDI=0x0000000000000000 is an unknown value
R8 =0x0000000000010002 is an unknown value
R9 =0x000000001a169710 is an unknown value
R10=0x0000000000000000 is an unknown value
R11=0x0000000000000246 is an unknown value
R12=0x000000001a169740 is an unknown value
R13=0x000000001a169710 is an unknown value
R14=0x000000001a169720 is an unknown value
R15=0x0000000000000000 is an unknown value


Stack: [0x0000000018070000,0x0000000018170000],  sp=0x000000001816f570,  free space=1021k
Native frames: (J=compiled Java code, j=interpreted, Vv=VM code, C=native code)
C  [glass.dll+0x2584a]
C  [glass.dll+0x23224]
C  [glass.dll+0x234a6]
C  [ntdll.dll+0x2a35f]
C  [ntdll.dll+0x806b]
C  [ntdll.dll+0x7d94]
C  [KERNEL32.DLL+0x1ce6a]
C  [msvcr100.dll+0x20ccd]
V  [jvm.dll+0x212ca5]
V  [jvm.dll+0x24ba27]
V  [jvm.dll+0x24acc6]
V  [jvm.dll+0x24b161]
V  [jvm.dll+0x24b37e]
V  [jvm.dll+0x29c43a]
C  [msvcr100.dll+0x21d9f]
C  [msvcr100.dll+0x21e3b]
C  [KERNEL32.DLL+0x8364]
C  [ntdll.dll+0x670d1]

VM_Operation (0x000000001a4a9be0): Exit, mode: safepoint, requested by thread 0x00000000190bd000


---------------  P R O C E S S  ---------------

Java Threads: ( => current thread )
  0x00000000192a3800 JavaThread "Prism Font Disposer" daemon [_thread_blocked, id=11572, stack(0x000000001f250000,0x000000001f350000)]
  0x000000001916e000 JavaThread "Thread-3" daemon [_thread_in_native, id=7616, stack(0x000000001d3b0000,0x000000001d4b0000)]
  0x000000001919c000 JavaThread "JavaFX-Launcher" [_thread_blocked, id=8052, stack(0x000000001d4b0000,0x000000001d5b0000)]
  0x00000000190bd000 JavaThread "JavaFX Application Thread" [_thread_blocked, id=4976, stack(0x000000001a3b0000,0x000000001a4b0000)]
  0x0000000018d6a000 JavaThread "Thread-1" daemon [_thread_blocked, id=11180, stack(0x000000001a2b0000,0x000000001a3b0000)]
  0x0000000018d5c800 JavaThread "QuantumRenderer-0" daemon [_thread_blocked, id=10576, stack(0x00000000198b0000,0x00000000199b0000)]
  0x0000000018998800 JavaThread "Service Thread" daemon [_thread_blocked, id=9568, stack(0x0000000018d70000,0x0000000018e70000)]
  0x0000000017032000 JavaThread "C1 CompilerThread2" daemon [_thread_blocked, id=5436, stack(0x0000000018870000,0x0000000018970000)]
  0x000000001702f000 JavaThread "C2 CompilerThread1" daemon [_thread_blocked, id=10492, stack(0x0000000018770000,0x0000000018870000)]
  0x000000001701c800 JavaThread "C2 CompilerThread0" daemon [_thread_blocked, id=10168, stack(0x0000000018670000,0x0000000018770000)]
  0x000000001701b000 JavaThread "Attach Listener" daemon [_thread_blocked, id=648, stack(0x0000000018570000,0x0000000018670000)]
  0x000000001701a800 JavaThread "Signal Dispatcher" daemon [_thread_blocked, id=488, stack(0x0000000018470000,0x0000000018570000)]
  0x000000001700a000 JavaThread "Finalizer" daemon [_thread_blocked, id=9284, stack(0x0000000018270000,0x0000000018370000)]
  0x000000000242f000 JavaThread "Reference Handler" daemon [_thread_blocked, id=6456, stack(0x0000000018170000,0x0000000018270000)]
  0x0000000002340800 JavaThread "main" [_thread_blocked, id=14628, stack(0x0000000002240000,0x0000000002340000)]

Other Threads:
=>0x0000000016fe7800 VMThread [stack: 0x0000000018070000,0x0000000018170000] [id=8484]

VM state:at safepoint (shutting down)

VM Mutex/Monitor currently owned by a thread:  ([mutex/lock_event])
[0x00000000021dc350] Threads_lock - owner thread: 0x0000000016fe7800

Heap:
 PSYoungGen      total 38400K, used 31636K [0x00000000d5980000, 0x00000000d8400000, 0x0000000100000000)
  eden space 33280K, 95% used [0x00000000d5980000,0x00000000d78653b8,0x00000000d7a00000)
  from space 5120K, 0% used [0x00000000d7f00000,0x00000000d7f00000,0x00000000d8400000)
  to   space 5120K, 0% used [0x00000000d7a00000,0x00000000d7a00000,0x00000000d7f00000)
 ParOldGen       total 87552K, used 0K [0x0000000080c00000, 0x0000000086180000, 0x00000000d5980000)
  object space 87552K, 0% used [0x0000000080c00000,0x0000000080c00000,0x0000000086180000)
 Metaspace       used 12770K, capacity 13382K, committed 13440K, reserved 1060864K
  class space    used 1746K, capacity 1918K, committed 1920K, reserved 1048576K

Card table byte_map: [0x0000000011800000,0x0000000011c00000] byte_map_base: 0x00000000113fa000

Marking Bits: (ParMarkBitMap*) 0x000000005bf7a6c0
 Begin Bits: [0x00000000122b0000, 0x0000000014280000)
 End Bits:   [0x0000000014280000, 0x0000000016250000)

Polling page: 0x00000000021e0000

CodeCache: size=245760Kb used=5198Kb max_used=5209Kb free=240562Kb
 bounds [0x0000000002440000, 0x0000000002960000, 0x0000000011440000]
 total_blobs=2288 nmethods=1669 adapters=531
 compilation: enabled

Compilation events (10 events):
Event: 18.169 Thread 0x0000000017032000 nmethod 1664 0x0000000002954a10 code [0x0000000002954b60, 0x0000000002954c70]
Event: 18.170 Thread 0x0000000017032000 1666       3       com.sun.javafx.geom.RectBounds::setBounds (33 bytes)
Event: 18.170 Thread 0x0000000017032000 nmethod 1666 0x0000000002954cd0 code [0x0000000002954e40, 0x0000000002955330]
Event: 18.278 Thread 0x0000000017032000 1667       3       com.sun.javafx.css.PseudoClassState::cast (6 bytes)
Event: 18.278 Thread 0x0000000017032000 nmethod 1667 0x0000000002955490 code [0x0000000002955620, 0x0000000002955a28]
Event: 18.278 Thread 0x0000000017032000 1668       3       com.sun.javafx.css.PseudoClassState::cast (21 bytes)
Event: 18.278 Thread 0x0000000017032000 nmethod 1668 0x0000000002955b90 code [0x0000000002955d00, 0x0000000002956048]
Event: 18.279 Thread 0x000000001701c800 1669       4       com.sun.glass.ui.Application::checkEventThread (48 bytes)
Event: 18.280 Thread 0x000000001701c800 nmethod 1669 0x000000000291de50 code [0x000000000291df80, 0x000000000291dff8]
Event: 18.281 Thread 0x0000000017032000 1670       3       java.lang.invoke.MethodHandleNatives::isCallerSensitive (29 bytes)

GC Heap History (0 events):
No events

Deoptimization events (10 events):
Event: 0.449 Thread 0x00000000190bd000 Uncommon trap: reason=class_check action=maybe_recompile pc=0x0000000002672be0 method=java.io.DataInputStream.readShort()S @ 4
Event: 0.453 Thread 0x00000000190bd000 Uncommon trap: reason=class_check action=maybe_recompile pc=0x000000000255dcf0 method=java.lang.String.equals(Ljava/lang/Object;)Z @ 8
Event: 0.453 Thread 0x00000000190bd000 Uncommon trap: reason=class_check action=maybe_recompile pc=0x000000000255dcf0 method=java.lang.String.equals(Ljava/lang/Object;)Z @ 8
Event: 0.453 Thread 0x00000000190bd000 Uncommon trap: reason=class_check action=maybe_recompile pc=0x000000000255dcf0 method=java.lang.String.equals(Ljava/lang/Object;)Z @ 8
Event: 0.490 Thread 0x00000000190bd000 Uncommon trap: reason=class_check action=maybe_recompile pc=0x000000000255dcf0 method=java.lang.String.equals(Ljava/lang/Object;)Z @ 8
Event: 0.499 Thread 0x00000000190bd000 Uncommon trap: reason=unstable_if action=reinterpret pc=0x0000000002634700 method=java.lang.CharacterData.of(I)Ljava/lang/CharacterData; @ 4
Event: 0.504 Thread 0x00000000190bd000 Uncommon trap: reason=unstable_if action=reinterpret pc=0x00000000026ed8e0 method=sun.net.www.ParseUtil.encodePath(Ljava/lang/String;Z)Ljava/lang/String; @ 109
Event: 3.305 Thread 0x00000000190bd000 Uncommon trap: reason=unstable_if action=reinterpret pc=0x00000000026f60a8 method=jdk.internal.org.objectweb.asm.Type.getArgumentsAndReturnSizes(Ljava/lang/String;)I @ 47
Event: 4.810 Thread 0x00000000190bd000 Uncommon trap: reason=unstable_if action=reinterpret pc=0x000000000281d790 method=java.util.HashMap.isEmpty()Z @ 4
Event: 4.892 Thread 0x00000000190bd000 Uncommon trap: reason=class_check action=maybe_recompile pc=0x000000000271e140 method=sun.misc.URLClassPath.getLoader(I)Lsun/misc/URLClassPath$Loader; @ 193

Internal exceptions (10 events):
Event: 0.104 Thread 0x0000000002340800 Exception <a 'java/lang/NoSuchFieldError': method resolution failed> (0x00000000d5ba48e8) thrown at [C:\re\workspace\8-2-build-windows-amd64-cygwin\jdk8u111\7883\hotspot\src\share\vm\prims\methodHandles.cpp, line 1146]
Event: 0.117 Thread 0x0000000002340800 Exception <a 'java/security/PrivilegedActionException'> (0x00000000d5c2ec40) thrown at [C:\re\workspace\8-2-build-windows-amd64-cygwin\jdk8u111\7883\hotspot\src\share\vm\prims\jvm.cpp, line 1386]
Event: 0.117 Thread 0x0000000002340800 Exception <a 'java/security/PrivilegedActionException'> (0x00000000d5c2ee50) thrown at [C:\re\workspace\8-2-build-windows-amd64-cygwin\jdk8u111\7883\hotspot\src\share\vm\prims\jvm.cpp, line 1386]
Event: 0.117 Thread 0x0000000002340800 Exception <a 'java/security/PrivilegedActionException'> (0x00000000d5c32a98) thrown at [C:\re\workspace\8-2-build-windows-amd64-cygwin\jdk8u111\7883\hotspot\src\share\vm\prims\jvm.cpp, line 1386]
Event: 0.117 Thread 0x0000000002340800 Exception <a 'java/security/PrivilegedActionException'> (0x00000000d5c32ca8) thrown at [C:\re\workspace\8-2-build-windows-amd64-cygwin\jdk8u111\7883\hotspot\src\share\vm\prims\jvm.cpp, line 1386]
Event: 0.117 Thread 0x0000000002340800 Exception <a 'java/lang/NullPointerException'> (0x00000000d5c33280) thrown at [C:\re\workspace\8-2-build-windows-amd64-cygwin\jdk8u111\7883\hotspot\src\share\vm\interpreter\linkResolver.cpp, line 1178]
Event: 0.294 Thread 0x00000000190bd000 Exception <a 'java/lang/NullPointerException'> (0x00000000d651d648) thrown at [C:\re\workspace\8-2-build-windows-amd64-cygwin\jdk8u111\7883\hotspot\src\share\vm\interpreter\linkResolver.cpp, line 1178]
Event: 0.294 Thread 0x00000000190bd000 Exception <a 'java/lang/NullPointerException'> (0x00000000d651d648) thrown at [C:\re\workspace\8-2-build-windows-amd64-cygwin\jdk8u111\7883\hotspot\src\share\vm\prims\jvm.cpp, line 1390]
Event: 0.368 Thread 0x00000000190bd000 Implicit null exception at 0x00000000026835f5 to 0x00000000026837c5
Event: 18.281 Thread 0x000000001946f000 Exception <a 'java/lang/IllegalStateException'> (0x00000000d77c5130) thrown at [C:\re\workspace\8-2-build-windows-amd64-cygwin\jdk8u111\7883\hotspot\src\share\vm\prims\jvm.cpp, line 1390]

Events (10 events):
Event: 18.280 loading class com/sun/javafx/tk/quantum/QuantumRenderer
Event: 18.280 loading class com/sun/javafx/tk/quantum/QuantumRenderer done
Event: 18.281 loading class com/sun/javafx/tk/quantum/QuantumToolkit
Event: 18.281 loading class com/sun/javafx/tk/quantum/QuantumToolkit done
Event: 18.281 loading class java/util/LinkedList$ListItr
Event: 18.281 loading class java/util/LinkedList$ListItr done
Event: 18.281 Thread 0x000000001946f000 Thread exited: 0x000000001946f000
Event: 18.281 loading class com/sun/prism/ResourceFactoryListener
Event: 18.281 loading class com/sun/prism/ResourceFactoryListener done
Event: 18.281 Executing VM operation: Exit


Dynamic libraries:
0x00007ff764110000 - 0x00007ff764147000 	C:\Program Files\Java\jre1.8.0_111\bin\javaw.exe
0x00007ffd20ef0000 - 0x00007ffd210c1000 	C:\Windows\SYSTEM32\ntdll.dll
0x00007ffd20d90000 - 0x00007ffd20e3b000 	C:\Windows\System32\KERNEL32.DLL
0x00007ffd1dd20000 - 0x00007ffd1df3d000 	C:\Windows\System32\KERNELBASE.dll
0x00007ffd20e40000 - 0x00007ffd20ee2000 	C:\Windows\System32\ADVAPI32.dll
0x00007ffd206e0000 - 0x00007ffd2077e000 	C:\Windows\System32\msvcrt.dll
0x00007ffd20b80000 - 0x00007ffd20bd9000 	C:\Windows\System32\sechost.dll
0x00007ffd20780000 - 0x00007ffd208a1000 	C:\Windows\System32\RPCRT4.dll
0x00007ffd20020000 - 0x00007ffd20185000 	C:\Windows\System32\USER32.dll
0x00007ffd1dca0000 - 0x00007ffd1dcbe000 	C:\Windows\System32\win32u.dll
0x00007ffd20ce0000 - 0x00007ffd20d14000 	C:\Windows\System32\GDI32.dll
0x00007ffd1d3e0000 - 0x00007ffd1d562000 	C:\Windows\System32\gdi32full.dll
0x00007ffd14770000 - 0x00007ffd149e9000 	C:\Windows\WinSxS\amd64_microsoft.windows.common-controls_6595b64144ccf1df_6.0.14393.447_none_42191651c6827bb3\COMCTL32.dll
0x00007ffd20370000 - 0x00007ffd20638000 	C:\Windows\System32\combase.dll
0x00007ffd1dff0000 - 0x00007ffd1e0e5000 	C:\Windows\System32\ucrtbase.dll
0x00007ffd1e190000 - 0x00007ffd1e1fa000 	C:\Windows\System32\bcryptPrimitives.dll
0x00007ffd1e4e0000 - 0x00007ffd1e50e000 	C:\Windows\System32\IMM32.DLL
0x000000005c000000 - 0x000000005c0d2000 	C:\Program Files\Java\jre1.8.0_111\bin\msvcr100.dll
0x000000005b760000 - 0x000000005bffa000 	C:\Program Files\Java\jre1.8.0_111\bin\server\jvm.dll
0x00007ffd1fb60000 - 0x00007ffd1fb68000 	C:\Windows\System32\PSAPI.DLL
0x00007ffd195f0000 - 0x00007ffd195f9000 	C:\Windows\SYSTEM32\WSOCK32.dll
0x00007ffd20d20000 - 0x00007ffd20d8a000 	C:\Windows\System32\WS2_32.dll
0x00007ffd1b2e0000 - 0x00007ffd1b303000 	C:\Windows\SYSTEM32\WINMM.dll
0x00007ffd194a0000 - 0x00007ffd194aa000 	C:\Windows\SYSTEM32\VERSION.dll
0x00007ffd1b150000 - 0x00007ffd1b17b000 	C:\Windows\SYSTEM32\WINMMBASE.dll
0x00007ffd1d570000 - 0x00007ffd1d5b2000 	C:\Windows\System32\cfgmgr32.dll
0x000000005b750000 - 0x000000005b75f000 	C:\Program Files\Java\jre1.8.0_111\bin\verify.dll
0x000000005b720000 - 0x000000005b749000 	C:\Program Files\Java\jre1.8.0_111\bin\java.dll
0x000000005b700000 - 0x000000005b716000 	C:\Program Files\Java\jre1.8.0_111\bin\zip.dll
0x00007ffd1e510000 - 0x00007ffd1fa19000 	C:\Windows\System32\SHELL32.dll
0x00007ffd1d5c0000 - 0x00007ffd1dc9a000 	C:\Windows\System32\windows.storage.dll
0x00007ffd1d360000 - 0x00007ffd1d3ac000 	C:\Windows\System32\powrprof.dll
0x00007ffd20310000 - 0x00007ffd20362000 	C:\Windows\System32\shlwapi.dll
0x00007ffd1d350000 - 0x00007ffd1d35f000 	C:\Windows\System32\kernel.appcore.dll
0x00007ffd1df40000 - 0x00007ffd1dfe9000 	C:\Windows\System32\shcore.dll
0x00007ffd1d3b0000 - 0x00007ffd1d3c4000 	C:\Windows\System32\profapi.dll
0x00007ffcf7290000 - 0x00007ffcf737f000 	C:\Program Files\Java\jre1.8.0_111\bin\msvcr120.dll
0x00007ffcf80f0000 - 0x00007ffcf8196000 	C:\Program Files\Java\jre1.8.0_111\bin\msvcp120.dll
0x000000005b6d0000 - 0x000000005b6f2000 	C:\Program Files\Java\jre1.8.0_111\bin\prism_d3d.dll
0x00007ffd15d10000 - 0x00007ffd15e9d000 	C:\Windows\system32\d3d9.dll
0x00007ffd1b360000 - 0x00007ffd1b386000 	C:\Windows\SYSTEM32\dwmapi.dll
0x00007ffd1b8f0000 - 0x00007ffd1b985000 	C:\Windows\system32\uxtheme.dll
0x00007ffd18620000 - 0x00007ffd1879f000 	C:\Windows\System32\DriverStore\FileRepository\c0308178.inf_amd64_7bd007391790106e\aticfx64.dll
0x00007ffd009e0000 - 0x00007ffd00a09000 	C:\Windows\System32\DriverStore\FileRepository\c0308178.inf_amd64_7bd007391790106e\atiu9p64.dll
0x00007ffcf3760000 - 0x00007ffcf3fdf000 	C:\Windows\System32\DriverStore\FileRepository\c0308178.inf_amd64_7bd007391790106e\atiumd64.dll
0x000000005ac20000 - 0x000000005b6c8000 	C:\Windows\System32\DriverStore\FileRepository\c0308178.inf_amd64_7bd007391790106e\atiumd6a.dll
0x000000005abd0000 - 0x000000005ac13000 	C:\Program Files\Java\jre1.8.0_111\bin\glass.dll
0x00007ffd20be0000 - 0x00007ffd20cda000 	C:\Windows\System32\COMDLG32.dll
0x00007ffd1fa20000 - 0x00007ffd1fb57000 	C:\Windows\System32\ole32.dll
0x00007ffd20ac0000 - 0x00007ffd20b7f000 	C:\Windows\System32\OLEAUT32.dll
0x00007ffd1e0f0000 - 0x00007ffd1e18c000 	C:\Windows\System32\msvcp_win.dll
0x00007ffd201b0000 - 0x00007ffd2030b000 	C:\Windows\System32\MSCTF.dll
0x000000005abb0000 - 0x000000005abc4000 	C:\Program Files\Java\jre1.8.0_111\bin\javafx_font.dll
0x00007ffd16920000 - 0x00007ffd16b89000 	C:\Windows\SYSTEM32\dwrite.dll
0x000000005ab80000 - 0x000000005aba3000 	C:\Program Files\Java\jre1.8.0_111\bin\javafx_iio.dll
0x00007ffd20640000 - 0x00007ffd206df000 	C:\Windows\System32\clbcatq.dll
0x00007ffd1a660000 - 0x00007ffd1a808000 	C:\Windows\SYSTEM32\WindowsCodecs.dll
0x00007ffd0f240000 - 0x00007ffd0f289000 	C:\Windows\system32\dataexchange.dll
0x00007ffd190b0000 - 0x00007ffd19366000 	C:\Windows\system32\d3d11.dll
0x00007ffd1b180000 - 0x00007ffd1b2d1000 	C:\Windows\system32\dcomp.dll
0x00007ffd1c130000 - 0x00007ffd1c1cf000 	C:\Windows\system32\dxgi.dll
0x00007ffd1bc90000 - 0x00007ffd1bdac000 	C:\Windows\system32\twinapi.appcore.dll
0x00007ffd1cf30000 - 0x00007ffd1cf5b000 	C:\Windows\system32\bcrypt.dll
0x00007ffcfa3a0000 - 0x00007ffcfa3d2000 	C:\Program Files\Common Files\Microsoft Shared\Ink\rtscom.dll
0x000000005ab60000 - 0x000000005ab71000 	C:\Program Files\Java\jre1.8.0_111\bin\prism_common.dll
0x00007ffd12810000 - 0x00007ffd129a2000 	C:\Windows\SYSTEM32\dbghelp.dll

VM Arguments:
jvm_args: -Dfile.encoding=Cp1250 
java_command: application.Main
java_class_path (initial): H:\Projekty\alleyOfDeath\bin;C:\Users\Famiru\.p2\pool\plugins\org.eclipse.fx.ide.css.jfx8_2.4.0.201605112122.jar
Launcher Type: SUN_STANDARD

Environment Variables:
PATH=C:/Program Files/Java/jre1.8.0_112/bin/server;C:/Program Files/Java/jre1.8.0_112/bin;C:/Program Files/Java/jre1.8.0_112/lib/amd64;C:\Program Files (x86)\NVIDIA Corporation\PhysX\Common;C:\ProgramData\Oracle\Java\javapath;C:\Windows\system32;C:\Windows;C:\Windows\System32\Wbem;C:\Windows\System32\WindowsPowerShell\v1.0\;C:\Program Files (x86)\Skype\Phone\;C:\Users\Famiru\AppData\Local\Microsoft\WindowsApps;;C:\Users\Famiru\Desktop;
USERNAME=Famiru
OS=Windows_NT
PROCESSOR_IDENTIFIER=Intel64 Family 6 Model 60 Stepping 3, GenuineIntel



---------------  S Y S T E M  ---------------

OS: Windows 10.0 , 64 bit Build 14393 (10.0.14393.0)

CPU:total 4 (4 cores per cpu, 1 threads per core) family 6 model 60 stepping 3, cmov, cx8, fxsr, mmx, sse, sse2, sse3, ssse3, sse4.1, sse4.2, popcnt, avx, avx2, aes, clmul, erms, lzcnt, tsc, tscinvbit, bmi1, bmi2

Memory: 4k page, physical 8336776k(4054904k free), swap 14403136k(7829520k free)

vm_info: Java HotSpot(TM) 64-Bit Server VM (25.111-b14) for windows-amd64 JRE (1.8.0_111-b14), built on Sep 22 2016 19:24:05 by "java_re" with MS VC++ 10.0 (VS2010)

time: Tue Dec 27 19:12:41 2016
elapsed time: 18 seconds (0d 0h 0m 18s)

